01 05, 2022 21:31:57 下午 cn.how2j.diytomcat.Bootstrap logJVM
INFO : Server version:		How2J DiyTomcat/1.0.1
01 05, 2022 21:31:57 下午 cn.how2j.diytomcat.Bootstrap logJVM
INFO : Server built:		2020-04-08 10:20:22
01 05, 2022 21:31:57 下午 cn.how2j.diytomcat.Bootstrap logJVM
INFO : Server number:		1.0.1
01 05, 2022 21:31:57 下午 cn.how2j.diytomcat.Bootstrap logJVM
INFO : OS Name	:		Windows 10
01 05, 2022 21:31:57 下午 cn.how2j.diytomcat.Bootstrap logJVM
INFO : OS Version:		10.0
01 05, 2022 21:31:57 下午 cn.how2j.diytomcat.Bootstrap logJVM
INFO : Architecture:		amd64
01 05, 2022 21:31:57 下午 cn.how2j.diytomcat.Bootstrap logJVM
INFO : Java Home:		C:\Program Files\Java\jdk1.8.0_251\jre
01 05, 2022 21:31:57 下午 cn.how2j.diytomcat.Bootstrap logJVM
INFO : JVM Version:		1.8.0_251-b08
01 05, 2022 21:31:57 下午 cn.how2j.diytomcat.Bootstrap logJVM
INFO : JVM Vendor:		Oracle Corporation
01 05, 2022 21:53:54 下午 cn.how2j.diytomcat.Bootstrap logJVM
INFO : Server version:		How2J DiyTomcat/1.0.1
01 05, 2022 21:53:54 下午 cn.how2j.diytomcat.Bootstrap logJVM
INFO : Server built:		2020-04-08 10:20:22
01 05, 2022 21:53:54 下午 cn.how2j.diytomcat.Bootstrap logJVM
INFO : Server number:		1.0.1
01 05, 2022 21:53:54 下午 cn.how2j.diytomcat.Bootstrap logJVM
INFO : OS Name	:		Windows 10
01 05, 2022 21:53:54 下午 cn.how2j.diytomcat.Bootstrap logJVM
INFO : OS Version:		10.0
01 05, 2022 21:53:54 下午 cn.how2j.diytomcat.Bootstrap logJVM
INFO : Architecture:		amd64
01 05, 2022 21:53:54 下午 cn.how2j.diytomcat.Bootstrap logJVM
INFO : Java Home:		C:\Program Files\Java\jdk1.8.0_251\jre
01 05, 2022 21:53:54 下午 cn.how2j.diytomcat.Bootstrap logJVM
INFO : JVM Version:		1.8.0_251-b08
01 05, 2022 21:53:54 下午 cn.how2j.diytomcat.Bootstrap logJVM
INFO : JVM Vendor:		Oracle Corporation
01 05, 2022 21:54:58 下午 cn.how2j.diytomcat.Bootstrap logJVM
INFO : Server version:		How2J DiyTomcat/1.0.1
01 05, 2022 21:54:58 下午 cn.how2j.diytomcat.Bootstrap logJVM
INFO : Server built:		2020-04-08 10:20:22
01 05, 2022 21:54:58 下午 cn.how2j.diytomcat.Bootstrap logJVM
INFO : Server number:		1.0.1
01 05, 2022 21:54:58 下午 cn.how2j.diytomcat.Bootstrap logJVM
INFO : OS Name	:		Windows 10
01 05, 2022 21:54:58 下午 cn.how2j.diytomcat.Bootstrap logJVM
INFO : OS Version:		10.0
01 05, 2022 21:54:58 下午 cn.how2j.diytomcat.Bootstrap logJVM
INFO : Architecture:		amd64
01 05, 2022 21:54:58 下午 cn.how2j.diytomcat.Bootstrap logJVM
INFO : Java Home:		C:\Program Files\Java\jdk1.8.0_251\jre
01 05, 2022 21:54:58 下午 cn.how2j.diytomcat.Bootstrap logJVM
INFO : JVM Version:		1.8.0_251-b08
01 05, 2022 21:54:58 下午 cn.how2j.diytomcat.Bootstrap logJVM
INFO : JVM Vendor:		Oracle Corporation
