02 21, 2022 21:56:57 下午 cn.how2j.diytomcat.catalina.Context <init>
INFO : Deploying web application directory D:\tq_project\diytomcat\webapps\a
02 21, 2022 21:56:57 下午 cn.how2j.diytomcat.catalina.Context <init>
INFO : Deployment of web application directory D:\tq_project\diytomcat\webapps\a has finished in 142 ms
02 21, 2022 21:56:57 下午 cn.how2j.diytomcat.catalina.Context <init>
INFO : Deploying web application directory D:\tq_project\diytomcat\webapps\j2ee
02 21, 2022 21:56:57 下午 cn.how2j.diytomcat.catalina.Context <init>
INFO : Deployment of web application directory D:\tq_project\diytomcat\webapps\j2ee has finished in 6 ms
02 21, 2022 21:56:57 下午 cn.how2j.diytomcat.catalina.Context <init>
INFO : Deploying web application directory D:\tq_project\diytomcat\webapps\ROOT
02 21, 2022 21:56:57 下午 cn.how2j.diytomcat.catalina.Context <init>
INFO : Deployment of web application directory D:\tq_project\diytomcat\webapps\ROOT has finished in 2 ms
02 21, 2022 21:56:57 下午 cn.how2j.diytomcat.catalina.Context <init>
INFO : Deploying web application directory d:/tq_project/diytomcat/b
02 21, 2022 21:56:57 下午 cn.how2j.diytomcat.catalina.Context <init>
INFO : Deployment of web application directory d:/tq_project/diytomcat/b has finished in 2 ms
02 21, 2022 21:56:57 下午 cn.how2j.diytomcat.catalina.Context <init>
INFO : Deploying web application directory d:/tq_project/javaweb/web
02 21, 2022 21:56:57 下午 cn.how2j.diytomcat.catalina.Context <init>
INFO : Deployment of web application directory d:/tq_project/javaweb/web has finished in 4 ms
02 21, 2022 21:56:57 下午 cn.how2j.diytomcat.catalina.Server logJVM
INFO : Server version:		How2J DiyTomcat/1.0.1
02 21, 2022 21:56:57 下午 cn.how2j.diytomcat.catalina.Server logJVM
INFO : Server built:		2020-04-08 10:20:22
02 21, 2022 21:56:57 下午 cn.how2j.diytomcat.catalina.Server logJVM
INFO : Server number:		1.0.1
02 21, 2022 21:56:57 下午 cn.how2j.diytomcat.catalina.Server logJVM
INFO : OS Name	:		Windows 10
02 21, 2022 21:56:57 下午 cn.how2j.diytomcat.catalina.Server logJVM
INFO : OS Version:		10.0
02 21, 2022 21:56:57 下午 cn.how2j.diytomcat.catalina.Server logJVM
INFO : Architecture:		amd64
02 21, 2022 21:56:57 下午 cn.how2j.diytomcat.catalina.Server logJVM
INFO : Java Home:		C:\Program Files\Java\jdk1.8.0_251\jre
02 21, 2022 21:56:57 下午 cn.how2j.diytomcat.catalina.Server logJVM
INFO : JVM Version:		1.8.0_251-b08
02 21, 2022 21:56:57 下午 cn.how2j.diytomcat.catalina.Server logJVM
INFO : JVM Vendor:		Oracle Corporation
02 21, 2022 21:56:57 下午 cn.how2j.diytomcat.catalina.Connector init
INFO : Initializing ProtocolHandler [http-bio-18080]
02 21, 2022 21:56:57 下午 cn.how2j.diytomcat.catalina.Connector init
INFO : Initializing ProtocolHandler [http-bio-18081]
02 21, 2022 21:56:57 下午 cn.how2j.diytomcat.catalina.Connector init
INFO : Initializing ProtocolHandler [http-bio-18082]
02 21, 2022 21:56:57 下午 cn.how2j.diytomcat.catalina.Service init
INFO : Initialization processed in 0 ms
02 21, 2022 21:56:57 下午 cn.how2j.diytomcat.catalina.Connector start
INFO : Starting ProtocolHandler [http-bio-18080]
02 21, 2022 21:56:57 下午 cn.how2j.diytomcat.catalina.Connector start
INFO : Starting ProtocolHandler [http-bio-18081]
02 21, 2022 21:56:57 下午 cn.how2j.diytomcat.catalina.Connector start
INFO : Starting ProtocolHandler [http-bio-18082]
02 21, 2022 21:56:57 下午 cn.how2j.diytomcat.catalina.Server start
INFO : Server startup in 6 ms
