02 23, 2022 14:25:05 下午 cn.how2j.diytomcat.catalina.Context <init>
INFO : Deploying web application directory D:\tq_project\diytomcat\webapps\a
02 23, 2022 14:25:05 下午 cn.how2j.diytomcat.catalina.Context <init>
INFO : Deployment of web application directory D:\tq_project\diytomcat\webapps\a has finished in 146 ms
02 23, 2022 14:25:05 下午 cn.how2j.diytomcat.catalina.Context <init>
INFO : Deploying web application directory D:\tq_project\diytomcat\webapps\j2ee
02 23, 2022 14:25:05 下午 cn.how2j.diytomcat.catalina.Context <init>
INFO : Deployment of web application directory D:\tq_project\diytomcat\webapps\j2ee has finished in 6 ms
02 23, 2022 14:25:05 下午 cn.how2j.diytomcat.catalina.Context <init>
INFO : Deploying web application directory D:\tq_project\diytomcat\webapps\ROOT
02 23, 2022 14:25:05 下午 cn.how2j.diytomcat.catalina.Context <init>
INFO : Deployment of web application directory D:\tq_project\diytomcat\webapps\ROOT has finished in 2 ms
02 23, 2022 14:25:05 下午 cn.how2j.diytomcat.catalina.Context <init>
INFO : Deploying web application directory d:/tq_project/diytomcat/b
02 23, 2022 14:25:05 下午 cn.how2j.diytomcat.catalina.Context <init>
INFO : Deployment of web application directory d:/tq_project/diytomcat/b has finished in 2 ms
02 23, 2022 14:25:05 下午 cn.how2j.diytomcat.catalina.Context <init>
INFO : Deploying web application directory d:/tq_project/javaweb/web
02 23, 2022 14:25:05 下午 cn.how2j.diytomcat.catalina.Context <init>
INFO : Deployment of web application directory d:/tq_project/javaweb/web has finished in 21 ms
02 23, 2022 14:25:05 下午 cn.how2j.diytomcat.catalina.Server logJVM
INFO : Server version:		How2J DiyTomcat/1.0.1
02 23, 2022 14:25:05 下午 cn.how2j.diytomcat.catalina.Server logJVM
INFO : Server built:		2020-04-08 10:20:22
02 23, 2022 14:25:05 下午 cn.how2j.diytomcat.catalina.Server logJVM
INFO : Server number:		1.0.1
02 23, 2022 14:25:05 下午 cn.how2j.diytomcat.catalina.Server logJVM
INFO : OS Name	:		Windows 10
02 23, 2022 14:25:05 下午 cn.how2j.diytomcat.catalina.Server logJVM
INFO : OS Version:		10.0
02 23, 2022 14:25:05 下午 cn.how2j.diytomcat.catalina.Server logJVM
INFO : Architecture:		amd64
02 23, 2022 14:25:05 下午 cn.how2j.diytomcat.catalina.Server logJVM
INFO : Java Home:		C:\Program Files\Java\jdk1.8.0_251\jre
02 23, 2022 14:25:05 下午 cn.how2j.diytomcat.catalina.Server logJVM
INFO : JVM Version:		1.8.0_251-b08
02 23, 2022 14:25:05 下午 cn.how2j.diytomcat.catalina.Server logJVM
INFO : JVM Vendor:		Oracle Corporation
02 23, 2022 14:25:05 下午 cn.how2j.diytomcat.catalina.Connector init
INFO : Initializing ProtocolHandler [http-bio-18080]
02 23, 2022 14:25:05 下午 cn.how2j.diytomcat.catalina.Connector init
INFO : Initializing ProtocolHandler [http-bio-18081]
02 23, 2022 14:25:05 下午 cn.how2j.diytomcat.catalina.Connector init
INFO : Initializing ProtocolHandler [http-bio-18082]
02 23, 2022 14:25:05 下午 cn.how2j.diytomcat.catalina.Service init
INFO : Initialization processed in 1 ms
02 23, 2022 14:25:05 下午 cn.how2j.diytomcat.catalina.Connector start
INFO : Starting ProtocolHandler [http-bio-18080]
02 23, 2022 14:25:05 下午 cn.how2j.diytomcat.catalina.Connector start
INFO : Starting ProtocolHandler [http-bio-18081]
02 23, 2022 14:25:05 下午 cn.how2j.diytomcat.catalina.Connector start
INFO : Starting ProtocolHandler [http-bio-18082]
02 23, 2022 14:25:05 下午 cn.how2j.diytomcat.catalina.Server start
INFO : Server startup in 8 ms
02 23, 2022 14:30:07 下午 cn.how2j.diytomcat.watcher.ContextFileChangeWatcher$1 dealWith
INFO : cn.how2j.diytomcat.watcher.ContextFileChangeWatcher@697b6d65 检测到了Web应用下的重要文件变化 ServerJumpServlet.class 
02 23, 2022 14:30:07 下午 cn.how2j.diytomcat.catalina.Host reload
INFO : Reloading Context with name [/javaweb] has started
02 23, 2022 14:30:07 下午 cn.how2j.diytomcat.catalina.Context <init>
INFO : Deploying web application directory d:/tq_project/javaweb/web
02 23, 2022 14:30:07 下午 cn.how2j.diytomcat.catalina.Context <init>
INFO : Deployment of web application directory d:/tq_project/javaweb/web has finished in 12 ms
02 23, 2022 14:30:07 下午 cn.how2j.diytomcat.catalina.Host reload
INFO : Reloading Context with name [/javaweb] has completed
02 23, 2022 14:30:08 下午 cn.how2j.diytomcat.watcher.ContextFileChangeWatcher$1 dealWith
INFO : cn.how2j.diytomcat.watcher.ContextFileChangeWatcher@591cd4c2 检测到了Web应用下的重要文件变化 ServerJumpServlet.class 
02 23, 2022 14:30:08 下午 cn.how2j.diytomcat.catalina.Host reload
INFO : Reloading Context with name [/javaweb] has started
02 23, 2022 14:30:08 下午 cn.how2j.diytomcat.catalina.Context <init>
INFO : Deploying web application directory d:/tq_project/javaweb/web
02 23, 2022 14:30:08 下午 cn.how2j.diytomcat.catalina.Context <init>
INFO : Deployment of web application directory d:/tq_project/javaweb/web has finished in 8 ms
02 23, 2022 14:30:08 下午 cn.how2j.diytomcat.catalina.Host reload
INFO : Reloading Context with name [/javaweb] has completed
02 23, 2022 14:30:08 下午 cn.how2j.diytomcat.watcher.ContextFileChangeWatcher$1 dealWith
INFO : cn.how2j.diytomcat.watcher.ContextFileChangeWatcher@125e3e8b 检测到了Web应用下的重要文件变化 HelloServlet.class 
02 23, 2022 14:30:08 下午 cn.how2j.diytomcat.catalina.Host reload
INFO : Reloading Context with name [/javaweb] has started
02 23, 2022 14:30:08 下午 cn.how2j.diytomcat.catalina.Context <init>
INFO : Deploying web application directory d:/tq_project/javaweb/web
02 23, 2022 14:30:08 下午 cn.how2j.diytomcat.catalina.Context <init>
INFO : Deployment of web application directory d:/tq_project/javaweb/web has finished in 8 ms
02 23, 2022 14:30:08 下午 cn.how2j.diytomcat.catalina.Host reload
INFO : Reloading Context with name [/javaweb] has completed
02 23, 2022 14:30:19 下午 cn.how2j.diytomcat.catalina.Context <init>
INFO : Deploying web application directory D:\tq_project\diytomcat\webapps\a
02 23, 2022 14:30:19 下午 cn.how2j.diytomcat.catalina.Context <init>
INFO : Deployment of web application directory D:\tq_project\diytomcat\webapps\a has finished in 127 ms
02 23, 2022 14:30:19 下午 cn.how2j.diytomcat.catalina.Context <init>
INFO : Deploying web application directory D:\tq_project\diytomcat\webapps\j2ee
02 23, 2022 14:30:19 下午 cn.how2j.diytomcat.catalina.Context <init>
INFO : Deployment of web application directory D:\tq_project\diytomcat\webapps\j2ee has finished in 6 ms
02 23, 2022 14:30:19 下午 cn.how2j.diytomcat.catalina.Context <init>
INFO : Deploying web application directory D:\tq_project\diytomcat\webapps\ROOT
02 23, 2022 14:30:19 下午 cn.how2j.diytomcat.catalina.Context <init>
INFO : Deployment of web application directory D:\tq_project\diytomcat\webapps\ROOT has finished in 2 ms
02 23, 2022 14:30:19 下午 cn.how2j.diytomcat.catalina.Context <init>
INFO : Deploying web application directory d:/tq_project/diytomcat/b
02 23, 2022 14:30:19 下午 cn.how2j.diytomcat.catalina.Context <init>
INFO : Deployment of web application directory d:/tq_project/diytomcat/b has finished in 1 ms
02 23, 2022 14:30:19 下午 cn.how2j.diytomcat.catalina.Context <init>
INFO : Deploying web application directory d:/tq_project/javaweb/web
02 23, 2022 14:30:19 下午 cn.how2j.diytomcat.catalina.Context <init>
INFO : Deployment of web application directory d:/tq_project/javaweb/web has finished in 20 ms
02 23, 2022 14:30:19 下午 cn.how2j.diytomcat.catalina.Server logJVM
INFO : Server version:		How2J DiyTomcat/1.0.1
02 23, 2022 14:30:19 下午 cn.how2j.diytomcat.catalina.Server logJVM
INFO : Server built:		2020-04-08 10:20:22
02 23, 2022 14:30:19 下午 cn.how2j.diytomcat.catalina.Server logJVM
INFO : Server number:		1.0.1
02 23, 2022 14:30:19 下午 cn.how2j.diytomcat.catalina.Server logJVM
INFO : OS Name	:		Windows 10
02 23, 2022 14:30:19 下午 cn.how2j.diytomcat.catalina.Server logJVM
INFO : OS Version:		10.0
02 23, 2022 14:30:19 下午 cn.how2j.diytomcat.catalina.Server logJVM
INFO : Architecture:		amd64
02 23, 2022 14:30:19 下午 cn.how2j.diytomcat.catalina.Server logJVM
INFO : Java Home:		C:\Program Files\Java\jdk1.8.0_251\jre
02 23, 2022 14:30:19 下午 cn.how2j.diytomcat.catalina.Server logJVM
INFO : JVM Version:		1.8.0_251-b08
02 23, 2022 14:30:19 下午 cn.how2j.diytomcat.catalina.Server logJVM
INFO : JVM Vendor:		Oracle Corporation
02 23, 2022 14:30:19 下午 cn.how2j.diytomcat.catalina.Connector init
INFO : Initializing ProtocolHandler [http-bio-18080]
02 23, 2022 14:30:19 下午 cn.how2j.diytomcat.catalina.Connector init
INFO : Initializing ProtocolHandler [http-bio-18081]
02 23, 2022 14:30:19 下午 cn.how2j.diytomcat.catalina.Connector init
INFO : Initializing ProtocolHandler [http-bio-18082]
02 23, 2022 14:30:19 下午 cn.how2j.diytomcat.catalina.Service init
INFO : Initialization processed in 1 ms
02 23, 2022 14:30:19 下午 cn.how2j.diytomcat.catalina.Connector start
INFO : Starting ProtocolHandler [http-bio-18080]
02 23, 2022 14:30:19 下午 cn.how2j.diytomcat.catalina.Connector start
INFO : Starting ProtocolHandler [http-bio-18081]
02 23, 2022 14:30:19 下午 cn.how2j.diytomcat.catalina.Connector start
INFO : Starting ProtocolHandler [http-bio-18082]
02 23, 2022 14:30:19 下午 cn.how2j.diytomcat.catalina.Server start
INFO : Server startup in 6 ms
02 23, 2022 18:23:05 下午 cn.how2j.diytomcat.watcher.ContextFileChangeWatcher$1 dealWith
INFO : cn.how2j.diytomcat.watcher.ContextFileChangeWatcher@502802a9 检测到了Web应用下的重要文件变化 web.xml 
02 23, 2022 18:23:05 下午 cn.how2j.diytomcat.catalina.Host reload
INFO : Reloading Context with name [/javaweb] has started
02 23, 2022 18:23:06 下午 cn.how2j.diytomcat.catalina.Context <init>
INFO : Deploying web application directory d:/tq_project/javaweb/web
02 23, 2022 18:23:06 下午 cn.how2j.diytomcat.catalina.Context <init>
INFO : Deployment of web application directory d:/tq_project/javaweb/web has finished in 18 ms
02 23, 2022 18:23:06 下午 cn.how2j.diytomcat.catalina.Host reload
INFO : Reloading Context with name [/javaweb] has completed
