01 06, 2022 09:27:47 上午 cn.how2j.diytomcat.Bootstrap logJVM
INFO : Server version:		How2J DiyTomcat/1.0.1
01 06, 2022 09:27:47 上午 cn.how2j.diytomcat.Bootstrap logJVM
INFO : Server built:		2020-04-08 10:20:22
01 06, 2022 09:27:47 上午 cn.how2j.diytomcat.Bootstrap logJVM
INFO : Server number:		1.0.1
01 06, 2022 09:27:47 上午 cn.how2j.diytomcat.Bootstrap logJVM
INFO : OS Name	:		Windows 10
01 06, 2022 09:27:47 上午 cn.how2j.diytomcat.Bootstrap logJVM
INFO : OS Version:		10.0
01 06, 2022 09:27:47 上午 cn.how2j.diytomcat.Bootstrap logJVM
INFO : Architecture:		amd64
01 06, 2022 09:27:47 上午 cn.how2j.diytomcat.Bootstrap logJVM
INFO : Java Home:		C:\Program Files\Java\jdk1.8.0_251\jre
01 06, 2022 09:27:47 上午 cn.how2j.diytomcat.Bootstrap logJVM
INFO : JVM Version:		1.8.0_251-b08
01 06, 2022 09:27:47 上午 cn.how2j.diytomcat.Bootstrap logJVM
INFO : JVM Vendor:		Oracle Corporation
01 06, 2022 09:31:18 上午 cn.how2j.diytomcat.Bootstrap logJVM
INFO : Server version:		How2J DiyTomcat/1.0.1
01 06, 2022 09:31:18 上午 cn.how2j.diytomcat.Bootstrap logJVM
INFO : Server built:		2020-04-08 10:20:22
01 06, 2022 09:31:18 上午 cn.how2j.diytomcat.Bootstrap logJVM
INFO : Server number:		1.0.1
01 06, 2022 09:31:18 上午 cn.how2j.diytomcat.Bootstrap logJVM
INFO : OS Name	:		Windows 10
01 06, 2022 09:31:18 上午 cn.how2j.diytomcat.Bootstrap logJVM
INFO : OS Version:		10.0
01 06, 2022 09:31:18 上午 cn.how2j.diytomcat.Bootstrap logJVM
INFO : Architecture:		amd64
01 06, 2022 09:31:18 上午 cn.how2j.diytomcat.Bootstrap logJVM
INFO : Java Home:		C:\Program Files\Java\jdk1.8.0_251\jre
01 06, 2022 09:31:18 上午 cn.how2j.diytomcat.Bootstrap logJVM
INFO : JVM Version:		1.8.0_251-b08
01 06, 2022 09:31:18 上午 cn.how2j.diytomcat.Bootstrap logJVM
INFO : JVM Vendor:		Oracle Corporation
01 06, 2022 09:32:57 上午 cn.how2j.diytomcat.Bootstrap logJVM
INFO : Server version:		How2J DiyTomcat/1.0.1
01 06, 2022 09:32:57 上午 cn.how2j.diytomcat.Bootstrap logJVM
INFO : Server built:		2020-04-08 10:20:22
01 06, 2022 09:32:57 上午 cn.how2j.diytomcat.Bootstrap logJVM
INFO : Server number:		1.0.1
01 06, 2022 09:32:57 上午 cn.how2j.diytomcat.Bootstrap logJVM
INFO : OS Name	:		Windows 10
01 06, 2022 09:32:57 上午 cn.how2j.diytomcat.Bootstrap logJVM
INFO : OS Version:		10.0
01 06, 2022 09:32:57 上午 cn.how2j.diytomcat.Bootstrap logJVM
INFO : Architecture:		amd64
01 06, 2022 09:32:57 上午 cn.how2j.diytomcat.Bootstrap logJVM
INFO : Java Home:		C:\Program Files\Java\jdk1.8.0_251\jre
01 06, 2022 09:32:57 上午 cn.how2j.diytomcat.Bootstrap logJVM
INFO : JVM Version:		1.8.0_251-b08
01 06, 2022 09:32:57 上午 cn.how2j.diytomcat.Bootstrap logJVM
INFO : JVM Vendor:		Oracle Corporation
01 06, 2022 09:32:57 上午 cn.how2j.diytomcat.catalina.Context <init>
INFO : Deploying web application directory D:\tq_project\diytomcat\webapps\a
01 06, 2022 09:32:57 上午 cn.how2j.diytomcat.catalina.Context <init>
INFO : Deployment of web application directory D:\tq_project\diytomcat\webapps\a has finished in 0 ms
01 06, 2022 09:32:57 上午 cn.how2j.diytomcat.catalina.Context <init>
INFO : Deploying web application directory D:\tq_project\diytomcat\webapps\ROOT
01 06, 2022 09:32:57 上午 cn.how2j.diytomcat.catalina.Context <init>
INFO : Deployment of web application directory D:\tq_project\diytomcat\webapps\ROOT has finished in 0 ms
01 06, 2022 09:56:02 上午 cn.how2j.diytomcat.Bootstrap logJVM
INFO : Server version:		How2J DiyTomcat/1.0.1
01 06, 2022 09:56:02 上午 cn.how2j.diytomcat.Bootstrap logJVM
INFO : Server built:		2020-04-08 10:20:22
01 06, 2022 09:56:02 上午 cn.how2j.diytomcat.Bootstrap logJVM
INFO : Server number:		1.0.1
01 06, 2022 09:56:02 上午 cn.how2j.diytomcat.Bootstrap logJVM
INFO : OS Name	:		Windows 10
01 06, 2022 09:56:02 上午 cn.how2j.diytomcat.Bootstrap logJVM
INFO : OS Version:		10.0
01 06, 2022 09:56:02 上午 cn.how2j.diytomcat.Bootstrap logJVM
INFO : Architecture:		amd64
01 06, 2022 09:56:02 上午 cn.how2j.diytomcat.Bootstrap logJVM
INFO : Java Home:		C:\Program Files\Java\jdk1.8.0_251\jre
01 06, 2022 09:56:02 上午 cn.how2j.diytomcat.Bootstrap logJVM
INFO : JVM Version:		1.8.0_251-b08
01 06, 2022 09:56:02 上午 cn.how2j.diytomcat.Bootstrap logJVM
INFO : JVM Vendor:		Oracle Corporation
01 06, 2022 09:56:02 上午 cn.how2j.diytomcat.catalina.Context <init>
INFO : Deploying web application directory D:\tq_project\diytomcat\webapps\a
01 06, 2022 09:56:02 上午 cn.how2j.diytomcat.catalina.Context <init>
INFO : Deployment of web application directory D:\tq_project\diytomcat\webapps\a has finished in 1 ms
01 06, 2022 09:56:02 上午 cn.how2j.diytomcat.catalina.Context <init>
INFO : Deploying web application directory D:\tq_project\diytomcat\webapps\ROOT
01 06, 2022 09:56:02 上午 cn.how2j.diytomcat.catalina.Context <init>
INFO : Deployment of web application directory D:\tq_project\diytomcat\webapps\ROOT has finished in 0 ms
01 06, 2022 09:56:02 上午 cn.how2j.diytomcat.catalina.Context <init>
INFO : Deploying web application directory d:/project/diytomcat/b
01 06, 2022 09:56:02 上午 cn.how2j.diytomcat.catalina.Context <init>
INFO : Deployment of web application directory d:/project/diytomcat/b has finished in 0 ms
01 06, 2022 10:13:33 上午 cn.how2j.diytomcat.Bootstrap logJVM
INFO : Server version:		How2J DiyTomcat/1.0.1
01 06, 2022 10:13:33 上午 cn.how2j.diytomcat.Bootstrap logJVM
INFO : Server built:		2020-04-08 10:20:22
01 06, 2022 10:13:33 上午 cn.how2j.diytomcat.Bootstrap logJVM
INFO : Server number:		1.0.1
01 06, 2022 10:13:33 上午 cn.how2j.diytomcat.Bootstrap logJVM
INFO : OS Name	:		Windows 10
01 06, 2022 10:13:33 上午 cn.how2j.diytomcat.Bootstrap logJVM
INFO : OS Version:		10.0
01 06, 2022 10:13:33 上午 cn.how2j.diytomcat.Bootstrap logJVM
INFO : Architecture:		amd64
01 06, 2022 10:13:33 上午 cn.how2j.diytomcat.Bootstrap logJVM
INFO : Java Home:		C:\Program Files\Java\jdk1.8.0_251\jre
01 06, 2022 10:13:33 上午 cn.how2j.diytomcat.Bootstrap logJVM
INFO : JVM Version:		1.8.0_251-b08
01 06, 2022 10:13:33 上午 cn.how2j.diytomcat.Bootstrap logJVM
INFO : JVM Vendor:		Oracle Corporation
01 06, 2022 10:13:33 上午 cn.how2j.diytomcat.catalina.Context <init>
INFO : Deploying web application directory D:\tq_project\diytomcat\webapps\a
01 06, 2022 10:13:33 上午 cn.how2j.diytomcat.catalina.Context <init>
INFO : Deployment of web application directory D:\tq_project\diytomcat\webapps\a has finished in 0 ms
01 06, 2022 10:13:33 上午 cn.how2j.diytomcat.catalina.Context <init>
INFO : Deploying web application directory D:\tq_project\diytomcat\webapps\ROOT
01 06, 2022 10:13:33 上午 cn.how2j.diytomcat.catalina.Context <init>
INFO : Deployment of web application directory D:\tq_project\diytomcat\webapps\ROOT has finished in 0 ms
01 06, 2022 10:13:33 上午 cn.how2j.diytomcat.catalina.Context <init>
INFO : Deploying web application directory d:/project/diytomcat/b
01 06, 2022 10:13:33 上午 cn.how2j.diytomcat.catalina.Context <init>
INFO : Deployment of web application directory d:/project/diytomcat/b has finished in 1 ms
01 06, 2022 10:15:25 上午 cn.how2j.diytomcat.Bootstrap logJVM
INFO : Server version:		How2J DiyTomcat/1.0.1
01 06, 2022 10:15:25 上午 cn.how2j.diytomcat.Bootstrap logJVM
INFO : Server built:		2020-04-08 10:20:22
01 06, 2022 10:15:25 上午 cn.how2j.diytomcat.Bootstrap logJVM
INFO : Server number:		1.0.1
01 06, 2022 10:15:25 上午 cn.how2j.diytomcat.Bootstrap logJVM
INFO : OS Name	:		Windows 10
01 06, 2022 10:15:25 上午 cn.how2j.diytomcat.Bootstrap logJVM
INFO : OS Version:		10.0
01 06, 2022 10:15:25 上午 cn.how2j.diytomcat.Bootstrap logJVM
INFO : Architecture:		amd64
01 06, 2022 10:15:25 上午 cn.how2j.diytomcat.Bootstrap logJVM
INFO : Java Home:		C:\Program Files\Java\jdk1.8.0_251\jre
01 06, 2022 10:15:25 上午 cn.how2j.diytomcat.Bootstrap logJVM
INFO : JVM Version:		1.8.0_251-b08
01 06, 2022 10:15:25 上午 cn.how2j.diytomcat.Bootstrap logJVM
INFO : JVM Vendor:		Oracle Corporation
01 06, 2022 10:15:25 上午 cn.how2j.diytomcat.catalina.Context <init>
INFO : Deploying web application directory D:\tq_project\diytomcat\webapps\a
01 06, 2022 10:15:25 上午 cn.how2j.diytomcat.catalina.Context <init>
INFO : Deployment of web application directory D:\tq_project\diytomcat\webapps\a has finished in 0 ms
01 06, 2022 10:15:25 上午 cn.how2j.diytomcat.catalina.Context <init>
INFO : Deploying web application directory D:\tq_project\diytomcat\webapps\ROOT
01 06, 2022 10:15:25 上午 cn.how2j.diytomcat.catalina.Context <init>
INFO : Deployment of web application directory D:\tq_project\diytomcat\webapps\ROOT has finished in 0 ms
01 06, 2022 10:15:25 上午 cn.how2j.diytomcat.catalina.Context <init>
INFO : Deploying web application directory d:/tq_project/diytomcat/b
01 06, 2022 10:15:25 上午 cn.how2j.diytomcat.catalina.Context <init>
INFO : Deployment of web application directory d:/tq_project/diytomcat/b has finished in 0 ms
01 06, 2022 10:35:35 上午 cn.how2j.diytomcat.Bootstrap logJVM
INFO : Server version:		How2J DiyTomcat/1.0.1
01 06, 2022 10:35:35 上午 cn.how2j.diytomcat.Bootstrap logJVM
INFO : Server built:		2020-04-08 10:20:22
01 06, 2022 10:35:35 上午 cn.how2j.diytomcat.Bootstrap logJVM
INFO : Server number:		1.0.1
01 06, 2022 10:35:35 上午 cn.how2j.diytomcat.Bootstrap logJVM
INFO : OS Name	:		Windows 10
01 06, 2022 10:35:35 上午 cn.how2j.diytomcat.Bootstrap logJVM
INFO : OS Version:		10.0
01 06, 2022 10:35:35 上午 cn.how2j.diytomcat.Bootstrap logJVM
INFO : Architecture:		amd64
01 06, 2022 10:35:35 上午 cn.how2j.diytomcat.Bootstrap logJVM
INFO : Java Home:		C:\Program Files\Java\jdk1.8.0_251\jre
01 06, 2022 10:35:35 上午 cn.how2j.diytomcat.Bootstrap logJVM
INFO : JVM Version:		1.8.0_251-b08
01 06, 2022 10:35:35 上午 cn.how2j.diytomcat.Bootstrap logJVM
INFO : JVM Vendor:		Oracle Corporation
01 06, 2022 10:35:35 上午 cn.how2j.diytomcat.catalina.Context <init>
INFO : Deploying web application directory D:\tq_project\diytomcat\webapps\a
01 06, 2022 10:35:35 上午 cn.how2j.diytomcat.catalina.Context <init>
INFO : Deployment of web application directory D:\tq_project\diytomcat\webapps\a has finished in 1 ms
01 06, 2022 10:35:35 上午 cn.how2j.diytomcat.catalina.Context <init>
INFO : Deploying web application directory D:\tq_project\diytomcat\webapps\ROOT
01 06, 2022 10:35:35 上午 cn.how2j.diytomcat.catalina.Context <init>
INFO : Deployment of web application directory D:\tq_project\diytomcat\webapps\ROOT has finished in 0 ms
01 06, 2022 10:35:35 上午 cn.how2j.diytomcat.catalina.Context <init>
INFO : Deploying web application directory d:/tq_project/diytomcat/b
01 06, 2022 10:35:35 上午 cn.how2j.diytomcat.catalina.Context <init>
INFO : Deployment of web application directory d:/tq_project/diytomcat/b has finished in 1 ms
01 06, 2022 11:24:24 上午 cn.how2j.diytomcat.Bootstrap logJVM
INFO : Server version:		How2J DiyTomcat/1.0.1
01 06, 2022 11:24:24 上午 cn.how2j.diytomcat.Bootstrap logJVM
INFO : Server built:		2020-04-08 10:20:22
01 06, 2022 11:24:24 上午 cn.how2j.diytomcat.Bootstrap logJVM
INFO : Server number:		1.0.1
01 06, 2022 11:24:24 上午 cn.how2j.diytomcat.Bootstrap logJVM
INFO : OS Name	:		Windows 10
01 06, 2022 11:24:24 上午 cn.how2j.diytomcat.Bootstrap logJVM
INFO : OS Version:		10.0
01 06, 2022 11:24:24 上午 cn.how2j.diytomcat.Bootstrap logJVM
INFO : Architecture:		amd64
01 06, 2022 11:24:24 上午 cn.how2j.diytomcat.Bootstrap logJVM
INFO : Java Home:		C:\Program Files\Java\jdk1.8.0_251\jre
01 06, 2022 11:24:24 上午 cn.how2j.diytomcat.Bootstrap logJVM
INFO : JVM Version:		1.8.0_251-b08
01 06, 2022 11:24:24 上午 cn.how2j.diytomcat.Bootstrap logJVM
INFO : JVM Vendor:		Oracle Corporation
01 06, 2022 11:24:25 上午 cn.how2j.diytomcat.catalina.Context <init>
INFO : Deploying web application directory D:\tq_project\diytomcat\webapps\a
01 06, 2022 11:24:25 上午 cn.how2j.diytomcat.catalina.Context <init>
INFO : Deployment of web application directory D:\tq_project\diytomcat\webapps\a has finished in 1 ms
01 06, 2022 11:24:25 上午 cn.how2j.diytomcat.catalina.Context <init>
INFO : Deploying web application directory D:\tq_project\diytomcat\webapps\ROOT
01 06, 2022 11:24:25 上午 cn.how2j.diytomcat.catalina.Context <init>
INFO : Deployment of web application directory D:\tq_project\diytomcat\webapps\ROOT has finished in 0 ms
01 06, 2022 11:24:25 上午 cn.how2j.diytomcat.catalina.Context <init>
INFO : Deploying web application directory d:/tq_project/diytomcat/b
01 06, 2022 11:24:25 上午 cn.how2j.diytomcat.catalina.Context <init>
INFO : Deployment of web application directory d:/tq_project/diytomcat/b has finished in 0 ms
01 06, 2022 11:35:51 上午 cn.how2j.diytomcat.catalina.Context <init>
INFO : Deploying web application directory D:\tq_project\diytomcat\webapps\a
01 06, 2022 11:35:51 上午 cn.how2j.diytomcat.catalina.Context <init>
INFO : Deployment of web application directory D:\tq_project\diytomcat\webapps\a has finished in 95 ms
01 06, 2022 11:35:51 上午 cn.how2j.diytomcat.catalina.Context <init>
INFO : Deploying web application directory D:\tq_project\diytomcat\webapps\ROOT
01 06, 2022 11:35:51 上午 cn.how2j.diytomcat.catalina.Context <init>
INFO : Deployment of web application directory D:\tq_project\diytomcat\webapps\ROOT has finished in 0 ms
01 06, 2022 11:35:51 上午 cn.how2j.diytomcat.catalina.Context <init>
INFO : Deploying web application directory d:/tq_project/diytomcat/b
01 06, 2022 11:35:51 上午 cn.how2j.diytomcat.catalina.Context <init>
INFO : Deployment of web application directory d:/tq_project/diytomcat/b has finished in 0 ms
01 06, 2022 11:35:51 上午 cn.how2j.diytomcat.catalina.Server logJVM
INFO : Server version:		How2J DiyTomcat/1.0.1
01 06, 2022 11:35:51 上午 cn.how2j.diytomcat.catalina.Server logJVM
INFO : Server built:		2020-04-08 10:20:22
01 06, 2022 11:35:51 上午 cn.how2j.diytomcat.catalina.Server logJVM
INFO : Server number:		1.0.1
01 06, 2022 11:35:51 上午 cn.how2j.diytomcat.catalina.Server logJVM
INFO : OS Name	:		Windows 10
01 06, 2022 11:35:51 上午 cn.how2j.diytomcat.catalina.Server logJVM
INFO : OS Version:		10.0
01 06, 2022 11:35:51 上午 cn.how2j.diytomcat.catalina.Server logJVM
INFO : Architecture:		amd64
01 06, 2022 11:35:51 上午 cn.how2j.diytomcat.catalina.Server logJVM
INFO : Java Home:		C:\Program Files\Java\jdk1.8.0_251\jre
01 06, 2022 11:35:51 上午 cn.how2j.diytomcat.catalina.Server logJVM
INFO : JVM Version:		1.8.0_251-b08
01 06, 2022 11:35:51 上午 cn.how2j.diytomcat.catalina.Server logJVM
INFO : JVM Vendor:		Oracle Corporation
01 06, 2022 12:14:12 下午 cn.how2j.diytomcat.catalina.Context <init>
INFO : Deploying web application directory D:\tq_project\diytomcat\webapps\a
01 06, 2022 12:14:12 下午 cn.how2j.diytomcat.catalina.Context <init>
INFO : Deployment of web application directory D:\tq_project\diytomcat\webapps\a has finished in 109 ms
01 06, 2022 12:14:12 下午 cn.how2j.diytomcat.catalina.Context <init>
INFO : Deploying web application directory D:\tq_project\diytomcat\webapps\ROOT
01 06, 2022 12:14:12 下午 cn.how2j.diytomcat.catalina.Context <init>
INFO : Deployment of web application directory D:\tq_project\diytomcat\webapps\ROOT has finished in 0 ms
01 06, 2022 12:14:12 下午 cn.how2j.diytomcat.catalina.Context <init>
INFO : Deploying web application directory d:/tq_project/diytomcat/b
01 06, 2022 12:14:12 下午 cn.how2j.diytomcat.catalina.Context <init>
INFO : Deployment of web application directory d:/tq_project/diytomcat/b has finished in 0 ms
01 06, 2022 12:14:12 下午 cn.how2j.diytomcat.catalina.Server logJVM
INFO : Server version:		How2J DiyTomcat/1.0.1
01 06, 2022 12:14:12 下午 cn.how2j.diytomcat.catalina.Server logJVM
INFO : Server built:		2020-04-08 10:20:22
01 06, 2022 12:14:12 下午 cn.how2j.diytomcat.catalina.Server logJVM
INFO : Server number:		1.0.1
01 06, 2022 12:14:12 下午 cn.how2j.diytomcat.catalina.Server logJVM
INFO : OS Name	:		Windows 10
01 06, 2022 12:14:12 下午 cn.how2j.diytomcat.catalina.Server logJVM
INFO : OS Version:		10.0
01 06, 2022 12:14:12 下午 cn.how2j.diytomcat.catalina.Server logJVM
INFO : Architecture:		amd64
01 06, 2022 12:14:12 下午 cn.how2j.diytomcat.catalina.Server logJVM
INFO : Java Home:		C:\Program Files\Java\jdk1.8.0_251\jre
01 06, 2022 12:14:12 下午 cn.how2j.diytomcat.catalina.Server logJVM
INFO : JVM Version:		1.8.0_251-b08
01 06, 2022 12:14:12 下午 cn.how2j.diytomcat.catalina.Server logJVM
INFO : JVM Vendor:		Oracle Corporation
01 06, 2022 12:20:55 下午 cn.how2j.diytomcat.catalina.Context <init>
INFO : Deploying web application directory D:\tq_project\diytomcat\webapps\a
01 06, 2022 12:20:55 下午 cn.how2j.diytomcat.catalina.Context <init>
INFO : Deployment of web application directory D:\tq_project\diytomcat\webapps\a has finished in 94 ms
01 06, 2022 12:20:55 下午 cn.how2j.diytomcat.catalina.Context <init>
INFO : Deploying web application directory D:\tq_project\diytomcat\webapps\ROOT
01 06, 2022 12:20:55 下午 cn.how2j.diytomcat.catalina.Context <init>
INFO : Deployment of web application directory D:\tq_project\diytomcat\webapps\ROOT has finished in 0 ms
01 06, 2022 12:20:55 下午 cn.how2j.diytomcat.catalina.Context <init>
INFO : Deploying web application directory d:/tq_project/diytomcat/b
01 06, 2022 12:20:55 下午 cn.how2j.diytomcat.catalina.Context <init>
INFO : Deployment of web application directory d:/tq_project/diytomcat/b has finished in 1 ms
01 06, 2022 12:20:55 下午 cn.how2j.diytomcat.catalina.Server logJVM
INFO : Server version:		How2J DiyTomcat/1.0.1
01 06, 2022 12:20:55 下午 cn.how2j.diytomcat.catalina.Server logJVM
INFO : Server built:		2020-04-08 10:20:22
01 06, 2022 12:20:55 下午 cn.how2j.diytomcat.catalina.Server logJVM
INFO : Server number:		1.0.1
01 06, 2022 12:20:55 下午 cn.how2j.diytomcat.catalina.Server logJVM
INFO : OS Name	:		Windows 10
01 06, 2022 12:20:55 下午 cn.how2j.diytomcat.catalina.Server logJVM
INFO : OS Version:		10.0
01 06, 2022 12:20:55 下午 cn.how2j.diytomcat.catalina.Server logJVM
INFO : Architecture:		amd64
01 06, 2022 12:20:55 下午 cn.how2j.diytomcat.catalina.Server logJVM
INFO : Java Home:		C:\Program Files\Java\jdk1.8.0_251\jre
01 06, 2022 12:20:55 下午 cn.how2j.diytomcat.catalina.Server logJVM
INFO : JVM Version:		1.8.0_251-b08
01 06, 2022 12:20:55 下午 cn.how2j.diytomcat.catalina.Server logJVM
INFO : JVM Vendor:		Oracle Corporation
01 06, 2022 12:24:32 下午 cn.how2j.diytomcat.catalina.Context <init>
INFO : Deploying web application directory D:\tq_project\diytomcat\webapps\a
01 06, 2022 12:24:32 下午 cn.how2j.diytomcat.catalina.Context <init>
INFO : Deployment of web application directory D:\tq_project\diytomcat\webapps\a has finished in 97 ms
01 06, 2022 12:24:32 下午 cn.how2j.diytomcat.catalina.Context <init>
INFO : Deploying web application directory D:\tq_project\diytomcat\webapps\ROOT
01 06, 2022 12:24:32 下午 cn.how2j.diytomcat.catalina.Context <init>
INFO : Deployment of web application directory D:\tq_project\diytomcat\webapps\ROOT has finished in 0 ms
01 06, 2022 12:24:32 下午 cn.how2j.diytomcat.catalina.Context <init>
INFO : Deploying web application directory d:/tq_project/diytomcat/b
01 06, 2022 12:24:32 下午 cn.how2j.diytomcat.catalina.Context <init>
INFO : Deployment of web application directory d:/tq_project/diytomcat/b has finished in 0 ms
01 06, 2022 12:24:32 下午 cn.how2j.diytomcat.catalina.Server logJVM
INFO : Server version:		How2J DiyTomcat/1.0.1
01 06, 2022 12:24:32 下午 cn.how2j.diytomcat.catalina.Server logJVM
INFO : Server built:		2020-04-08 10:20:22
01 06, 2022 12:24:32 下午 cn.how2j.diytomcat.catalina.Server logJVM
INFO : Server number:		1.0.1
01 06, 2022 12:24:32 下午 cn.how2j.diytomcat.catalina.Server logJVM
INFO : OS Name	:		Windows 10
01 06, 2022 12:24:32 下午 cn.how2j.diytomcat.catalina.Server logJVM
INFO : OS Version:		10.0
01 06, 2022 12:24:32 下午 cn.how2j.diytomcat.catalina.Server logJVM
INFO : Architecture:		amd64
01 06, 2022 12:24:32 下午 cn.how2j.diytomcat.catalina.Server logJVM
INFO : Java Home:		C:\Program Files\Java\jdk1.8.0_251\jre
01 06, 2022 12:24:32 下午 cn.how2j.diytomcat.catalina.Server logJVM
INFO : JVM Version:		1.8.0_251-b08
01 06, 2022 12:24:32 下午 cn.how2j.diytomcat.catalina.Server logJVM
INFO : JVM Vendor:		Oracle Corporation
01 06, 2022 12:24:39 下午 cn.how2j.diytomcat.catalina.Server$1 error
ERROR: this is a deliberately created exception
java.lang.Exception: this is a deliberately created exception
	at cn.how2j.diytomcat.catalina.Server$1.run(Server.java:56)
	at java.util.concurrent.ThreadPoolExecutor.runWorker(ThreadPoolExecutor.java:1149)
	at java.util.concurrent.ThreadPoolExecutor$Worker.run(ThreadPoolExecutor.java:624)
	at java.lang.Thread.run(Thread.java:748)
01 06, 2022 12:25:13 下午 cn.how2j.diytomcat.catalina.Server$1 error
ERROR: this is a deliberately created exception
java.lang.Exception: this is a deliberately created exception
	at cn.how2j.diytomcat.catalina.Server$1.run(Server.java:56)
	at java.util.concurrent.ThreadPoolExecutor.runWorker(ThreadPoolExecutor.java:1149)
	at java.util.concurrent.ThreadPoolExecutor$Worker.run(ThreadPoolExecutor.java:624)
	at java.lang.Thread.run(Thread.java:748)
01 06, 2022 13:59:51 下午 cn.how2j.diytomcat.catalina.Context <init>
INFO : Deploying web application directory D:\tq_project\diytomcat\webapps\a
01 06, 2022 13:59:51 下午 cn.how2j.diytomcat.catalina.Context <init>
INFO : Deployment of web application directory D:\tq_project\diytomcat\webapps\a has finished in 114 ms
01 06, 2022 13:59:51 下午 cn.how2j.diytomcat.catalina.Context <init>
INFO : Deploying web application directory D:\tq_project\diytomcat\webapps\ROOT
01 06, 2022 13:59:51 下午 cn.how2j.diytomcat.catalina.Context <init>
INFO : Deployment of web application directory D:\tq_project\diytomcat\webapps\ROOT has finished in 0 ms
01 06, 2022 13:59:51 下午 cn.how2j.diytomcat.catalina.Context <init>
INFO : Deploying web application directory d:/tq_project/diytomcat/b
01 06, 2022 13:59:51 下午 cn.how2j.diytomcat.catalina.Context <init>
INFO : Deployment of web application directory d:/tq_project/diytomcat/b has finished in 0 ms
01 06, 2022 13:59:51 下午 cn.how2j.diytomcat.catalina.Server logJVM
INFO : Server version:		How2J DiyTomcat/1.0.1
01 06, 2022 13:59:51 下午 cn.how2j.diytomcat.catalina.Server logJVM
INFO : Server built:		2020-04-08 10:20:22
01 06, 2022 13:59:51 下午 cn.how2j.diytomcat.catalina.Server logJVM
INFO : Server number:		1.0.1
01 06, 2022 13:59:51 下午 cn.how2j.diytomcat.catalina.Server logJVM
INFO : OS Name	:		Windows 10
01 06, 2022 13:59:51 下午 cn.how2j.diytomcat.catalina.Server logJVM
INFO : OS Version:		10.0
01 06, 2022 13:59:51 下午 cn.how2j.diytomcat.catalina.Server logJVM
INFO : Architecture:		amd64
01 06, 2022 13:59:51 下午 cn.how2j.diytomcat.catalina.Server logJVM
INFO : Java Home:		C:\Program Files\Java\jdk1.8.0_251\jre
01 06, 2022 13:59:51 下午 cn.how2j.diytomcat.catalina.Server logJVM
INFO : JVM Version:		1.8.0_251-b08
01 06, 2022 13:59:51 下午 cn.how2j.diytomcat.catalina.Server logJVM
INFO : JVM Vendor:		Oracle Corporation
01 06, 2022 14:14:01 下午 cn.how2j.diytomcat.catalina.Context <init>
INFO : Deploying web application directory D:\tq_project\diytomcat\webapps\a
01 06, 2022 14:14:01 下午 cn.how2j.diytomcat.catalina.Context <init>
INFO : Deployment of web application directory D:\tq_project\diytomcat\webapps\a has finished in 104 ms
01 06, 2022 14:14:01 下午 cn.how2j.diytomcat.catalina.Context <init>
INFO : Deploying web application directory D:\tq_project\diytomcat\webapps\ROOT
01 06, 2022 14:14:01 下午 cn.how2j.diytomcat.catalina.Context <init>
INFO : Deployment of web application directory D:\tq_project\diytomcat\webapps\ROOT has finished in 1 ms
01 06, 2022 14:14:01 下午 cn.how2j.diytomcat.catalina.Context <init>
INFO : Deploying web application directory d:/tq_project/diytomcat/b
01 06, 2022 14:14:01 下午 cn.how2j.diytomcat.catalina.Context <init>
INFO : Deployment of web application directory d:/tq_project/diytomcat/b has finished in 0 ms
01 06, 2022 14:14:01 下午 cn.how2j.diytomcat.catalina.Server logJVM
INFO : Server version:		How2J DiyTomcat/1.0.1
01 06, 2022 14:14:01 下午 cn.how2j.diytomcat.catalina.Server logJVM
INFO : Server built:		2020-04-08 10:20:22
01 06, 2022 14:14:01 下午 cn.how2j.diytomcat.catalina.Server logJVM
INFO : Server number:		1.0.1
01 06, 2022 14:14:01 下午 cn.how2j.diytomcat.catalina.Server logJVM
INFO : OS Name	:		Windows 10
01 06, 2022 14:14:01 下午 cn.how2j.diytomcat.catalina.Server logJVM
INFO : OS Version:		10.0
01 06, 2022 14:14:01 下午 cn.how2j.diytomcat.catalina.Server logJVM
INFO : Architecture:		amd64
01 06, 2022 14:14:01 下午 cn.how2j.diytomcat.catalina.Server logJVM
INFO : Java Home:		C:\Program Files\Java\jdk1.8.0_251\jre
01 06, 2022 14:14:01 下午 cn.how2j.diytomcat.catalina.Server logJVM
INFO : JVM Version:		1.8.0_251-b08
01 06, 2022 14:14:01 下午 cn.how2j.diytomcat.catalina.Server logJVM
INFO : JVM Vendor:		Oracle Corporation
01 06, 2022 14:29:37 下午 cn.how2j.diytomcat.catalina.Context <init>
INFO : Deploying web application directory D:\tq_project\diytomcat\webapps\a
01 06, 2022 14:29:37 下午 cn.how2j.diytomcat.catalina.Context <init>
INFO : Deployment of web application directory D:\tq_project\diytomcat\webapps\a has finished in 108 ms
01 06, 2022 14:29:37 下午 cn.how2j.diytomcat.catalina.Context <init>
INFO : Deploying web application directory D:\tq_project\diytomcat\webapps\ROOT
01 06, 2022 14:29:37 下午 cn.how2j.diytomcat.catalina.Context <init>
INFO : Deployment of web application directory D:\tq_project\diytomcat\webapps\ROOT has finished in 0 ms
01 06, 2022 14:29:37 下午 cn.how2j.diytomcat.catalina.Context <init>
INFO : Deploying web application directory d:/tq_project/diytomcat/b
01 06, 2022 14:29:37 下午 cn.how2j.diytomcat.catalina.Context <init>
INFO : Deployment of web application directory d:/tq_project/diytomcat/b has finished in 0 ms
01 06, 2022 14:29:37 下午 cn.how2j.diytomcat.catalina.Server logJVM
INFO : Server version:		How2J DiyTomcat/1.0.1
01 06, 2022 14:29:37 下午 cn.how2j.diytomcat.catalina.Server logJVM
INFO : Server built:		2020-04-08 10:20:22
01 06, 2022 14:29:37 下午 cn.how2j.diytomcat.catalina.Server logJVM
INFO : Server number:		1.0.1
01 06, 2022 14:29:37 下午 cn.how2j.diytomcat.catalina.Server logJVM
INFO : OS Name	:		Windows 10
01 06, 2022 14:29:37 下午 cn.how2j.diytomcat.catalina.Server logJVM
INFO : OS Version:		10.0
01 06, 2022 14:29:37 下午 cn.how2j.diytomcat.catalina.Server logJVM
INFO : Architecture:		amd64
01 06, 2022 14:29:37 下午 cn.how2j.diytomcat.catalina.Server logJVM
INFO : Java Home:		C:\Program Files\Java\jdk1.8.0_251\jre
01 06, 2022 14:29:37 下午 cn.how2j.diytomcat.catalina.Server logJVM
INFO : JVM Version:		1.8.0_251-b08
01 06, 2022 14:29:37 下午 cn.how2j.diytomcat.catalina.Server logJVM
INFO : JVM Vendor:		Oracle Corporation
01 06, 2022 14:38:42 下午 cn.how2j.diytomcat.catalina.Context <init>
INFO : Deploying web application directory D:\tq_project\diytomcat\webapps\a
01 06, 2022 14:38:42 下午 cn.how2j.diytomcat.catalina.Context <init>
INFO : Deployment of web application directory D:\tq_project\diytomcat\webapps\a has finished in 107 ms
01 06, 2022 14:38:42 下午 cn.how2j.diytomcat.catalina.Context <init>
INFO : Deploying web application directory D:\tq_project\diytomcat\webapps\ROOT
01 06, 2022 14:38:42 下午 cn.how2j.diytomcat.catalina.Context <init>
INFO : Deployment of web application directory D:\tq_project\diytomcat\webapps\ROOT has finished in 1 ms
01 06, 2022 14:38:42 下午 cn.how2j.diytomcat.catalina.Context <init>
INFO : Deploying web application directory d:/tq_project/diytomcat/b
01 06, 2022 14:38:42 下午 cn.how2j.diytomcat.catalina.Context <init>
INFO : Deployment of web application directory d:/tq_project/diytomcat/b has finished in 0 ms
01 06, 2022 14:38:42 下午 cn.how2j.diytomcat.catalina.Server logJVM
INFO : Server version:		How2J DiyTomcat/1.0.1
01 06, 2022 14:38:42 下午 cn.how2j.diytomcat.catalina.Server logJVM
INFO : Server built:		2020-04-08 10:20:22
01 06, 2022 14:38:42 下午 cn.how2j.diytomcat.catalina.Server logJVM
INFO : Server number:		1.0.1
01 06, 2022 14:38:42 下午 cn.how2j.diytomcat.catalina.Server logJVM
INFO : OS Name	:		Windows 10
01 06, 2022 14:38:42 下午 cn.how2j.diytomcat.catalina.Server logJVM
INFO : OS Version:		10.0
01 06, 2022 14:38:42 下午 cn.how2j.diytomcat.catalina.Server logJVM
INFO : Architecture:		amd64
01 06, 2022 14:38:42 下午 cn.how2j.diytomcat.catalina.Server logJVM
INFO : Java Home:		C:\Program Files\Java\jdk1.8.0_251\jre
01 06, 2022 14:38:42 下午 cn.how2j.diytomcat.catalina.Server logJVM
INFO : JVM Version:		1.8.0_251-b08
01 06, 2022 14:38:42 下午 cn.how2j.diytomcat.catalina.Server logJVM
INFO : JVM Vendor:		Oracle Corporation
01 06, 2022 14:39:34 下午 cn.how2j.diytomcat.catalina.Server error
ERROR: Connection reset
java.net.SocketException: Connection reset
	at java.net.SocketInputStream.read(SocketInputStream.java:210)
	at java.net.SocketInputStream.read(SocketInputStream.java:141)
	at java.net.SocketInputStream.read(SocketInputStream.java:127)
	at cn.how2j.diytomcat.util.MiniBrowser.readBytes(MiniBrowser.java:135)
	at cn.how2j.diytomcat.http.Request.parseHttpRequest(Request.java:67)
	at cn.how2j.diytomcat.http.Request.<init>(Request.java:33)
	at cn.how2j.diytomcat.catalina.Server.lambda$init$0(Server.java:46)
	at java.util.concurrent.ThreadPoolExecutor.runWorker(ThreadPoolExecutor.java:1149)
	at java.util.concurrent.ThreadPoolExecutor$Worker.run(ThreadPoolExecutor.java:624)
	at java.lang.Thread.run(Thread.java:748)
01 06, 2022 14:39:52 下午 cn.how2j.diytomcat.catalina.Server error
ERROR: Connection reset
java.net.SocketException: Connection reset
	at java.net.SocketInputStream.read(SocketInputStream.java:210)
	at java.net.SocketInputStream.read(SocketInputStream.java:141)
	at java.net.SocketInputStream.read(SocketInputStream.java:127)
	at cn.how2j.diytomcat.util.MiniBrowser.readBytes(MiniBrowser.java:135)
	at cn.how2j.diytomcat.http.Request.parseHttpRequest(Request.java:67)
	at cn.how2j.diytomcat.http.Request.<init>(Request.java:33)
	at cn.how2j.diytomcat.catalina.Server.lambda$init$0(Server.java:46)
	at java.util.concurrent.ThreadPoolExecutor.runWorker(ThreadPoolExecutor.java:1149)
	at java.util.concurrent.ThreadPoolExecutor$Worker.run(ThreadPoolExecutor.java:624)
	at java.lang.Thread.run(Thread.java:748)
01 06, 2022 14:39:56 下午 cn.how2j.diytomcat.catalina.Context <init>
INFO : Deploying web application directory D:\tq_project\diytomcat\webapps\a
01 06, 2022 14:39:56 下午 cn.how2j.diytomcat.catalina.Context <init>
INFO : Deployment of web application directory D:\tq_project\diytomcat\webapps\a has finished in 118 ms
01 06, 2022 14:39:56 下午 cn.how2j.diytomcat.catalina.Context <init>
INFO : Deploying web application directory D:\tq_project\diytomcat\webapps\ROOT
01 06, 2022 14:39:56 下午 cn.how2j.diytomcat.catalina.Context <init>
INFO : Deployment of web application directory D:\tq_project\diytomcat\webapps\ROOT has finished in 0 ms
01 06, 2022 14:39:56 下午 cn.how2j.diytomcat.catalina.Context <init>
INFO : Deploying web application directory d:/tq_project/diytomcat/b
01 06, 2022 14:39:56 下午 cn.how2j.diytomcat.catalina.Context <init>
INFO : Deployment of web application directory d:/tq_project/diytomcat/b has finished in 0 ms
01 06, 2022 14:39:56 下午 cn.how2j.diytomcat.catalina.Server logJVM
INFO : Server version:		How2J DiyTomcat/1.0.1
01 06, 2022 14:39:56 下午 cn.how2j.diytomcat.catalina.Server logJVM
INFO : Server built:		2020-04-08 10:20:22
01 06, 2022 14:39:56 下午 cn.how2j.diytomcat.catalina.Server logJVM
INFO : Server number:		1.0.1
01 06, 2022 14:39:56 下午 cn.how2j.diytomcat.catalina.Server logJVM
INFO : OS Name	:		Windows 10
01 06, 2022 14:39:56 下午 cn.how2j.diytomcat.catalina.Server logJVM
INFO : OS Version:		10.0
01 06, 2022 14:39:56 下午 cn.how2j.diytomcat.catalina.Server logJVM
INFO : Architecture:		amd64
01 06, 2022 14:39:56 下午 cn.how2j.diytomcat.catalina.Server logJVM
INFO : Java Home:		C:\Program Files\Java\jdk1.8.0_251\jre
01 06, 2022 14:39:56 下午 cn.how2j.diytomcat.catalina.Server logJVM
INFO : JVM Version:		1.8.0_251-b08
01 06, 2022 14:39:56 下午 cn.how2j.diytomcat.catalina.Server logJVM
INFO : JVM Vendor:		Oracle Corporation
01 06, 2022 14:43:36 下午 cn.how2j.diytomcat.catalina.Context <init>
INFO : Deploying web application directory D:\tq_project\diytomcat\webapps\a
01 06, 2022 14:43:36 下午 cn.how2j.diytomcat.catalina.Context <init>
INFO : Deployment of web application directory D:\tq_project\diytomcat\webapps\a has finished in 89 ms
01 06, 2022 14:43:36 下午 cn.how2j.diytomcat.catalina.Context <init>
INFO : Deploying web application directory D:\tq_project\diytomcat\webapps\ROOT
01 06, 2022 14:43:36 下午 cn.how2j.diytomcat.catalina.Context <init>
INFO : Deployment of web application directory D:\tq_project\diytomcat\webapps\ROOT has finished in 1 ms
01 06, 2022 14:43:36 下午 cn.how2j.diytomcat.catalina.Context <init>
INFO : Deploying web application directory d:/tq_project/diytomcat/b
01 06, 2022 14:43:36 下午 cn.how2j.diytomcat.catalina.Context <init>
INFO : Deployment of web application directory d:/tq_project/diytomcat/b has finished in 0 ms
01 06, 2022 14:43:36 下午 cn.how2j.diytomcat.catalina.Server logJVM
INFO : Server version:		How2J DiyTomcat/1.0.1
01 06, 2022 14:43:36 下午 cn.how2j.diytomcat.catalina.Server logJVM
INFO : Server built:		2020-04-08 10:20:22
01 06, 2022 14:43:36 下午 cn.how2j.diytomcat.catalina.Server logJVM
INFO : Server number:		1.0.1
01 06, 2022 14:43:36 下午 cn.how2j.diytomcat.catalina.Server logJVM
INFO : OS Name	:		Windows 10
01 06, 2022 14:43:36 下午 cn.how2j.diytomcat.catalina.Server logJVM
INFO : OS Version:		10.0
01 06, 2022 14:43:36 下午 cn.how2j.diytomcat.catalina.Server logJVM
INFO : Architecture:		amd64
01 06, 2022 14:43:36 下午 cn.how2j.diytomcat.catalina.Server logJVM
INFO : Java Home:		C:\Program Files\Java\jdk1.8.0_251\jre
01 06, 2022 14:43:36 下午 cn.how2j.diytomcat.catalina.Server logJVM
INFO : JVM Version:		1.8.0_251-b08
01 06, 2022 14:43:36 下午 cn.how2j.diytomcat.catalina.Server logJVM
INFO : JVM Vendor:		Oracle Corporation
01 06, 2022 15:09:42 下午 cn.how2j.diytomcat.catalina.Context <init>
INFO : Deploying web application directory D:\tq_project\diytomcat\webapps\a
01 06, 2022 15:09:42 下午 cn.how2j.diytomcat.catalina.Context <init>
INFO : Deployment of web application directory D:\tq_project\diytomcat\webapps\a has finished in 107 ms
01 06, 2022 15:09:42 下午 cn.how2j.diytomcat.catalina.Context <init>
INFO : Deploying web application directory D:\tq_project\diytomcat\webapps\ROOT
01 06, 2022 15:09:42 下午 cn.how2j.diytomcat.catalina.Context <init>
INFO : Deployment of web application directory D:\tq_project\diytomcat\webapps\ROOT has finished in 0 ms
01 06, 2022 15:09:42 下午 cn.how2j.diytomcat.catalina.Context <init>
INFO : Deploying web application directory d:/tq_project/diytomcat/b
01 06, 2022 15:09:42 下午 cn.how2j.diytomcat.catalina.Context <init>
INFO : Deployment of web application directory d:/tq_project/diytomcat/b has finished in 1 ms
01 06, 2022 15:09:42 下午 cn.how2j.diytomcat.catalina.Server logJVM
INFO : Server version:		How2J DiyTomcat/1.0.1
01 06, 2022 15:09:42 下午 cn.how2j.diytomcat.catalina.Server logJVM
INFO : Server built:		2020-04-08 10:20:22
01 06, 2022 15:09:42 下午 cn.how2j.diytomcat.catalina.Server logJVM
INFO : Server number:		1.0.1
01 06, 2022 15:09:42 下午 cn.how2j.diytomcat.catalina.Server logJVM
INFO : OS Name	:		Windows 10
01 06, 2022 15:09:42 下午 cn.how2j.diytomcat.catalina.Server logJVM
INFO : OS Version:		10.0
01 06, 2022 15:09:42 下午 cn.how2j.diytomcat.catalina.Server logJVM
INFO : Architecture:		amd64
01 06, 2022 15:09:42 下午 cn.how2j.diytomcat.catalina.Server logJVM
INFO : Java Home:		C:\Program Files\Java\jdk1.8.0_251\jre
01 06, 2022 15:09:42 下午 cn.how2j.diytomcat.catalina.Server logJVM
INFO : JVM Version:		1.8.0_251-b08
01 06, 2022 15:09:42 下午 cn.how2j.diytomcat.catalina.Server logJVM
INFO : JVM Vendor:		Oracle Corporation
01 06, 2022 15:09:42 下午 cn.how2j.diytomcat.catalina.Connector init
INFO : Initializing ProtocolHandler [http-bio-18080]
01 06, 2022 15:09:42 下午 cn.how2j.diytomcat.catalina.Connector init
INFO : Initializing ProtocolHandler [http-bio-18081]
01 06, 2022 15:09:42 下午 cn.how2j.diytomcat.catalina.Connector init
INFO : Initializing ProtocolHandler [http-bio-18082]
01 06, 2022 15:09:42 下午 cn.how2j.diytomcat.catalina.Service init
INFO : Initialization processed in 2 ms
01 06, 2022 15:09:42 下午 cn.how2j.diytomcat.catalina.Connector start
INFO : Starting ProtocolHandler [http-bio-18080]
01 06, 2022 15:09:42 下午 cn.how2j.diytomcat.catalina.Connector start
INFO : Starting ProtocolHandler [http-bio-18081]
01 06, 2022 15:09:42 下午 cn.how2j.diytomcat.catalina.Connector start
INFO : Starting ProtocolHandler [http-bio-18082]
01 06, 2022 15:09:42 下午 cn.how2j.diytomcat.catalina.Server start
INFO : Server startup in 7 ms
01 06, 2022 19:28:56 下午 cn.how2j.diytomcat.catalina.Context <init>
INFO : Deploying web application directory D:\tq_project\diytomcat\webapps\a
01 06, 2022 19:28:56 下午 cn.how2j.diytomcat.catalina.Context <init>
INFO : Deployment of web application directory D:\tq_project\diytomcat\webapps\a has finished in 99 ms
01 06, 2022 19:28:56 下午 cn.how2j.diytomcat.catalina.Context <init>
INFO : Deploying web application directory D:\tq_project\diytomcat\webapps\ROOT
01 06, 2022 19:28:56 下午 cn.how2j.diytomcat.catalina.Context <init>
INFO : Deployment of web application directory D:\tq_project\diytomcat\webapps\ROOT has finished in 0 ms
01 06, 2022 19:28:56 下午 cn.how2j.diytomcat.catalina.Context <init>
INFO : Deploying web application directory d:/tq_project/diytomcat/b
01 06, 2022 19:28:56 下午 cn.how2j.diytomcat.catalina.Context <init>
INFO : Deployment of web application directory d:/tq_project/diytomcat/b has finished in 0 ms
01 06, 2022 19:28:56 下午 cn.how2j.diytomcat.catalina.Server logJVM
INFO : Server version:		How2J DiyTomcat/1.0.1
01 06, 2022 19:28:56 下午 cn.how2j.diytomcat.catalina.Server logJVM
INFO : Server built:		2020-04-08 10:20:22
01 06, 2022 19:28:56 下午 cn.how2j.diytomcat.catalina.Server logJVM
INFO : Server number:		1.0.1
01 06, 2022 19:28:56 下午 cn.how2j.diytomcat.catalina.Server logJVM
INFO : OS Name	:		Windows 10
01 06, 2022 19:28:56 下午 cn.how2j.diytomcat.catalina.Server logJVM
INFO : OS Version:		10.0
01 06, 2022 19:28:56 下午 cn.how2j.diytomcat.catalina.Server logJVM
INFO : Architecture:		amd64
01 06, 2022 19:28:56 下午 cn.how2j.diytomcat.catalina.Server logJVM
INFO : Java Home:		C:\Program Files\Java\jdk1.8.0_251\jre
01 06, 2022 19:28:56 下午 cn.how2j.diytomcat.catalina.Server logJVM
INFO : JVM Version:		1.8.0_251-b08
01 06, 2022 19:28:56 下午 cn.how2j.diytomcat.catalina.Server logJVM
INFO : JVM Vendor:		Oracle Corporation
01 06, 2022 19:28:56 下午 cn.how2j.diytomcat.catalina.Connector init
INFO : Initializing ProtocolHandler [http-bio-18080]
01 06, 2022 19:28:56 下午 cn.how2j.diytomcat.catalina.Connector init
INFO : Initializing ProtocolHandler [http-bio-18081]
01 06, 2022 19:28:56 下午 cn.how2j.diytomcat.catalina.Connector init
INFO : Initializing ProtocolHandler [http-bio-18082]
01 06, 2022 19:28:56 下午 cn.how2j.diytomcat.catalina.Service init
INFO : Initialization processed in 2 ms
01 06, 2022 19:28:56 下午 cn.how2j.diytomcat.catalina.Connector start
INFO : Starting ProtocolHandler [http-bio-18080]
01 06, 2022 19:28:56 下午 cn.how2j.diytomcat.catalina.Connector start
INFO : Starting ProtocolHandler [http-bio-18081]
01 06, 2022 19:28:56 下午 cn.how2j.diytomcat.catalina.Connector start
INFO : Starting ProtocolHandler [http-bio-18082]
01 06, 2022 19:28:56 下午 cn.how2j.diytomcat.catalina.Server start
INFO : Server startup in 5 ms
01 06, 2022 19:29:05 下午 cn.how2j.diytomcat.catalina.Context <init>
INFO : Deploying web application directory D:\tq_project\diytomcat\webapps\a
01 06, 2022 19:29:05 下午 cn.how2j.diytomcat.catalina.Context <init>
INFO : Deployment of web application directory D:\tq_project\diytomcat\webapps\a has finished in 116 ms
01 06, 2022 19:29:05 下午 cn.how2j.diytomcat.catalina.Context <init>
INFO : Deploying web application directory D:\tq_project\diytomcat\webapps\ROOT
01 06, 2022 19:29:05 下午 cn.how2j.diytomcat.catalina.Context <init>
INFO : Deployment of web application directory D:\tq_project\diytomcat\webapps\ROOT has finished in 1 ms
01 06, 2022 19:29:05 下午 cn.how2j.diytomcat.catalina.Context <init>
INFO : Deploying web application directory d:/tq_project/diytomcat/b
01 06, 2022 19:29:05 下午 cn.how2j.diytomcat.catalina.Context <init>
INFO : Deployment of web application directory d:/tq_project/diytomcat/b has finished in 0 ms
01 06, 2022 19:29:05 下午 cn.how2j.diytomcat.catalina.Server logJVM
INFO : Server version:		How2J DiyTomcat/1.0.1
01 06, 2022 19:29:05 下午 cn.how2j.diytomcat.catalina.Server logJVM
INFO : Server built:		2020-04-08 10:20:22
01 06, 2022 19:29:05 下午 cn.how2j.diytomcat.catalina.Server logJVM
INFO : Server number:		1.0.1
01 06, 2022 19:29:05 下午 cn.how2j.diytomcat.catalina.Server logJVM
INFO : OS Name	:		Windows 10
01 06, 2022 19:29:05 下午 cn.how2j.diytomcat.catalina.Server logJVM
INFO : OS Version:		10.0
01 06, 2022 19:29:05 下午 cn.how2j.diytomcat.catalina.Server logJVM
INFO : Architecture:		amd64
01 06, 2022 19:29:05 下午 cn.how2j.diytomcat.catalina.Server logJVM
INFO : Java Home:		C:\Program Files\Java\jdk1.8.0_251\jre
01 06, 2022 19:29:05 下午 cn.how2j.diytomcat.catalina.Server logJVM
INFO : JVM Version:		1.8.0_251-b08
01 06, 2022 19:29:05 下午 cn.how2j.diytomcat.catalina.Server logJVM
INFO : JVM Vendor:		Oracle Corporation
01 06, 2022 19:29:05 下午 cn.how2j.diytomcat.catalina.Connector init
INFO : Initializing ProtocolHandler [http-bio-18080]
01 06, 2022 19:29:05 下午 cn.how2j.diytomcat.catalina.Connector init
INFO : Initializing ProtocolHandler [http-bio-18081]
01 06, 2022 19:29:05 下午 cn.how2j.diytomcat.catalina.Connector init
INFO : Initializing ProtocolHandler [http-bio-18082]
01 06, 2022 19:29:05 下午 cn.how2j.diytomcat.catalina.Service init
INFO : Initialization processed in 3 ms
01 06, 2022 19:29:05 下午 cn.how2j.diytomcat.catalina.Connector start
INFO : Starting ProtocolHandler [http-bio-18080]
01 06, 2022 19:29:05 下午 cn.how2j.diytomcat.catalina.Connector start
INFO : Starting ProtocolHandler [http-bio-18081]
01 06, 2022 19:29:05 下午 cn.how2j.diytomcat.catalina.Connector start
INFO : Starting ProtocolHandler [http-bio-18082]
01 06, 2022 19:29:05 下午 cn.how2j.diytomcat.catalina.Server start
INFO : Server startup in 6 ms
01 06, 2022 19:34:13 下午 cn.how2j.diytomcat.catalina.Context <init>
INFO : Deploying web application directory D:\tq_project\diytomcat\webapps\a
01 06, 2022 19:34:13 下午 cn.how2j.diytomcat.catalina.Context <init>
INFO : Deployment of web application directory D:\tq_project\diytomcat\webapps\a has finished in 110 ms
01 06, 2022 19:34:13 下午 cn.how2j.diytomcat.catalina.Context <init>
INFO : Deploying web application directory D:\tq_project\diytomcat\webapps\ROOT
01 06, 2022 19:34:13 下午 cn.how2j.diytomcat.catalina.Context <init>
INFO : Deployment of web application directory D:\tq_project\diytomcat\webapps\ROOT has finished in 0 ms
01 06, 2022 19:34:13 下午 cn.how2j.diytomcat.catalina.Context <init>
INFO : Deploying web application directory d:/tq_project/diytomcat/b
01 06, 2022 19:34:13 下午 cn.how2j.diytomcat.catalina.Context <init>
INFO : Deployment of web application directory d:/tq_project/diytomcat/b has finished in 0 ms
01 06, 2022 19:34:13 下午 cn.how2j.diytomcat.catalina.Server logJVM
INFO : Server version:		How2J DiyTomcat/1.0.1
01 06, 2022 19:34:13 下午 cn.how2j.diytomcat.catalina.Server logJVM
INFO : Server built:		2020-04-08 10:20:22
01 06, 2022 19:34:13 下午 cn.how2j.diytomcat.catalina.Server logJVM
INFO : Server number:		1.0.1
01 06, 2022 19:34:13 下午 cn.how2j.diytomcat.catalina.Server logJVM
INFO : OS Name	:		Windows 10
01 06, 2022 19:34:13 下午 cn.how2j.diytomcat.catalina.Server logJVM
INFO : OS Version:		10.0
01 06, 2022 19:34:13 下午 cn.how2j.diytomcat.catalina.Server logJVM
INFO : Architecture:		amd64
01 06, 2022 19:34:13 下午 cn.how2j.diytomcat.catalina.Server logJVM
INFO : Java Home:		C:\Program Files\Java\jdk1.8.0_251\jre
01 06, 2022 19:34:13 下午 cn.how2j.diytomcat.catalina.Server logJVM
INFO : JVM Version:		1.8.0_251-b08
01 06, 2022 19:34:13 下午 cn.how2j.diytomcat.catalina.Server logJVM
INFO : JVM Vendor:		Oracle Corporation
01 06, 2022 19:34:13 下午 cn.how2j.diytomcat.catalina.Connector init
INFO : Initializing ProtocolHandler [http-bio-18080]
01 06, 2022 19:34:13 下午 cn.how2j.diytomcat.catalina.Connector init
INFO : Initializing ProtocolHandler [http-bio-18081]
01 06, 2022 19:34:13 下午 cn.how2j.diytomcat.catalina.Connector init
INFO : Initializing ProtocolHandler [http-bio-18082]
01 06, 2022 19:34:13 下午 cn.how2j.diytomcat.catalina.Service init
INFO : Initialization processed in 2 ms
01 06, 2022 19:34:13 下午 cn.how2j.diytomcat.catalina.Connector start
INFO : Starting ProtocolHandler [http-bio-18080]
01 06, 2022 19:34:13 下午 cn.how2j.diytomcat.catalina.Connector start
INFO : Starting ProtocolHandler [http-bio-18081]
01 06, 2022 19:34:13 下午 cn.how2j.diytomcat.catalina.Connector start
INFO : Starting ProtocolHandler [http-bio-18082]
01 06, 2022 19:34:13 下午 cn.how2j.diytomcat.catalina.Server start
INFO : Server startup in 5 ms
01 06, 2022 19:35:21 下午 cn.how2j.diytomcat.catalina.Context <init>
INFO : Deploying web application directory D:\tq_project\diytomcat\webapps\a
01 06, 2022 19:35:21 下午 cn.how2j.diytomcat.catalina.Context <init>
INFO : Deployment of web application directory D:\tq_project\diytomcat\webapps\a has finished in 127 ms
01 06, 2022 19:35:21 下午 cn.how2j.diytomcat.catalina.Context <init>
INFO : Deploying web application directory D:\tq_project\diytomcat\webapps\ROOT
01 06, 2022 19:35:21 下午 cn.how2j.diytomcat.catalina.Context <init>
INFO : Deployment of web application directory D:\tq_project\diytomcat\webapps\ROOT has finished in 0 ms
01 06, 2022 19:35:21 下午 cn.how2j.diytomcat.catalina.Context <init>
INFO : Deploying web application directory d:/tq_project/diytomcat/b
01 06, 2022 19:35:21 下午 cn.how2j.diytomcat.catalina.Context <init>
INFO : Deployment of web application directory d:/tq_project/diytomcat/b has finished in 1 ms
01 06, 2022 19:35:21 下午 cn.how2j.diytomcat.catalina.Server logJVM
INFO : Server version:		How2J DiyTomcat/1.0.1
01 06, 2022 19:35:21 下午 cn.how2j.diytomcat.catalina.Server logJVM
INFO : Server built:		2020-04-08 10:20:22
01 06, 2022 19:35:21 下午 cn.how2j.diytomcat.catalina.Server logJVM
INFO : Server number:		1.0.1
01 06, 2022 19:35:21 下午 cn.how2j.diytomcat.catalina.Server logJVM
INFO : OS Name	:		Windows 10
01 06, 2022 19:35:21 下午 cn.how2j.diytomcat.catalina.Server logJVM
INFO : OS Version:		10.0
01 06, 2022 19:35:21 下午 cn.how2j.diytomcat.catalina.Server logJVM
INFO : Architecture:		amd64
01 06, 2022 19:35:21 下午 cn.how2j.diytomcat.catalina.Server logJVM
INFO : Java Home:		C:\Program Files\Java\jdk1.8.0_251\jre
01 06, 2022 19:35:21 下午 cn.how2j.diytomcat.catalina.Server logJVM
INFO : JVM Version:		1.8.0_251-b08
01 06, 2022 19:35:21 下午 cn.how2j.diytomcat.catalina.Server logJVM
INFO : JVM Vendor:		Oracle Corporation
01 06, 2022 19:35:21 下午 cn.how2j.diytomcat.catalina.Connector init
INFO : Initializing ProtocolHandler [http-bio-18080]
01 06, 2022 19:35:21 下午 cn.how2j.diytomcat.catalina.Connector init
INFO : Initializing ProtocolHandler [http-bio-18081]
01 06, 2022 19:35:21 下午 cn.how2j.diytomcat.catalina.Connector init
INFO : Initializing ProtocolHandler [http-bio-18082]
01 06, 2022 19:35:21 下午 cn.how2j.diytomcat.catalina.Service init
INFO : Initialization processed in 2 ms
01 06, 2022 19:35:21 下午 cn.how2j.diytomcat.catalina.Connector start
INFO : Starting ProtocolHandler [http-bio-18080]
01 06, 2022 19:35:21 下午 cn.how2j.diytomcat.catalina.Connector start
INFO : Starting ProtocolHandler [http-bio-18081]
01 06, 2022 19:35:21 下午 cn.how2j.diytomcat.catalina.Connector start
INFO : Starting ProtocolHandler [http-bio-18082]
01 06, 2022 19:35:21 下午 cn.how2j.diytomcat.catalina.Server start
INFO : Server startup in 4 ms
01 06, 2022 19:35:42 下午 cn.how2j.diytomcat.catalina.Context <init>
INFO : Deploying web application directory D:\tq_project\diytomcat\webapps\a
01 06, 2022 19:35:42 下午 cn.how2j.diytomcat.catalina.Context <init>
INFO : Deployment of web application directory D:\tq_project\diytomcat\webapps\a has finished in 120 ms
01 06, 2022 19:35:42 下午 cn.how2j.diytomcat.catalina.Context <init>
INFO : Deploying web application directory D:\tq_project\diytomcat\webapps\ROOT
01 06, 2022 19:35:42 下午 cn.how2j.diytomcat.catalina.Context <init>
INFO : Deployment of web application directory D:\tq_project\diytomcat\webapps\ROOT has finished in 0 ms
01 06, 2022 19:35:42 下午 cn.how2j.diytomcat.catalina.Context <init>
INFO : Deploying web application directory d:/tq_project/diytomcat/b
01 06, 2022 19:35:42 下午 cn.how2j.diytomcat.catalina.Context <init>
INFO : Deployment of web application directory d:/tq_project/diytomcat/b has finished in 1 ms
01 06, 2022 19:35:42 下午 cn.how2j.diytomcat.catalina.Server logJVM
INFO : Server version:		How2J DiyTomcat/1.0.1
01 06, 2022 19:35:42 下午 cn.how2j.diytomcat.catalina.Server logJVM
INFO : Server built:		2020-04-08 10:20:22
01 06, 2022 19:35:42 下午 cn.how2j.diytomcat.catalina.Server logJVM
INFO : Server number:		1.0.1
01 06, 2022 19:35:42 下午 cn.how2j.diytomcat.catalina.Server logJVM
INFO : OS Name	:		Windows 10
01 06, 2022 19:35:42 下午 cn.how2j.diytomcat.catalina.Server logJVM
INFO : OS Version:		10.0
01 06, 2022 19:35:42 下午 cn.how2j.diytomcat.catalina.Server logJVM
INFO : Architecture:		amd64
01 06, 2022 19:35:42 下午 cn.how2j.diytomcat.catalina.Server logJVM
INFO : Java Home:		C:\Program Files\Java\jdk1.8.0_251\jre
01 06, 2022 19:35:42 下午 cn.how2j.diytomcat.catalina.Server logJVM
INFO : JVM Version:		1.8.0_251-b08
01 06, 2022 19:35:42 下午 cn.how2j.diytomcat.catalina.Server logJVM
INFO : JVM Vendor:		Oracle Corporation
01 06, 2022 19:35:42 下午 cn.how2j.diytomcat.catalina.Connector init
INFO : Initializing ProtocolHandler [http-bio-18080]
01 06, 2022 19:35:42 下午 cn.how2j.diytomcat.catalina.Connector init
INFO : Initializing ProtocolHandler [http-bio-18081]
01 06, 2022 19:35:42 下午 cn.how2j.diytomcat.catalina.Connector init
INFO : Initializing ProtocolHandler [http-bio-18082]
01 06, 2022 19:35:42 下午 cn.how2j.diytomcat.catalina.Service init
INFO : Initialization processed in 1 ms
01 06, 2022 19:35:42 下午 cn.how2j.diytomcat.catalina.Connector start
INFO : Starting ProtocolHandler [http-bio-18080]
01 06, 2022 19:35:42 下午 cn.how2j.diytomcat.catalina.Connector start
INFO : Starting ProtocolHandler [http-bio-18081]
01 06, 2022 19:35:42 下午 cn.how2j.diytomcat.catalina.Connector start
INFO : Starting ProtocolHandler [http-bio-18082]
01 06, 2022 19:35:42 下午 cn.how2j.diytomcat.catalina.Server start
INFO : Server startup in 5 ms
01 06, 2022 19:37:56 下午 cn.how2j.diytomcat.catalina.Context <init>
INFO : Deploying web application directory D:\tq_project\diytomcat\webapps\a
01 06, 2022 19:37:56 下午 cn.how2j.diytomcat.catalina.Context <init>
INFO : Deployment of web application directory D:\tq_project\diytomcat\webapps\a has finished in 94 ms
01 06, 2022 19:37:56 下午 cn.how2j.diytomcat.catalina.Context <init>
INFO : Deploying web application directory D:\tq_project\diytomcat\webapps\ROOT
01 06, 2022 19:37:56 下午 cn.how2j.diytomcat.catalina.Context <init>
INFO : Deployment of web application directory D:\tq_project\diytomcat\webapps\ROOT has finished in 0 ms
01 06, 2022 19:37:56 下午 cn.how2j.diytomcat.catalina.Context <init>
INFO : Deploying web application directory d:/tq_project/diytomcat/b
01 06, 2022 19:37:56 下午 cn.how2j.diytomcat.catalina.Context <init>
INFO : Deployment of web application directory d:/tq_project/diytomcat/b has finished in 0 ms
01 06, 2022 19:37:56 下午 cn.how2j.diytomcat.catalina.Server logJVM
INFO : Server version:		How2J DiyTomcat/1.0.1
01 06, 2022 19:37:56 下午 cn.how2j.diytomcat.catalina.Server logJVM
INFO : Server built:		2020-04-08 10:20:22
01 06, 2022 19:37:56 下午 cn.how2j.diytomcat.catalina.Server logJVM
INFO : Server number:		1.0.1
01 06, 2022 19:37:56 下午 cn.how2j.diytomcat.catalina.Server logJVM
INFO : OS Name	:		Windows 10
01 06, 2022 19:37:56 下午 cn.how2j.diytomcat.catalina.Server logJVM
INFO : OS Version:		10.0
01 06, 2022 19:37:56 下午 cn.how2j.diytomcat.catalina.Server logJVM
INFO : Architecture:		amd64
01 06, 2022 19:37:56 下午 cn.how2j.diytomcat.catalina.Server logJVM
INFO : Java Home:		C:\Program Files\Java\jdk1.8.0_251\jre
01 06, 2022 19:37:56 下午 cn.how2j.diytomcat.catalina.Server logJVM
INFO : JVM Version:		1.8.0_251-b08
01 06, 2022 19:37:56 下午 cn.how2j.diytomcat.catalina.Server logJVM
INFO : JVM Vendor:		Oracle Corporation
01 06, 2022 19:37:56 下午 cn.how2j.diytomcat.catalina.Connector init
INFO : Initializing ProtocolHandler [http-bio-18080]
01 06, 2022 19:37:56 下午 cn.how2j.diytomcat.catalina.Connector init
INFO : Initializing ProtocolHandler [http-bio-18081]
01 06, 2022 19:37:56 下午 cn.how2j.diytomcat.catalina.Connector init
INFO : Initializing ProtocolHandler [http-bio-18082]
01 06, 2022 19:37:56 下午 cn.how2j.diytomcat.catalina.Service init
INFO : Initialization processed in 2 ms
01 06, 2022 19:37:56 下午 cn.how2j.diytomcat.catalina.Connector start
INFO : Starting ProtocolHandler [http-bio-18080]
01 06, 2022 19:37:56 下午 cn.how2j.diytomcat.catalina.Connector start
INFO : Starting ProtocolHandler [http-bio-18081]
01 06, 2022 19:37:56 下午 cn.how2j.diytomcat.catalina.Connector start
INFO : Starting ProtocolHandler [http-bio-18082]
01 06, 2022 19:37:56 下午 cn.how2j.diytomcat.catalina.Server start
INFO : Server startup in 4 ms
01 06, 2022 19:43:29 下午 cn.how2j.diytomcat.catalina.Context <init>
INFO : Deploying web application directory D:\tq_project\diytomcat\webapps\a
01 06, 2022 19:43:29 下午 cn.how2j.diytomcat.catalina.Context <init>
INFO : Deployment of web application directory D:\tq_project\diytomcat\webapps\a has finished in 98 ms
01 06, 2022 19:43:29 下午 cn.how2j.diytomcat.catalina.Context <init>
INFO : Deploying web application directory D:\tq_project\diytomcat\webapps\ROOT
01 06, 2022 19:43:29 下午 cn.how2j.diytomcat.catalina.Context <init>
INFO : Deployment of web application directory D:\tq_project\diytomcat\webapps\ROOT has finished in 0 ms
01 06, 2022 19:43:29 下午 cn.how2j.diytomcat.catalina.Context <init>
INFO : Deploying web application directory d:/tq_project/diytomcat/b
01 06, 2022 19:43:29 下午 cn.how2j.diytomcat.catalina.Context <init>
INFO : Deployment of web application directory d:/tq_project/diytomcat/b has finished in 1 ms
01 06, 2022 19:43:29 下午 cn.how2j.diytomcat.catalina.Server logJVM
INFO : Server version:		How2J DiyTomcat/1.0.1
01 06, 2022 19:43:29 下午 cn.how2j.diytomcat.catalina.Server logJVM
INFO : Server built:		2020-04-08 10:20:22
01 06, 2022 19:43:29 下午 cn.how2j.diytomcat.catalina.Server logJVM
INFO : Server number:		1.0.1
01 06, 2022 19:43:29 下午 cn.how2j.diytomcat.catalina.Server logJVM
INFO : OS Name	:		Windows 10
01 06, 2022 19:43:29 下午 cn.how2j.diytomcat.catalina.Server logJVM
INFO : OS Version:		10.0
01 06, 2022 19:43:29 下午 cn.how2j.diytomcat.catalina.Server logJVM
INFO : Architecture:		amd64
01 06, 2022 19:43:29 下午 cn.how2j.diytomcat.catalina.Server logJVM
INFO : Java Home:		C:\Program Files\Java\jdk1.8.0_251\jre
01 06, 2022 19:43:29 下午 cn.how2j.diytomcat.catalina.Server logJVM
INFO : JVM Version:		1.8.0_251-b08
01 06, 2022 19:43:29 下午 cn.how2j.diytomcat.catalina.Server logJVM
INFO : JVM Vendor:		Oracle Corporation
01 06, 2022 19:43:29 下午 cn.how2j.diytomcat.catalina.Connector init
INFO : Initializing ProtocolHandler [http-bio-18080]
01 06, 2022 19:43:29 下午 cn.how2j.diytomcat.catalina.Connector init
INFO : Initializing ProtocolHandler [http-bio-18081]
01 06, 2022 19:43:29 下午 cn.how2j.diytomcat.catalina.Connector init
INFO : Initializing ProtocolHandler [http-bio-18082]
01 06, 2022 19:43:29 下午 cn.how2j.diytomcat.catalina.Service init
INFO : Initialization processed in 2 ms
01 06, 2022 19:43:29 下午 cn.how2j.diytomcat.catalina.Connector start
INFO : Starting ProtocolHandler [http-bio-18080]
01 06, 2022 19:43:29 下午 cn.how2j.diytomcat.catalina.Connector start
INFO : Starting ProtocolHandler [http-bio-18081]
01 06, 2022 19:43:29 下午 cn.how2j.diytomcat.catalina.Connector start
INFO : Starting ProtocolHandler [http-bio-18082]
01 06, 2022 19:43:29 下午 cn.how2j.diytomcat.catalina.Server start
INFO : Server startup in 4 ms
