01 07, 2022 10:47:34 ‰∏äÂçà cn.how2j.diytomcat.catalina.Context <init>
INFO : Deploying web application directory D:\tq_project\diytomcat\webapps\a
01 07, 2022 10:47:34 ‰∏äÂçà cn.how2j.diytomcat.catalina.Context <init>
INFO : Deployment of web application directory D:\tq_project\diytomcat\webapps\a has finished in 107 ms
01 07, 2022 10:47:34 ‰∏äÂçà cn.how2j.diytomcat.catalina.Context <init>
INFO : Deploying web application directory D:\tq_project\diytomcat\webapps\ROOT
01 07, 2022 10:47:34 ‰∏äÂçà cn.how2j.diytomcat.catalina.Context <init>
INFO : Deployment of web application directory D:\tq_project\diytomcat\webapps\ROOT has finished in 0 ms
01 07, 2022 10:47:34 ‰∏äÂçà cn.how2j.diytomcat.catalina.Context <init>
INFO : Deploying web application directory d:/tq_project/diytomcat/b
01 07, 2022 10:47:34 ‰∏äÂçà cn.how2j.diytomcat.catalina.Context <init>
INFO : Deployment of web application directory d:/tq_project/diytomcat/b has finished in 0 ms
01 07, 2022 10:47:34 ‰∏äÂçà cn.how2j.diytomcat.catalina.Server logJVM
INFO : Server version:		How2J DiyTomcat/1.0.1
01 07, 2022 10:47:34 ‰∏äÂçà cn.how2j.diytomcat.catalina.Server logJVM
INFO : Server built:		2020-04-08 10:20:22
01 07, 2022 10:47:34 ‰∏äÂçà cn.how2j.diytomcat.catalina.Server logJVM
INFO : Server number:		1.0.1
01 07, 2022 10:47:34 ‰∏äÂçà cn.how2j.diytomcat.catalina.Server logJVM
INFO : OS Name	:		Windows 10
01 07, 2022 10:47:34 ‰∏äÂçà cn.how2j.diytomcat.catalina.Server logJVM
INFO : OS Version:		10.0
01 07, 2022 10:47:34 ‰∏äÂçà cn.how2j.diytomcat.catalina.Server logJVM
INFO : Architecture:		amd64
01 07, 2022 10:47:34 ‰∏äÂçà cn.how2j.diytomcat.catalina.Server logJVM
INFO : Java Home:		C:\Program Files\Java\jdk1.8.0_251\jre
01 07, 2022 10:47:34 ‰∏äÂçà cn.how2j.diytomcat.catalina.Server logJVM
INFO : JVM Version:		1.8.0_251-b08
01 07, 2022 10:47:34 ‰∏äÂçà cn.how2j.diytomcat.catalina.Server logJVM
INFO : JVM Vendor:		Oracle Corporation
01 07, 2022 10:47:34 ‰∏äÂçà cn.how2j.diytomcat.catalina.Connector init
INFO : Initializing ProtocolHandler [http-bio-18080]
01 07, 2022 10:47:34 ‰∏äÂçà cn.how2j.diytomcat.catalina.Connector init
INFO : Initializing ProtocolHandler [http-bio-18081]
01 07, 2022 10:47:34 ‰∏äÂçà cn.how2j.diytomcat.catalina.Connector init
INFO : Initializing ProtocolHandler [http-bio-18082]
01 07, 2022 10:47:34 ‰∏äÂçà cn.how2j.diytomcat.catalina.Service init
INFO : Initialization processed in 1 ms
01 07, 2022 10:47:34 ‰∏äÂçà cn.how2j.diytomcat.catalina.Connector start
INFO : Starting ProtocolHandler [http-bio-18080]
01 07, 2022 10:47:34 ‰∏äÂçà cn.how2j.diytomcat.catalina.Connector start
INFO : Starting ProtocolHandler [http-bio-18081]
01 07, 2022 10:47:34 ‰∏äÂçà cn.how2j.diytomcat.catalina.Connector start
INFO : Starting ProtocolHandler [http-bio-18082]
01 07, 2022 10:47:34 ‰∏äÂçà cn.how2j.diytomcat.catalina.Server start
INFO : Server startup in 4 ms
01 07, 2022 11:13:33 ‰∏äÂçà cn.how2j.diytomcat.catalina.Context deploy
INFO : Deploying web application directory D:\tq_project\diytomcat\webapps\a
01 07, 2022 11:13:33 ‰∏äÂçà cn.how2j.diytomcat.catalina.Context deploy
INFO : Deployment of web application directory D:\tq_project\diytomcat\webapps\a has finished in 101 ms
01 07, 2022 11:13:33 ‰∏äÂçà cn.how2j.diytomcat.catalina.Context deploy
INFO : Deploying web application directory D:\tq_project\diytomcat\webapps\j2ee
01 07, 2022 11:13:33 ‰∏äÂçà cn.how2j.diytomcat.catalina.Context deploy
INFO : Deployment of web application directory D:\tq_project\diytomcat\webapps\j2ee has finished in 1 ms
01 07, 2022 11:13:33 ‰∏äÂçà cn.how2j.diytomcat.catalina.Context deploy
INFO : Deploying web application directory D:\tq_project\diytomcat\webapps\ROOT
01 07, 2022 11:13:33 ‰∏äÂçà cn.how2j.diytomcat.catalina.Context deploy
INFO : Deployment of web application directory D:\tq_project\diytomcat\webapps\ROOT has finished in 0 ms
01 07, 2022 11:13:33 ‰∏äÂçà cn.how2j.diytomcat.catalina.Context deploy
INFO : Deploying web application directory d:/tq_project/diytomcat/b
01 07, 2022 11:13:33 ‰∏äÂçà cn.how2j.diytomcat.catalina.Context deploy
INFO : Deployment of web application directory d:/tq_project/diytomcat/b has finished in 0 ms
01 07, 2022 11:13:33 ‰∏äÂçà cn.how2j.diytomcat.catalina.Server logJVM
INFO : Server version:		How2J DiyTomcat/1.0.1
01 07, 2022 11:13:33 ‰∏äÂçà cn.how2j.diytomcat.catalina.Server logJVM
INFO : Server built:		2020-04-08 10:20:22
01 07, 2022 11:13:33 ‰∏äÂçà cn.how2j.diytomcat.catalina.Server logJVM
INFO : Server number:		1.0.1
01 07, 2022 11:13:33 ‰∏äÂçà cn.how2j.diytomcat.catalina.Server logJVM
INFO : OS Name	:		Windows 10
01 07, 2022 11:13:33 ‰∏äÂçà cn.how2j.diytomcat.catalina.Server logJVM
INFO : OS Version:		10.0
01 07, 2022 11:13:33 ‰∏äÂçà cn.how2j.diytomcat.catalina.Server logJVM
INFO : Architecture:		amd64
01 07, 2022 11:13:33 ‰∏äÂçà cn.how2j.diytomcat.catalina.Server logJVM
INFO : Java Home:		C:\Program Files\Java\jdk1.8.0_251\jre
01 07, 2022 11:13:33 ‰∏äÂçà cn.how2j.diytomcat.catalina.Server logJVM
INFO : JVM Version:		1.8.0_251-b08
01 07, 2022 11:13:33 ‰∏äÂçà cn.how2j.diytomcat.catalina.Server logJVM
INFO : JVM Vendor:		Oracle Corporation
01 07, 2022 11:13:33 ‰∏äÂçà cn.how2j.diytomcat.catalina.Connector init
INFO : Initializing ProtocolHandler [http-bio-18080]
01 07, 2022 11:13:33 ‰∏äÂçà cn.how2j.diytomcat.catalina.Connector init
INFO : Initializing ProtocolHandler [http-bio-18081]
01 07, 2022 11:13:33 ‰∏äÂçà cn.how2j.diytomcat.catalina.Connector init
INFO : Initializing ProtocolHandler [http-bio-18082]
01 07, 2022 11:13:33 ‰∏äÂçà cn.how2j.diytomcat.catalina.Service init
INFO : Initialization processed in 0 ms
01 07, 2022 11:13:33 ‰∏äÂçà cn.how2j.diytomcat.catalina.Connector start
INFO : Starting ProtocolHandler [http-bio-18080]
01 07, 2022 11:13:33 ‰∏äÂçà cn.how2j.diytomcat.catalina.Connector start
INFO : Starting ProtocolHandler [http-bio-18081]
01 07, 2022 11:13:33 ‰∏äÂçà cn.how2j.diytomcat.catalina.Connector start
INFO : Starting ProtocolHandler [http-bio-18082]
01 07, 2022 11:13:33 ‰∏äÂçà cn.how2j.diytomcat.catalina.Server start
INFO : Server startup in 4 ms
01 07, 2022 11:19:33 ‰∏äÂçà cn.how2j.diytomcat.catalina.Context deploy
INFO : Deploying web application directory D:\tq_project\diytomcat\webapps\a
01 07, 2022 11:19:33 ‰∏äÂçà cn.how2j.diytomcat.catalina.Context deploy
INFO : Deployment of web application directory D:\tq_project\diytomcat\webapps\a has finished in 128 ms
01 07, 2022 11:19:33 ‰∏äÂçà cn.how2j.diytomcat.catalina.Context deploy
INFO : Deploying web application directory D:\tq_project\diytomcat\webapps\j2ee
01 07, 2022 11:19:33 ‰∏äÂçà cn.how2j.diytomcat.catalina.Context deploy
INFO : Deployment of web application directory D:\tq_project\diytomcat\webapps\j2ee has finished in 1 ms
01 07, 2022 11:19:33 ‰∏äÂçà cn.how2j.diytomcat.catalina.Context deploy
INFO : Deploying web application directory D:\tq_project\diytomcat\webapps\ROOT
01 07, 2022 11:19:33 ‰∏äÂçà cn.how2j.diytomcat.catalina.Context deploy
INFO : Deployment of web application directory D:\tq_project\diytomcat\webapps\ROOT has finished in 1 ms
01 07, 2022 11:19:33 ‰∏äÂçà cn.how2j.diytomcat.catalina.Context deploy
INFO : Deploying web application directory d:/tq_project/diytomcat/b
01 07, 2022 11:19:33 ‰∏äÂçà cn.how2j.diytomcat.catalina.Context deploy
INFO : Deployment of web application directory d:/tq_project/diytomcat/b has finished in 0 ms
01 07, 2022 11:19:33 ‰∏äÂçà cn.how2j.diytomcat.catalina.Server logJVM
INFO : Server version:		How2J DiyTomcat/1.0.1
01 07, 2022 11:19:33 ‰∏äÂçà cn.how2j.diytomcat.catalina.Server logJVM
INFO : Server built:		2020-04-08 10:20:22
01 07, 2022 11:19:33 ‰∏äÂçà cn.how2j.diytomcat.catalina.Server logJVM
INFO : Server number:		1.0.1
01 07, 2022 11:19:33 ‰∏äÂçà cn.how2j.diytomcat.catalina.Server logJVM
INFO : OS Name	:		Windows 10
01 07, 2022 11:19:33 ‰∏äÂçà cn.how2j.diytomcat.catalina.Server logJVM
INFO : OS Version:		10.0
01 07, 2022 11:19:33 ‰∏äÂçà cn.how2j.diytomcat.catalina.Server logJVM
INFO : Architecture:		amd64
01 07, 2022 11:19:33 ‰∏äÂçà cn.how2j.diytomcat.catalina.Server logJVM
INFO : Java Home:		C:\Program Files\Java\jdk1.8.0_251\jre
01 07, 2022 11:19:33 ‰∏äÂçà cn.how2j.diytomcat.catalina.Server logJVM
INFO : JVM Version:		1.8.0_251-b08
01 07, 2022 11:19:33 ‰∏äÂçà cn.how2j.diytomcat.catalina.Server logJVM
INFO : JVM Vendor:		Oracle Corporation
01 07, 2022 11:19:33 ‰∏äÂçà cn.how2j.diytomcat.catalina.Connector init
INFO : Initializing ProtocolHandler [http-bio-18080]
01 07, 2022 11:19:33 ‰∏äÂçà cn.how2j.diytomcat.catalina.Connector init
INFO : Initializing ProtocolHandler [http-bio-18081]
01 07, 2022 11:19:33 ‰∏äÂçà cn.how2j.diytomcat.catalina.Connector init
INFO : Initializing ProtocolHandler [http-bio-18082]
01 07, 2022 11:19:33 ‰∏äÂçà cn.how2j.diytomcat.catalina.Service init
INFO : Initialization processed in 0 ms
01 07, 2022 11:19:33 ‰∏äÂçà cn.how2j.diytomcat.catalina.Connector start
INFO : Starting ProtocolHandler [http-bio-18080]
01 07, 2022 11:19:33 ‰∏äÂçà cn.how2j.diytomcat.catalina.Connector start
INFO : Starting ProtocolHandler [http-bio-18081]
01 07, 2022 11:19:33 ‰∏äÂçà cn.how2j.diytomcat.catalina.Connector start
INFO : Starting ProtocolHandler [http-bio-18082]
01 07, 2022 11:19:33 ‰∏äÂçà cn.how2j.diytomcat.catalina.Server start
INFO : Server startup in 4 ms
01 07, 2022 11:25:26 ‰∏äÂçà cn.how2j.diytomcat.catalina.Context deploy
INFO : Deploying web application directory D:\tq_project\diytomcat\webapps\a
01 07, 2022 11:25:26 ‰∏äÂçà cn.how2j.diytomcat.catalina.Context deploy
INFO : Deployment of web application directory D:\tq_project\diytomcat\webapps\a has finished in 119 ms
01 07, 2022 11:25:26 ‰∏äÂçà cn.how2j.diytomcat.catalina.Context deploy
INFO : Deploying web application directory D:\tq_project\diytomcat\webapps\j2ee
01 07, 2022 11:25:26 ‰∏äÂçà cn.how2j.diytomcat.catalina.Context deploy
INFO : Deployment of web application directory D:\tq_project\diytomcat\webapps\j2ee has finished in 0 ms
01 07, 2022 11:25:26 ‰∏äÂçà cn.how2j.diytomcat.catalina.Context deploy
INFO : Deploying web application directory D:\tq_project\diytomcat\webapps\ROOT
01 07, 2022 11:25:26 ‰∏äÂçà cn.how2j.diytomcat.catalina.Context deploy
INFO : Deployment of web application directory D:\tq_project\diytomcat\webapps\ROOT has finished in 0 ms
01 07, 2022 11:25:26 ‰∏äÂçà cn.how2j.diytomcat.catalina.Context deploy
INFO : Deploying web application directory d:/tq_project/diytomcat/b
01 07, 2022 11:25:26 ‰∏äÂçà cn.how2j.diytomcat.catalina.Context deploy
INFO : Deployment of web application directory d:/tq_project/diytomcat/b has finished in 1 ms
01 07, 2022 11:27:17 ‰∏äÂçà cn.how2j.diytomcat.catalina.Server logJVM
INFO : Server version:		How2J DiyTomcat/1.0.1
01 07, 2022 11:27:17 ‰∏äÂçà cn.how2j.diytomcat.catalina.Server logJVM
INFO : Server built:		2020-04-08 10:20:22
01 07, 2022 11:27:17 ‰∏äÂçà cn.how2j.diytomcat.catalina.Server logJVM
INFO : Server number:		1.0.1
01 07, 2022 11:27:17 ‰∏äÂçà cn.how2j.diytomcat.catalina.Server logJVM
INFO : OS Name	:		Windows 10
01 07, 2022 11:27:17 ‰∏äÂçà cn.how2j.diytomcat.catalina.Server logJVM
INFO : OS Version:		10.0
01 07, 2022 11:27:17 ‰∏äÂçà cn.how2j.diytomcat.catalina.Server logJVM
INFO : Architecture:		amd64
01 07, 2022 11:27:17 ‰∏äÂçà cn.how2j.diytomcat.catalina.Server logJVM
INFO : Java Home:		C:\Program Files\Java\jdk1.8.0_251\jre
01 07, 2022 11:27:17 ‰∏äÂçà cn.how2j.diytomcat.catalina.Server logJVM
INFO : JVM Version:		1.8.0_251-b08
01 07, 2022 11:27:17 ‰∏äÂçà cn.how2j.diytomcat.catalina.Server logJVM
INFO : JVM Vendor:		Oracle Corporation
01 07, 2022 11:27:17 ‰∏äÂçà cn.how2j.diytomcat.catalina.Connector init
INFO : Initializing ProtocolHandler [http-bio-18080]
01 07, 2022 11:27:17 ‰∏äÂçà cn.how2j.diytomcat.catalina.Connector init
INFO : Initializing ProtocolHandler [http-bio-18081]
01 07, 2022 11:27:17 ‰∏äÂçà cn.how2j.diytomcat.catalina.Connector init
INFO : Initializing ProtocolHandler [http-bio-18082]
01 07, 2022 11:27:17 ‰∏äÂçà cn.how2j.diytomcat.catalina.Service init
INFO : Initialization processed in 1 ms
01 07, 2022 11:27:17 ‰∏äÂçà cn.how2j.diytomcat.catalina.Connector start
INFO : Starting ProtocolHandler [http-bio-18080]
01 07, 2022 11:27:17 ‰∏äÂçà cn.how2j.diytomcat.catalina.Connector start
INFO : Starting ProtocolHandler [http-bio-18081]
01 07, 2022 11:27:17 ‰∏äÂçà cn.how2j.diytomcat.catalina.Connector start
INFO : Starting ProtocolHandler [http-bio-18082]
01 07, 2022 11:27:17 ‰∏äÂçà cn.how2j.diytomcat.catalina.Server start
INFO : Server startup in 5 ms
01 07, 2022 11:27:19 ‰∏äÂçà cn.how2j.diytomcat.catalina.Context deploy
INFO : Deploying web application directory D:\tq_project\diytomcat\webapps\a
01 07, 2022 11:27:19 ‰∏äÂçà cn.how2j.diytomcat.catalina.Context deploy
INFO : Deployment of web application directory D:\tq_project\diytomcat\webapps\a has finished in 115 ms
01 07, 2022 11:27:19 ‰∏äÂçà cn.how2j.diytomcat.catalina.Context deploy
INFO : Deploying web application directory D:\tq_project\diytomcat\webapps\j2ee
01 07, 2022 11:27:19 ‰∏äÂçà cn.how2j.diytomcat.catalina.Context deploy
INFO : Deployment of web application directory D:\tq_project\diytomcat\webapps\j2ee has finished in 1 ms
01 07, 2022 11:27:19 ‰∏äÂçà cn.how2j.diytomcat.catalina.Context deploy
INFO : Deploying web application directory D:\tq_project\diytomcat\webapps\ROOT
01 07, 2022 11:27:19 ‰∏äÂçà cn.how2j.diytomcat.catalina.Context deploy
INFO : Deployment of web application directory D:\tq_project\diytomcat\webapps\ROOT has finished in 0 ms
01 07, 2022 11:27:19 ‰∏äÂçà cn.how2j.diytomcat.catalina.Context deploy
INFO : Deploying web application directory d:/tq_project/diytomcat/b
01 07, 2022 11:27:19 ‰∏äÂçà cn.how2j.diytomcat.catalina.Context deploy
INFO : Deployment of web application directory d:/tq_project/diytomcat/b has finished in 1 ms
01 07, 2022 11:27:19 ‰∏äÂçà cn.how2j.diytomcat.catalina.Server logJVM
INFO : Server version:		How2J DiyTomcat/1.0.1
01 07, 2022 11:27:19 ‰∏äÂçà cn.how2j.diytomcat.catalina.Server logJVM
INFO : Server built:		2020-04-08 10:20:22
01 07, 2022 11:27:19 ‰∏äÂçà cn.how2j.diytomcat.catalina.Server logJVM
INFO : Server number:		1.0.1
01 07, 2022 11:27:19 ‰∏äÂçà cn.how2j.diytomcat.catalina.Server logJVM
INFO : OS Name	:		Windows 10
01 07, 2022 11:27:19 ‰∏äÂçà cn.how2j.diytomcat.catalina.Server logJVM
INFO : OS Version:		10.0
01 07, 2022 11:27:19 ‰∏äÂçà cn.how2j.diytomcat.catalina.Server logJVM
INFO : Architecture:		amd64
01 07, 2022 11:27:19 ‰∏äÂçà cn.how2j.diytomcat.catalina.Server logJVM
INFO : Java Home:		C:\Program Files\Java\jdk1.8.0_251\jre
01 07, 2022 11:27:19 ‰∏äÂçà cn.how2j.diytomcat.catalina.Server logJVM
INFO : JVM Version:		1.8.0_251-b08
01 07, 2022 11:27:19 ‰∏äÂçà cn.how2j.diytomcat.catalina.Server logJVM
INFO : JVM Vendor:		Oracle Corporation
01 07, 2022 11:27:19 ‰∏äÂçà cn.how2j.diytomcat.catalina.Connector init
INFO : Initializing ProtocolHandler [http-bio-18080]
01 07, 2022 11:27:19 ‰∏äÂçà cn.how2j.diytomcat.catalina.Connector init
INFO : Initializing ProtocolHandler [http-bio-18081]
01 07, 2022 11:27:19 ‰∏äÂçà cn.how2j.diytomcat.catalina.Connector init
INFO : Initializing ProtocolHandler [http-bio-18082]
01 07, 2022 11:27:19 ‰∏äÂçà cn.how2j.diytomcat.catalina.Service init
INFO : Initialization processed in 1 ms
01 07, 2022 11:27:19 ‰∏äÂçà cn.how2j.diytomcat.catalina.Connector start
INFO : Starting ProtocolHandler [http-bio-18080]
01 07, 2022 11:27:19 ‰∏äÂçà cn.how2j.diytomcat.catalina.Connector start
INFO : Starting ProtocolHandler [http-bio-18081]
01 07, 2022 11:27:19 ‰∏äÂçà cn.how2j.diytomcat.catalina.Connector start
INFO : Starting ProtocolHandler [http-bio-18082]
01 07, 2022 11:27:19 ‰∏äÂçà cn.how2j.diytomcat.catalina.Server start
INFO : Server startup in 7 ms
01 07, 2022 11:28:26 ‰∏äÂçà cn.how2j.diytomcat.catalina.Context deploy
INFO : Deploying web application directory D:\tq_project\diytomcat\webapps\a
01 07, 2022 11:28:26 ‰∏äÂçà cn.how2j.diytomcat.catalina.Context deploy
INFO : Deployment of web application directory D:\tq_project\diytomcat\webapps\a has finished in 119 ms
01 07, 2022 11:28:26 ‰∏äÂçà cn.how2j.diytomcat.catalina.Context deploy
INFO : Deploying web application directory D:\tq_project\diytomcat\webapps\j2ee
01 07, 2022 11:28:26 ‰∏äÂçà cn.how2j.diytomcat.catalina.Context deploy
INFO : Deployment of web application directory D:\tq_project\diytomcat\webapps\j2ee has finished in 1 ms
01 07, 2022 11:28:26 ‰∏äÂçà cn.how2j.diytomcat.catalina.Context deploy
INFO : Deploying web application directory D:\tq_project\diytomcat\webapps\ROOT
01 07, 2022 11:28:26 ‰∏äÂçà cn.how2j.diytomcat.catalina.Context deploy
INFO : Deployment of web application directory D:\tq_project\diytomcat\webapps\ROOT has finished in 0 ms
01 07, 2022 11:28:26 ‰∏äÂçà cn.how2j.diytomcat.catalina.Context deploy
INFO : Deploying web application directory d:/tq_project/diytomcat/b
01 07, 2022 11:28:26 ‰∏äÂçà cn.how2j.diytomcat.catalina.Context deploy
INFO : Deployment of web application directory d:/tq_project/diytomcat/b has finished in 0 ms
01 07, 2022 11:28:26 ‰∏äÂçà cn.how2j.diytomcat.catalina.Server logJVM
INFO : Server version:		How2J DiyTomcat/1.0.1
01 07, 2022 11:28:26 ‰∏äÂçà cn.how2j.diytomcat.catalina.Server logJVM
INFO : Server built:		2020-04-08 10:20:22
01 07, 2022 11:28:26 ‰∏äÂçà cn.how2j.diytomcat.catalina.Server logJVM
INFO : Server number:		1.0.1
01 07, 2022 11:28:26 ‰∏äÂçà cn.how2j.diytomcat.catalina.Server logJVM
INFO : OS Name	:		Windows 10
01 07, 2022 11:28:26 ‰∏äÂçà cn.how2j.diytomcat.catalina.Server logJVM
INFO : OS Version:		10.0
01 07, 2022 11:28:26 ‰∏äÂçà cn.how2j.diytomcat.catalina.Server logJVM
INFO : Architecture:		amd64
01 07, 2022 11:28:26 ‰∏äÂçà cn.how2j.diytomcat.catalina.Server logJVM
INFO : Java Home:		C:\Program Files\Java\jdk1.8.0_251\jre
01 07, 2022 11:28:26 ‰∏äÂçà cn.how2j.diytomcat.catalina.Server logJVM
INFO : JVM Version:		1.8.0_251-b08
01 07, 2022 11:28:26 ‰∏äÂçà cn.how2j.diytomcat.catalina.Server logJVM
INFO : JVM Vendor:		Oracle Corporation
01 07, 2022 11:28:26 ‰∏äÂçà cn.how2j.diytomcat.catalina.Connector init
INFO : Initializing ProtocolHandler [http-bio-18080]
01 07, 2022 11:28:26 ‰∏äÂçà cn.how2j.diytomcat.catalina.Connector init
INFO : Initializing ProtocolHandler [http-bio-18081]
01 07, 2022 11:28:26 ‰∏äÂçà cn.how2j.diytomcat.catalina.Connector init
INFO : Initializing ProtocolHandler [http-bio-18082]
01 07, 2022 11:28:26 ‰∏äÂçà cn.how2j.diytomcat.catalina.Service init
INFO : Initialization processed in 0 ms
01 07, 2022 11:28:26 ‰∏äÂçà cn.how2j.diytomcat.catalina.Connector start
INFO : Starting ProtocolHandler [http-bio-18080]
01 07, 2022 11:28:26 ‰∏äÂçà cn.how2j.diytomcat.catalina.Connector start
INFO : Starting ProtocolHandler [http-bio-18081]
01 07, 2022 11:28:26 ‰∏äÂçà cn.how2j.diytomcat.catalina.Connector start
INFO : Starting ProtocolHandler [http-bio-18082]
01 07, 2022 11:28:26 ‰∏äÂçà cn.how2j.diytomcat.catalina.Server start
INFO : Server startup in 5 ms
01 07, 2022 11:40:58 ‰∏äÂçà cn.how2j.diytomcat.catalina.Context deploy
INFO : Deploying web application directory D:\tq_project\diytomcat\webapps\a
01 07, 2022 11:40:58 ‰∏äÂçà cn.how2j.diytomcat.catalina.Context deploy
INFO : Deployment of web application directory D:\tq_project\diytomcat\webapps\a has finished in 108 ms
01 07, 2022 11:40:58 ‰∏äÂçà cn.how2j.diytomcat.catalina.Context deploy
INFO : Deploying web application directory D:\tq_project\diytomcat\webapps\j2ee
01 07, 2022 11:40:58 ‰∏äÂçà cn.how2j.diytomcat.catalina.Context deploy
INFO : Deployment of web application directory D:\tq_project\diytomcat\webapps\j2ee has finished in 1 ms
01 07, 2022 11:40:58 ‰∏äÂçà cn.how2j.diytomcat.catalina.Context deploy
INFO : Deploying web application directory D:\tq_project\diytomcat\webapps\ROOT
01 07, 2022 11:40:58 ‰∏äÂçà cn.how2j.diytomcat.catalina.Context deploy
INFO : Deployment of web application directory D:\tq_project\diytomcat\webapps\ROOT has finished in 1 ms
01 07, 2022 11:40:58 ‰∏äÂçà cn.how2j.diytomcat.catalina.Context deploy
INFO : Deploying web application directory d:/tq_project/diytomcat/b
01 07, 2022 11:40:58 ‰∏äÂçà cn.how2j.diytomcat.catalina.Context deploy
INFO : Deployment of web application directory d:/tq_project/diytomcat/b has finished in 0 ms
01 07, 2022 11:40:58 ‰∏äÂçà cn.how2j.diytomcat.catalina.Server logJVM
INFO : Server version:		How2J DiyTomcat/1.0.1
01 07, 2022 11:40:58 ‰∏äÂçà cn.how2j.diytomcat.catalina.Server logJVM
INFO : Server built:		2020-04-08 10:20:22
01 07, 2022 11:40:58 ‰∏äÂçà cn.how2j.diytomcat.catalina.Server logJVM
INFO : Server number:		1.0.1
01 07, 2022 11:40:58 ‰∏äÂçà cn.how2j.diytomcat.catalina.Server logJVM
INFO : OS Name	:		Windows 10
01 07, 2022 11:40:58 ‰∏äÂçà cn.how2j.diytomcat.catalina.Server logJVM
INFO : OS Version:		10.0
01 07, 2022 11:40:58 ‰∏äÂçà cn.how2j.diytomcat.catalina.Server logJVM
INFO : Architecture:		amd64
01 07, 2022 11:40:58 ‰∏äÂçà cn.how2j.diytomcat.catalina.Server logJVM
INFO : Java Home:		C:\Program Files\Java\jdk1.8.0_251\jre
01 07, 2022 11:40:58 ‰∏äÂçà cn.how2j.diytomcat.catalina.Server logJVM
INFO : JVM Version:		1.8.0_251-b08
01 07, 2022 11:40:58 ‰∏äÂçà cn.how2j.diytomcat.catalina.Server logJVM
INFO : JVM Vendor:		Oracle Corporation
01 07, 2022 11:40:58 ‰∏äÂçà cn.how2j.diytomcat.catalina.Connector init
INFO : Initializing ProtocolHandler [http-bio-18080]
01 07, 2022 11:40:58 ‰∏äÂçà cn.how2j.diytomcat.catalina.Connector init
INFO : Initializing ProtocolHandler [http-bio-18081]
01 07, 2022 11:40:58 ‰∏äÂçà cn.how2j.diytomcat.catalina.Connector init
INFO : Initializing ProtocolHandler [http-bio-18082]
01 07, 2022 11:40:58 ‰∏äÂçà cn.how2j.diytomcat.catalina.Service init
INFO : Initialization processed in 1 ms
01 07, 2022 11:40:58 ‰∏äÂçà cn.how2j.diytomcat.catalina.Connector start
INFO : Starting ProtocolHandler [http-bio-18080]
01 07, 2022 11:40:58 ‰∏äÂçà cn.how2j.diytomcat.catalina.Connector start
INFO : Starting ProtocolHandler [http-bio-18081]
01 07, 2022 11:40:58 ‰∏äÂçà cn.how2j.diytomcat.catalina.Connector start
INFO : Starting ProtocolHandler [http-bio-18082]
01 07, 2022 11:40:58 ‰∏äÂçà cn.how2j.diytomcat.catalina.Server start
INFO : Server startup in 4 ms
01 07, 2022 11:41:55 ‰∏äÂçà cn.how2j.diytomcat.catalina.Context deploy
INFO : Deploying web application directory D:\tq_project\diytomcat\webapps\a
01 07, 2022 11:41:55 ‰∏äÂçà cn.how2j.diytomcat.catalina.Context deploy
INFO : Deployment of web application directory D:\tq_project\diytomcat\webapps\a has finished in 117 ms
01 07, 2022 11:41:55 ‰∏äÂçà cn.how2j.diytomcat.catalina.Context deploy
INFO : Deploying web application directory D:\tq_project\diytomcat\webapps\j2ee
01 07, 2022 11:41:55 ‰∏äÂçà cn.how2j.diytomcat.catalina.Context deploy
INFO : Deployment of web application directory D:\tq_project\diytomcat\webapps\j2ee has finished in 1 ms
01 07, 2022 11:41:55 ‰∏äÂçà cn.how2j.diytomcat.catalina.Context deploy
INFO : Deploying web application directory D:\tq_project\diytomcat\webapps\ROOT
01 07, 2022 11:41:55 ‰∏äÂçà cn.how2j.diytomcat.catalina.Context deploy
INFO : Deployment of web application directory D:\tq_project\diytomcat\webapps\ROOT has finished in 0 ms
01 07, 2022 11:41:55 ‰∏äÂçà cn.how2j.diytomcat.catalina.Context deploy
INFO : Deploying web application directory d:/tq_project/diytomcat/b
01 07, 2022 11:41:55 ‰∏äÂçà cn.how2j.diytomcat.catalina.Context deploy
INFO : Deployment of web application directory d:/tq_project/diytomcat/b has finished in 1 ms
01 07, 2022 11:41:55 ‰∏äÂçà cn.how2j.diytomcat.catalina.Server logJVM
INFO : Server version:		How2J DiyTomcat/1.0.1
01 07, 2022 11:41:55 ‰∏äÂçà cn.how2j.diytomcat.catalina.Server logJVM
INFO : Server built:		2020-04-08 10:20:22
01 07, 2022 11:41:55 ‰∏äÂçà cn.how2j.diytomcat.catalina.Server logJVM
INFO : Server number:		1.0.1
01 07, 2022 11:41:55 ‰∏äÂçà cn.how2j.diytomcat.catalina.Server logJVM
INFO : OS Name	:		Windows 10
01 07, 2022 11:41:55 ‰∏äÂçà cn.how2j.diytomcat.catalina.Server logJVM
INFO : OS Version:		10.0
01 07, 2022 11:41:55 ‰∏äÂçà cn.how2j.diytomcat.catalina.Server logJVM
INFO : Architecture:		amd64
01 07, 2022 11:41:55 ‰∏äÂçà cn.how2j.diytomcat.catalina.Server logJVM
INFO : Java Home:		C:\Program Files\Java\jdk1.8.0_251\jre
01 07, 2022 11:41:55 ‰∏äÂçà cn.how2j.diytomcat.catalina.Server logJVM
INFO : JVM Version:		1.8.0_251-b08
01 07, 2022 11:41:55 ‰∏äÂçà cn.how2j.diytomcat.catalina.Server logJVM
INFO : JVM Vendor:		Oracle Corporation
01 07, 2022 11:41:55 ‰∏äÂçà cn.how2j.diytomcat.catalina.Connector init
INFO : Initializing ProtocolHandler [http-bio-18080]
01 07, 2022 11:41:55 ‰∏äÂçà cn.how2j.diytomcat.catalina.Connector init
INFO : Initializing ProtocolHandler [http-bio-18081]
01 07, 2022 11:41:55 ‰∏äÂçà cn.how2j.diytomcat.catalina.Connector init
INFO : Initializing ProtocolHandler [http-bio-18082]
01 07, 2022 11:41:55 ‰∏äÂçà cn.how2j.diytomcat.catalina.Service init
INFO : Initialization processed in 1 ms
01 07, 2022 11:41:55 ‰∏äÂçà cn.how2j.diytomcat.catalina.Connector start
INFO : Starting ProtocolHandler [http-bio-18080]
01 07, 2022 11:41:55 ‰∏äÂçà cn.how2j.diytomcat.catalina.Connector start
INFO : Starting ProtocolHandler [http-bio-18081]
01 07, 2022 11:41:55 ‰∏äÂçà cn.how2j.diytomcat.catalina.Connector start
INFO : Starting ProtocolHandler [http-bio-18082]
01 07, 2022 11:41:55 ‰∏äÂçà cn.how2j.diytomcat.catalina.Server start
INFO : Server startup in 4 ms
01 07, 2022 11:43:52 ‰∏äÂçà cn.how2j.diytomcat.catalina.Context deploy
INFO : Deploying web application directory D:\tq_project\diytomcat\webapps\a
01 07, 2022 11:43:52 ‰∏äÂçà cn.how2j.diytomcat.catalina.Context deploy
INFO : Deployment of web application directory D:\tq_project\diytomcat\webapps\a has finished in 96 ms
01 07, 2022 11:43:52 ‰∏äÂçà cn.how2j.diytomcat.catalina.Context deploy
INFO : Deploying web application directory D:\tq_project\diytomcat\webapps\j2ee
01 07, 2022 11:43:52 ‰∏äÂçà cn.how2j.diytomcat.catalina.Context deploy
INFO : Deployment of web application directory D:\tq_project\diytomcat\webapps\j2ee has finished in 4 ms
01 07, 2022 11:43:52 ‰∏äÂçà cn.how2j.diytomcat.catalina.Context deploy
INFO : Deploying web application directory D:\tq_project\diytomcat\webapps\ROOT
01 07, 2022 11:43:52 ‰∏äÂçà cn.how2j.diytomcat.catalina.Context deploy
INFO : Deployment of web application directory D:\tq_project\diytomcat\webapps\ROOT has finished in 1 ms
01 07, 2022 11:43:52 ‰∏äÂçà cn.how2j.diytomcat.catalina.Context deploy
INFO : Deploying web application directory d:/tq_project/diytomcat/b
01 07, 2022 11:43:52 ‰∏äÂçà cn.how2j.diytomcat.catalina.Context deploy
INFO : Deployment of web application directory d:/tq_project/diytomcat/b has finished in 0 ms
01 07, 2022 11:43:52 ‰∏äÂçà cn.how2j.diytomcat.catalina.Server logJVM
INFO : Server version:		How2J DiyTomcat/1.0.1
01 07, 2022 11:43:52 ‰∏äÂçà cn.how2j.diytomcat.catalina.Server logJVM
INFO : Server built:		2020-04-08 10:20:22
01 07, 2022 11:43:52 ‰∏äÂçà cn.how2j.diytomcat.catalina.Server logJVM
INFO : Server number:		1.0.1
01 07, 2022 11:43:52 ‰∏äÂçà cn.how2j.diytomcat.catalina.Server logJVM
INFO : OS Name	:		Windows 10
01 07, 2022 11:43:52 ‰∏äÂçà cn.how2j.diytomcat.catalina.Server logJVM
INFO : OS Version:		10.0
01 07, 2022 11:43:52 ‰∏äÂçà cn.how2j.diytomcat.catalina.Server logJVM
INFO : Architecture:		amd64
01 07, 2022 11:43:52 ‰∏äÂçà cn.how2j.diytomcat.catalina.Server logJVM
INFO : Java Home:		C:\Program Files\Java\jdk1.8.0_251\jre
01 07, 2022 11:43:52 ‰∏äÂçà cn.how2j.diytomcat.catalina.Server logJVM
INFO : JVM Version:		1.8.0_251-b08
01 07, 2022 11:43:52 ‰∏äÂçà cn.how2j.diytomcat.catalina.Server logJVM
INFO : JVM Vendor:		Oracle Corporation
01 07, 2022 11:43:52 ‰∏äÂçà cn.how2j.diytomcat.catalina.Connector init
INFO : Initializing ProtocolHandler [http-bio-18080]
01 07, 2022 11:43:52 ‰∏äÂçà cn.how2j.diytomcat.catalina.Connector init
INFO : Initializing ProtocolHandler [http-bio-18081]
01 07, 2022 11:43:52 ‰∏äÂçà cn.how2j.diytomcat.catalina.Connector init
INFO : Initializing ProtocolHandler [http-bio-18082]
01 07, 2022 11:43:52 ‰∏äÂçà cn.how2j.diytomcat.catalina.Service init
INFO : Initialization processed in 1 ms
01 07, 2022 11:43:52 ‰∏äÂçà cn.how2j.diytomcat.catalina.Connector start
INFO : Starting ProtocolHandler [http-bio-18080]
01 07, 2022 11:43:52 ‰∏äÂçà cn.how2j.diytomcat.catalina.Connector start
INFO : Starting ProtocolHandler [http-bio-18081]
01 07, 2022 11:43:52 ‰∏äÂçà cn.how2j.diytomcat.catalina.Connector start
INFO : Starting ProtocolHandler [http-bio-18082]
01 07, 2022 11:43:52 ‰∏äÂçà cn.how2j.diytomcat.catalina.Server start
INFO : Server startup in 6 ms
01 07, 2022 15:04:58 ‰∏ãÂçà cn.how2j.diytomcat.catalina.Context deploy
INFO : Deploying web application directory D:\tq_project\diytomcat\webapps\a
01 07, 2022 15:04:58 ‰∏ãÂçà cn.how2j.diytomcat.catalina.Context deploy
INFO : Deployment of web application directory D:\tq_project\diytomcat\webapps\a has finished in 114 ms
01 07, 2022 15:04:58 ‰∏ãÂçà cn.how2j.diytomcat.catalina.Context deploy
INFO : Deploying web application directory D:\tq_project\diytomcat\webapps\j2ee
01 07, 2022 15:04:58 ‰∏ãÂçà cn.how2j.diytomcat.catalina.Context deploy
INFO : Deployment of web application directory D:\tq_project\diytomcat\webapps\j2ee has finished in 4 ms
01 07, 2022 15:04:58 ‰∏ãÂçà cn.how2j.diytomcat.catalina.Context deploy
INFO : Deploying web application directory D:\tq_project\diytomcat\webapps\ROOT
01 07, 2022 15:04:58 ‰∏ãÂçà cn.how2j.diytomcat.catalina.Context deploy
INFO : Deployment of web application directory D:\tq_project\diytomcat\webapps\ROOT has finished in 1 ms
01 07, 2022 15:04:58 ‰∏ãÂçà cn.how2j.diytomcat.catalina.Context deploy
INFO : Deploying web application directory d:/tq_project/diytomcat/b
01 07, 2022 15:04:58 ‰∏ãÂçà cn.how2j.diytomcat.catalina.Context deploy
INFO : Deployment of web application directory d:/tq_project/diytomcat/b has finished in 1 ms
01 07, 2022 15:04:58 ‰∏ãÂçà cn.how2j.diytomcat.catalina.Server logJVM
INFO : Server version:		How2J DiyTomcat/1.0.1
01 07, 2022 15:04:58 ‰∏ãÂçà cn.how2j.diytomcat.catalina.Server logJVM
INFO : Server built:		2020-04-08 10:20:22
01 07, 2022 15:04:58 ‰∏ãÂçà cn.how2j.diytomcat.catalina.Server logJVM
INFO : Server number:		1.0.1
01 07, 2022 15:04:58 ‰∏ãÂçà cn.how2j.diytomcat.catalina.Server logJVM
INFO : OS Name	:		Windows 10
01 07, 2022 15:04:58 ‰∏ãÂçà cn.how2j.diytomcat.catalina.Server logJVM
INFO : OS Version:		10.0
01 07, 2022 15:04:58 ‰∏ãÂçà cn.how2j.diytomcat.catalina.Server logJVM
INFO : Architecture:		amd64
01 07, 2022 15:04:58 ‰∏ãÂçà cn.how2j.diytomcat.catalina.Server logJVM
INFO : Java Home:		C:\Program Files\Java\jdk1.8.0_251\jre
01 07, 2022 15:04:58 ‰∏ãÂçà cn.how2j.diytomcat.catalina.Server logJVM
INFO : JVM Version:		1.8.0_251-b08
01 07, 2022 15:04:58 ‰∏ãÂçà cn.how2j.diytomcat.catalina.Server logJVM
INFO : JVM Vendor:		Oracle Corporation
01 07, 2022 15:04:58 ‰∏ãÂçà cn.how2j.diytomcat.catalina.Connector init
INFO : Initializing ProtocolHandler [http-bio-18080]
01 07, 2022 15:04:58 ‰∏ãÂçà cn.how2j.diytomcat.catalina.Connector init
INFO : Initializing ProtocolHandler [http-bio-18081]
01 07, 2022 15:04:58 ‰∏ãÂçà cn.how2j.diytomcat.catalina.Connector init
INFO : Initializing ProtocolHandler [http-bio-18082]
01 07, 2022 15:04:58 ‰∏ãÂçà cn.how2j.diytomcat.catalina.Service init
INFO : Initialization processed in 1 ms
01 07, 2022 15:04:58 ‰∏ãÂçà cn.how2j.diytomcat.catalina.Connector start
INFO : Starting ProtocolHandler [http-bio-18080]
01 07, 2022 15:04:58 ‰∏ãÂçà cn.how2j.diytomcat.catalina.Connector start
INFO : Starting ProtocolHandler [http-bio-18081]
01 07, 2022 15:04:58 ‰∏ãÂçà cn.how2j.diytomcat.catalina.Connector start
INFO : Starting ProtocolHandler [http-bio-18082]
01 07, 2022 15:04:58 ‰∏ãÂçà cn.how2j.diytomcat.catalina.Server start
INFO : Server startup in 6 ms
01 07, 2022 15:12:36 ‰∏ãÂçà cn.how2j.diytomcat.catalina.Context deploy
INFO : Deploying web application directory D:\tq_project\diytomcat\webapps\a
01 07, 2022 15:12:36 ‰∏ãÂçà cn.how2j.diytomcat.catalina.Context deploy
INFO : Deployment of web application directory D:\tq_project\diytomcat\webapps\a has finished in 108 ms
01 07, 2022 15:12:36 ‰∏ãÂçà cn.how2j.diytomcat.catalina.Context deploy
INFO : Deploying web application directory D:\tq_project\diytomcat\webapps\j2ee
01 07, 2022 15:12:36 ‰∏ãÂçà cn.how2j.diytomcat.catalina.Context deploy
INFO : Deployment of web application directory D:\tq_project\diytomcat\webapps\j2ee has finished in 4 ms
01 07, 2022 15:12:36 ‰∏ãÂçà cn.how2j.diytomcat.catalina.Context deploy
INFO : Deploying web application directory D:\tq_project\diytomcat\webapps\ROOT
01 07, 2022 15:12:36 ‰∏ãÂçà cn.how2j.diytomcat.catalina.Context deploy
INFO : Deployment of web application directory D:\tq_project\diytomcat\webapps\ROOT has finished in 0 ms
01 07, 2022 15:12:36 ‰∏ãÂçà cn.how2j.diytomcat.catalina.Context deploy
INFO : Deploying web application directory d:/tq_project/diytomcat/b
01 07, 2022 15:12:36 ‰∏ãÂçà cn.how2j.diytomcat.catalina.Context deploy
INFO : Deployment of web application directory d:/tq_project/diytomcat/b has finished in 0 ms
01 07, 2022 15:12:36 ‰∏ãÂçà cn.how2j.diytomcat.catalina.Server logJVM
INFO : Server version:		How2J DiyTomcat/1.0.1
01 07, 2022 15:12:36 ‰∏ãÂçà cn.how2j.diytomcat.catalina.Server logJVM
INFO : Server built:		2020-04-08 10:20:22
01 07, 2022 15:12:36 ‰∏ãÂçà cn.how2j.diytomcat.catalina.Server logJVM
INFO : Server number:		1.0.1
01 07, 2022 15:12:36 ‰∏ãÂçà cn.how2j.diytomcat.catalina.Server logJVM
INFO : OS Name	:		Windows 10
01 07, 2022 15:12:36 ‰∏ãÂçà cn.how2j.diytomcat.catalina.Server logJVM
INFO : OS Version:		10.0
01 07, 2022 15:12:36 ‰∏ãÂçà cn.how2j.diytomcat.catalina.Server logJVM
INFO : Architecture:		amd64
01 07, 2022 15:12:36 ‰∏ãÂçà cn.how2j.diytomcat.catalina.Server logJVM
INFO : Java Home:		C:\Program Files\Java\jdk1.8.0_251\jre
01 07, 2022 15:12:36 ‰∏ãÂçà cn.how2j.diytomcat.catalina.Server logJVM
INFO : JVM Version:		1.8.0_251-b08
01 07, 2022 15:12:36 ‰∏ãÂçà cn.how2j.diytomcat.catalina.Server logJVM
INFO : JVM Vendor:		Oracle Corporation
01 07, 2022 15:12:36 ‰∏ãÂçà cn.how2j.diytomcat.catalina.Connector init
INFO : Initializing ProtocolHandler [http-bio-18080]
01 07, 2022 15:12:36 ‰∏ãÂçà cn.how2j.diytomcat.catalina.Connector init
INFO : Initializing ProtocolHandler [http-bio-18081]
01 07, 2022 15:12:36 ‰∏ãÂçà cn.how2j.diytomcat.catalina.Connector init
INFO : Initializing ProtocolHandler [http-bio-18082]
01 07, 2022 15:12:36 ‰∏ãÂçà cn.how2j.diytomcat.catalina.Service init
INFO : Initialization processed in 1 ms
01 07, 2022 15:12:36 ‰∏ãÂçà cn.how2j.diytomcat.catalina.Connector start
INFO : Starting ProtocolHandler [http-bio-18080]
01 07, 2022 15:12:36 ‰∏ãÂçà cn.how2j.diytomcat.catalina.Connector start
INFO : Starting ProtocolHandler [http-bio-18081]
01 07, 2022 15:12:36 ‰∏ãÂçà cn.how2j.diytomcat.catalina.Connector start
INFO : Starting ProtocolHandler [http-bio-18082]
01 07, 2022 15:12:36 ‰∏ãÂçà cn.how2j.diytomcat.catalina.Server start
INFO : Server startup in 6 ms
01 07, 2022 16:07:36 ‰∏ãÂçà cn.how2j.diytomcat.catalina.Context deploy
INFO : Deploying web application directory D:\tq_project\diytomcat\webapps\a
01 07, 2022 16:07:36 ‰∏ãÂçà cn.how2j.diytomcat.catalina.Context deploy
INFO : Deployment of web application directory D:\tq_project\diytomcat\webapps\a has finished in 113 ms
01 07, 2022 16:07:36 ‰∏ãÂçà cn.how2j.diytomcat.catalina.Context deploy
INFO : Deploying web application directory D:\tq_project\diytomcat\webapps\j2ee
01 07, 2022 16:07:36 ‰∏ãÂçà cn.how2j.diytomcat.catalina.Context deploy
INFO : Deployment of web application directory D:\tq_project\diytomcat\webapps\j2ee has finished in 4 ms
01 07, 2022 16:07:36 ‰∏ãÂçà cn.how2j.diytomcat.catalina.Context deploy
INFO : Deploying web application directory D:\tq_project\diytomcat\webapps\ROOT
01 07, 2022 16:07:36 ‰∏ãÂçà cn.how2j.diytomcat.catalina.Context deploy
INFO : Deployment of web application directory D:\tq_project\diytomcat\webapps\ROOT has finished in 1 ms
01 07, 2022 16:07:36 ‰∏ãÂçà cn.how2j.diytomcat.catalina.Context deploy
INFO : Deploying web application directory d:/tq_project/diytomcat/b
01 07, 2022 16:07:36 ‰∏ãÂçà cn.how2j.diytomcat.catalina.Context deploy
INFO : Deployment of web application directory d:/tq_project/diytomcat/b has finished in 1 ms
01 07, 2022 16:07:36 ‰∏ãÂçà cn.how2j.diytomcat.catalina.Server logJVM
INFO : Server version:		How2J DiyTomcat/1.0.1
01 07, 2022 16:07:36 ‰∏ãÂçà cn.how2j.diytomcat.catalina.Server logJVM
INFO : Server built:		2020-04-08 10:20:22
01 07, 2022 16:07:36 ‰∏ãÂçà cn.how2j.diytomcat.catalina.Server logJVM
INFO : Server number:		1.0.1
01 07, 2022 16:07:36 ‰∏ãÂçà cn.how2j.diytomcat.catalina.Server logJVM
INFO : OS Name	:		Windows 10
01 07, 2022 16:07:36 ‰∏ãÂçà cn.how2j.diytomcat.catalina.Server logJVM
INFO : OS Version:		10.0
01 07, 2022 16:07:36 ‰∏ãÂçà cn.how2j.diytomcat.catalina.Server logJVM
INFO : Architecture:		amd64
01 07, 2022 16:07:36 ‰∏ãÂçà cn.how2j.diytomcat.catalina.Server logJVM
INFO : Java Home:		C:\Program Files\Java\jdk1.8.0_251\jre
01 07, 2022 16:07:36 ‰∏ãÂçà cn.how2j.diytomcat.catalina.Server logJVM
INFO : JVM Version:		1.8.0_251-b08
01 07, 2022 16:07:36 ‰∏ãÂçà cn.how2j.diytomcat.catalina.Server logJVM
INFO : JVM Vendor:		Oracle Corporation
01 07, 2022 16:07:36 ‰∏ãÂçà cn.how2j.diytomcat.catalina.Connector init
INFO : Initializing ProtocolHandler [http-bio-18080]
01 07, 2022 16:07:36 ‰∏ãÂçà cn.how2j.diytomcat.catalina.Connector init
INFO : Initializing ProtocolHandler [http-bio-18081]
01 07, 2022 16:07:36 ‰∏ãÂçà cn.how2j.diytomcat.catalina.Connector init
INFO : Initializing ProtocolHandler [http-bio-18082]
01 07, 2022 16:07:36 ‰∏ãÂçà cn.how2j.diytomcat.catalina.Service init
INFO : Initialization processed in 1 ms
01 07, 2022 16:07:36 ‰∏ãÂçà cn.how2j.diytomcat.catalina.Connector start
INFO : Starting ProtocolHandler [http-bio-18080]
01 07, 2022 16:07:36 ‰∏ãÂçà cn.how2j.diytomcat.catalina.Connector start
INFO : Starting ProtocolHandler [http-bio-18081]
01 07, 2022 16:07:36 ‰∏ãÂçà cn.how2j.diytomcat.catalina.Connector start
INFO : Starting ProtocolHandler [http-bio-18082]
01 07, 2022 16:07:36 ‰∏ãÂçà cn.how2j.diytomcat.catalina.Server start
INFO : Server startup in 6 ms
01 07, 2022 16:10:44 ‰∏ãÂçà cn.how2j.diytomcat.catalina.Context deploy
INFO : Deploying web application directory D:\tq_project\diytomcat\webapps\a
01 07, 2022 16:10:44 ‰∏ãÂçà cn.how2j.diytomcat.catalina.Context deploy
INFO : Deployment of web application directory D:\tq_project\diytomcat\webapps\a has finished in 140 ms
01 07, 2022 16:10:44 ‰∏ãÂçà cn.how2j.diytomcat.catalina.Context deploy
INFO : Deploying web application directory D:\tq_project\diytomcat\webapps\j2ee
01 07, 2022 16:10:44 ‰∏ãÂçà cn.how2j.diytomcat.catalina.Context deploy
INFO : Deployment of web application directory D:\tq_project\diytomcat\webapps\j2ee has finished in 6 ms
01 07, 2022 16:10:44 ‰∏ãÂçà cn.how2j.diytomcat.catalina.Context deploy
INFO : Deploying web application directory D:\tq_project\diytomcat\webapps\ROOT
01 07, 2022 16:10:44 ‰∏ãÂçà cn.how2j.diytomcat.catalina.Context deploy
INFO : Deployment of web application directory D:\tq_project\diytomcat\webapps\ROOT has finished in 0 ms
01 07, 2022 16:10:44 ‰∏ãÂçà cn.how2j.diytomcat.catalina.Context deploy
INFO : Deploying web application directory d:/tq_project/diytomcat/b
01 07, 2022 16:10:44 ‰∏ãÂçà cn.how2j.diytomcat.catalina.Context deploy
INFO : Deployment of web application directory d:/tq_project/diytomcat/b has finished in 0 ms
01 07, 2022 16:10:44 ‰∏ãÂçà cn.how2j.diytomcat.catalina.Server logJVM
INFO : Server version:		How2J DiyTomcat/1.0.1
01 07, 2022 16:10:44 ‰∏ãÂçà cn.how2j.diytomcat.catalina.Server logJVM
INFO : Server built:		2020-04-08 10:20:22
01 07, 2022 16:10:44 ‰∏ãÂçà cn.how2j.diytomcat.catalina.Server logJVM
INFO : Server number:		1.0.1
01 07, 2022 16:10:44 ‰∏ãÂçà cn.how2j.diytomcat.catalina.Server logJVM
INFO : OS Name	:		Windows 10
01 07, 2022 16:10:44 ‰∏ãÂçà cn.how2j.diytomcat.catalina.Server logJVM
INFO : OS Version:		10.0
01 07, 2022 16:10:44 ‰∏ãÂçà cn.how2j.diytomcat.catalina.Server logJVM
INFO : Architecture:		amd64
01 07, 2022 16:10:44 ‰∏ãÂçà cn.how2j.diytomcat.catalina.Server logJVM
INFO : Java Home:		C:\Program Files\Java\jdk1.8.0_251\jre
01 07, 2022 16:10:44 ‰∏ãÂçà cn.how2j.diytomcat.catalina.Server logJVM
INFO : JVM Version:		1.8.0_251-b08
01 07, 2022 16:10:44 ‰∏ãÂçà cn.how2j.diytomcat.catalina.Server logJVM
INFO : JVM Vendor:		Oracle Corporation
01 07, 2022 16:10:44 ‰∏ãÂçà cn.how2j.diytomcat.catalina.Connector init
INFO : Initializing ProtocolHandler [http-bio-18080]
01 07, 2022 16:10:44 ‰∏ãÂçà cn.how2j.diytomcat.catalina.Connector init
INFO : Initializing ProtocolHandler [http-bio-18081]
01 07, 2022 16:10:44 ‰∏ãÂçà cn.how2j.diytomcat.catalina.Connector init
INFO : Initializing ProtocolHandler [http-bio-18082]
01 07, 2022 16:10:44 ‰∏ãÂçà cn.how2j.diytomcat.catalina.Service init
INFO : Initialization processed in 0 ms
01 07, 2022 16:10:44 ‰∏ãÂçà cn.how2j.diytomcat.catalina.Connector start
INFO : Starting ProtocolHandler [http-bio-18080]
01 07, 2022 16:10:44 ‰∏ãÂçà cn.how2j.diytomcat.catalina.Connector start
INFO : Starting ProtocolHandler [http-bio-18081]
01 07, 2022 16:10:44 ‰∏ãÂçà cn.how2j.diytomcat.catalina.Connector start
INFO : Starting ProtocolHandler [http-bio-18082]
01 07, 2022 16:10:44 ‰∏ãÂçà cn.how2j.diytomcat.catalina.Server start
INFO : Server startup in 7 ms
01 07, 2022 16:42:54 œ¬ŒÁ cn.how2j.diytomcat.catalina.Context deploy
INFO : Deploying web application directory D:\tq_project\diytomcat\webapps\a
01 07, 2022 16:42:54 œ¬ŒÁ cn.how2j.diytomcat.catalina.Context deploy
INFO : Deployment of web application directory D:\tq_project\diytomcat\webapps\a has finished in 87 ms
01 07, 2022 16:42:54 œ¬ŒÁ cn.how2j.diytomcat.catalina.Context deploy
INFO : Deploying web application directory D:\tq_project\diytomcat\webapps\j2ee
01 07, 2022 16:42:54 œ¬ŒÁ cn.how2j.diytomcat.catalina.Context deploy
INFO : Deployment of web application directory D:\tq_project\diytomcat\webapps\j2ee has finished in 5 ms
01 07, 2022 16:42:54 œ¬ŒÁ cn.how2j.diytomcat.catalina.Context deploy
INFO : Deploying web application directory D:\tq_project\diytomcat\webapps\ROOT
01 07, 2022 16:42:54 œ¬ŒÁ cn.how2j.diytomcat.catalina.Context deploy
INFO : Deployment of web application directory D:\tq_project\diytomcat\webapps\ROOT has finished in 2 ms
01 07, 2022 16:42:54 œ¬ŒÁ cn.how2j.diytomcat.catalina.Context deploy
INFO : Deploying web application directory d:/tq_project/diytomcat/b
01 07, 2022 16:42:54 œ¬ŒÁ cn.how2j.diytomcat.catalina.Context deploy
INFO : Deployment of web application directory d:/tq_project/diytomcat/b has finished in 0 ms
01 07, 2022 16:42:54 œ¬ŒÁ cn.how2j.diytomcat.catalina.Server logJVM
INFO : Server version:		How2J DiyTomcat/1.0.1
01 07, 2022 16:42:54 œ¬ŒÁ cn.how2j.diytomcat.catalina.Server logJVM
INFO : Server built:		2020-04-08 10:20:22
01 07, 2022 16:42:54 œ¬ŒÁ cn.how2j.diytomcat.catalina.Server logJVM
INFO : Server number:		1.0.1
01 07, 2022 16:42:54 œ¬ŒÁ cn.how2j.diytomcat.catalina.Server logJVM
INFO : OS Name	:		Windows 10
01 07, 2022 16:42:54 œ¬ŒÁ cn.how2j.diytomcat.catalina.Server logJVM
INFO : OS Version:		10.0
01 07, 2022 16:42:54 œ¬ŒÁ cn.how2j.diytomcat.catalina.Server logJVM
INFO : Architecture:		amd64
01 07, 2022 16:42:54 œ¬ŒÁ cn.how2j.diytomcat.catalina.Server logJVM
INFO : Java Home:		C:\Program Files\Java\jdk1.8.0_251\jre
01 07, 2022 16:42:54 œ¬ŒÁ cn.how2j.diytomcat.catalina.Server logJVM
INFO : JVM Version:		1.8.0_251-b08
01 07, 2022 16:42:54 œ¬ŒÁ cn.how2j.diytomcat.catalina.Server logJVM
INFO : JVM Vendor:		Oracle Corporation
01 07, 2022 16:42:54 œ¬ŒÁ cn.how2j.diytomcat.catalina.Connector init
INFO : Initializing ProtocolHandler [http-bio-18080]
01 07, 2022 16:42:54 œ¬ŒÁ cn.how2j.diytomcat.catalina.Connector init
INFO : Initializing ProtocolHandler [http-bio-18081]
01 07, 2022 16:42:54 œ¬ŒÁ cn.how2j.diytomcat.catalina.Connector init
INFO : Initializing ProtocolHandler [http-bio-18082]
01 07, 2022 16:42:54 œ¬ŒÁ cn.how2j.diytomcat.catalina.Service init
INFO : Initialization processed in 1 ms
01 07, 2022 16:42:54 œ¬ŒÁ cn.how2j.diytomcat.catalina.Connector start
INFO : Starting ProtocolHandler [http-bio-18080]
01 07, 2022 16:42:54 œ¬ŒÁ cn.how2j.diytomcat.catalina.Connector start
INFO : Starting ProtocolHandler [http-bio-18081]
01 07, 2022 16:42:54 œ¬ŒÁ cn.how2j.diytomcat.catalina.Connector start
INFO : Starting ProtocolHandler [http-bio-18082]
01 07, 2022 16:42:54 œ¬ŒÁ cn.how2j.diytomcat.catalina.Server start
INFO : Server startup in 11 ms
01 07, 2022 16:42:54 œ¬ŒÁ cn.how2j.diytomcat.catalina.Connector error
ERROR: Address already in use: JVM_Bind
java.net.BindException: Address already in use: JVM_Bind
	at java.net.DualStackPlainSocketImpl.bind0(Native Method)
	at java.net.DualStackPlainSocketImpl.socketBind(DualStackPlainSocketImpl.java:106)
	at java.net.AbstractPlainSocketImpl.bind(AbstractPlainSocketImpl.java:387)
	at java.net.PlainSocketImpl.bind(PlainSocketImpl.java:190)
	at java.net.ServerSocket.bind(ServerSocket.java:375)
	at java.net.ServerSocket.<init>(ServerSocket.java:237)
	at java.net.ServerSocket.<init>(ServerSocket.java:128)
	at cn.how2j.diytomcat.catalina.Connector.run(Connector.java:28)
	at java.lang.Thread.run(Thread.java:748)
01 07, 2022 16:42:54 œ¬ŒÁ cn.how2j.diytomcat.catalina.Connector error
ERROR: Address already in use: JVM_Bind
java.net.BindException: Address already in use: JVM_Bind
	at java.net.DualStackPlainSocketImpl.bind0(Native Method)
	at java.net.DualStackPlainSocketImpl.socketBind(DualStackPlainSocketImpl.java:106)
	at java.net.AbstractPlainSocketImpl.bind(AbstractPlainSocketImpl.java:387)
	at java.net.PlainSocketImpl.bind(PlainSocketImpl.java:190)
	at java.net.ServerSocket.bind(ServerSocket.java:375)
	at java.net.ServerSocket.<init>(ServerSocket.java:237)
	at java.net.ServerSocket.<init>(ServerSocket.java:128)
	at cn.how2j.diytomcat.catalina.Connector.run(Connector.java:28)
	at java.lang.Thread.run(Thread.java:748)
01 07, 2022 16:42:54 œ¬ŒÁ cn.how2j.diytomcat.catalina.Connector error
ERROR: Address already in use: JVM_Bind
java.net.BindException: Address already in use: JVM_Bind
	at java.net.DualStackPlainSocketImpl.bind0(Native Method)
	at java.net.DualStackPlainSocketImpl.socketBind(DualStackPlainSocketImpl.java:106)
	at java.net.AbstractPlainSocketImpl.bind(AbstractPlainSocketImpl.java:387)
	at java.net.PlainSocketImpl.bind(PlainSocketImpl.java:190)
	at java.net.ServerSocket.bind(ServerSocket.java:375)
	at java.net.ServerSocket.<init>(ServerSocket.java:237)
	at java.net.ServerSocket.<init>(ServerSocket.java:128)
	at cn.how2j.diytomcat.catalina.Connector.run(Connector.java:28)
	at java.lang.Thread.run(Thread.java:748)
01 07, 2022 16:43:57 œ¬ŒÁ cn.how2j.diytomcat.catalina.Context deploy
INFO : Deploying web application directory D:\tq_project\diytomcat\webapps\a
01 07, 2022 16:43:57 œ¬ŒÁ cn.how2j.diytomcat.catalina.Context deploy
INFO : Deployment of web application directory D:\tq_project\diytomcat\webapps\a has finished in 86 ms
01 07, 2022 16:43:57 œ¬ŒÁ cn.how2j.diytomcat.catalina.Context deploy
INFO : Deploying web application directory D:\tq_project\diytomcat\webapps\j2ee
01 07, 2022 16:43:57 œ¬ŒÁ cn.how2j.diytomcat.catalina.Context deploy
INFO : Deployment of web application directory D:\tq_project\diytomcat\webapps\j2ee has finished in 5 ms
01 07, 2022 16:43:57 œ¬ŒÁ cn.how2j.diytomcat.catalina.Context deploy
INFO : Deploying web application directory D:\tq_project\diytomcat\webapps\ROOT
01 07, 2022 16:43:57 œ¬ŒÁ cn.how2j.diytomcat.catalina.Context deploy
INFO : Deployment of web application directory D:\tq_project\diytomcat\webapps\ROOT has finished in 1 ms
01 07, 2022 16:43:57 œ¬ŒÁ cn.how2j.diytomcat.catalina.Context deploy
INFO : Deploying web application directory d:/tq_project/diytomcat/b
01 07, 2022 16:43:57 œ¬ŒÁ cn.how2j.diytomcat.catalina.Context deploy
INFO : Deployment of web application directory d:/tq_project/diytomcat/b has finished in 1 ms
01 07, 2022 16:43:57 œ¬ŒÁ cn.how2j.diytomcat.catalina.Server logJVM
INFO : Server version:		How2J DiyTomcat/1.0.1
01 07, 2022 16:43:57 œ¬ŒÁ cn.how2j.diytomcat.catalina.Server logJVM
INFO : Server built:		2020-04-08 10:20:22
01 07, 2022 16:43:57 œ¬ŒÁ cn.how2j.diytomcat.catalina.Server logJVM
INFO : Server number:		1.0.1
01 07, 2022 16:43:57 œ¬ŒÁ cn.how2j.diytomcat.catalina.Server logJVM
INFO : OS Name	:		Windows 10
01 07, 2022 16:43:57 œ¬ŒÁ cn.how2j.diytomcat.catalina.Server logJVM
INFO : OS Version:		10.0
01 07, 2022 16:43:57 œ¬ŒÁ cn.how2j.diytomcat.catalina.Server logJVM
INFO : Architecture:		amd64
01 07, 2022 16:43:57 œ¬ŒÁ cn.how2j.diytomcat.catalina.Server logJVM
INFO : Java Home:		C:\Program Files\Java\jdk1.8.0_251\jre
01 07, 2022 16:43:57 œ¬ŒÁ cn.how2j.diytomcat.catalina.Server logJVM
INFO : JVM Version:		1.8.0_251-b08
01 07, 2022 16:43:57 œ¬ŒÁ cn.how2j.diytomcat.catalina.Server logJVM
INFO : JVM Vendor:		Oracle Corporation
01 07, 2022 16:43:57 œ¬ŒÁ cn.how2j.diytomcat.catalina.Connector init
INFO : Initializing ProtocolHandler [http-bio-18080]
01 07, 2022 16:43:57 œ¬ŒÁ cn.how2j.diytomcat.catalina.Connector init
INFO : Initializing ProtocolHandler [http-bio-18081]
01 07, 2022 16:43:57 œ¬ŒÁ cn.how2j.diytomcat.catalina.Connector init
INFO : Initializing ProtocolHandler [http-bio-18082]
01 07, 2022 16:43:57 œ¬ŒÁ cn.how2j.diytomcat.catalina.Service init
INFO : Initialization processed in 1 ms
01 07, 2022 16:43:57 œ¬ŒÁ cn.how2j.diytomcat.catalina.Connector start
INFO : Starting ProtocolHandler [http-bio-18080]
01 07, 2022 16:43:57 œ¬ŒÁ cn.how2j.diytomcat.catalina.Connector start
INFO : Starting ProtocolHandler [http-bio-18081]
01 07, 2022 16:43:57 œ¬ŒÁ cn.how2j.diytomcat.catalina.Connector start
INFO : Starting ProtocolHandler [http-bio-18082]
01 07, 2022 16:43:57 œ¬ŒÁ cn.how2j.diytomcat.catalina.Server start
INFO : Server startup in 12 ms
01 07, 2022 19:26:37 ‰∏ãÂçà cn.how2j.diytomcat.catalina.Context <init>
INFO : Deploying web application directory D:\tq_project\diytomcat\webapps\a
01 07, 2022 19:26:37 ‰∏ãÂçà cn.how2j.diytomcat.catalina.Context deploy
INFO : Deploying web application directory D:\tq_project\diytomcat\webapps\a
01 07, 2022 19:26:37 ‰∏ãÂçà cn.how2j.diytomcat.catalina.Context deploy
INFO : Deployment of web application directory D:\tq_project\diytomcat\webapps\a has finished in 3 ms
01 07, 2022 19:26:37 ‰∏ãÂçà cn.how2j.diytomcat.catalina.Context <init>
INFO : Deployment of web application directory D:\tq_project\diytomcat\webapps\a has finished in 118 ms
01 07, 2022 19:26:37 ‰∏ãÂçà cn.how2j.diytomcat.catalina.Context <init>
INFO : Deploying web application directory D:\tq_project\diytomcat\webapps\j2ee
01 07, 2022 19:26:37 ‰∏ãÂçà cn.how2j.diytomcat.catalina.Context deploy
INFO : Deploying web application directory D:\tq_project\diytomcat\webapps\j2ee
01 07, 2022 19:26:37 ‰∏ãÂçà cn.how2j.diytomcat.catalina.Context deploy
INFO : Deployment of web application directory D:\tq_project\diytomcat\webapps\j2ee has finished in 4 ms
01 07, 2022 19:26:37 ‰∏ãÂçà cn.how2j.diytomcat.catalina.Context <init>
INFO : Deployment of web application directory D:\tq_project\diytomcat\webapps\j2ee has finished in 6 ms
01 07, 2022 19:26:37 ‰∏ãÂçà cn.how2j.diytomcat.catalina.Context <init>
INFO : Deploying web application directory D:\tq_project\diytomcat\webapps\ROOT
01 07, 2022 19:26:37 ‰∏ãÂçà cn.how2j.diytomcat.catalina.Context deploy
INFO : Deploying web application directory D:\tq_project\diytomcat\webapps\ROOT
01 07, 2022 19:26:37 ‰∏ãÂçà cn.how2j.diytomcat.catalina.Context deploy
INFO : Deployment of web application directory D:\tq_project\diytomcat\webapps\ROOT has finished in 1 ms
01 07, 2022 19:26:37 ‰∏ãÂçà cn.how2j.diytomcat.catalina.Context <init>
INFO : Deployment of web application directory D:\tq_project\diytomcat\webapps\ROOT has finished in 2 ms
01 07, 2022 19:26:37 ‰∏ãÂçà cn.how2j.diytomcat.catalina.Context <init>
INFO : Deploying web application directory d:/tq_project/diytomcat/b
01 07, 2022 19:26:37 ‰∏ãÂçà cn.how2j.diytomcat.catalina.Context deploy
INFO : Deploying web application directory d:/tq_project/diytomcat/b
01 07, 2022 19:26:37 ‰∏ãÂçà cn.how2j.diytomcat.catalina.Context deploy
INFO : Deployment of web application directory d:/tq_project/diytomcat/b has finished in 0 ms
01 07, 2022 19:26:37 ‰∏ãÂçà cn.how2j.diytomcat.catalina.Context <init>
INFO : Deployment of web application directory d:/tq_project/diytomcat/b has finished in 2 ms
01 07, 2022 19:26:37 ‰∏ãÂçà cn.how2j.diytomcat.catalina.Context <init>
INFO : Deploying web application directory d:/tq_project/javaweb/web
01 07, 2022 19:26:37 ‰∏ãÂçà cn.how2j.diytomcat.catalina.Context deploy
INFO : Deploying web application directory d:/tq_project/javaweb/web
01 07, 2022 19:26:37 ‰∏ãÂçà cn.how2j.diytomcat.catalina.Context deploy
INFO : Deployment of web application directory d:/tq_project/javaweb/web has finished in 2 ms
01 07, 2022 19:26:37 ‰∏ãÂçà cn.how2j.diytomcat.catalina.Context <init>
INFO : Deployment of web application directory d:/tq_project/javaweb/web has finished in 5 ms
01 07, 2022 19:26:37 ‰∏ãÂçà cn.how2j.diytomcat.catalina.Server logJVM
INFO : Server version:		How2J DiyTomcat/1.0.1
01 07, 2022 19:26:37 ‰∏ãÂçà cn.how2j.diytomcat.catalina.Server logJVM
INFO : Server built:		2020-04-08 10:20:22
01 07, 2022 19:26:37 ‰∏ãÂçà cn.how2j.diytomcat.catalina.Server logJVM
INFO : Server number:		1.0.1
01 07, 2022 19:26:37 ‰∏ãÂçà cn.how2j.diytomcat.catalina.Server logJVM
INFO : OS Name	:		Windows 10
01 07, 2022 19:26:37 ‰∏ãÂçà cn.how2j.diytomcat.catalina.Server logJVM
INFO : OS Version:		10.0
01 07, 2022 19:26:37 ‰∏ãÂçà cn.how2j.diytomcat.catalina.Server logJVM
INFO : Architecture:		amd64
01 07, 2022 19:26:37 ‰∏ãÂçà cn.how2j.diytomcat.catalina.Server logJVM
INFO : Java Home:		C:\Program Files\Java\jdk1.8.0_251\jre
01 07, 2022 19:26:37 ‰∏ãÂçà cn.how2j.diytomcat.catalina.Server logJVM
INFO : JVM Version:		1.8.0_251-b08
01 07, 2022 19:26:37 ‰∏ãÂçà cn.how2j.diytomcat.catalina.Server logJVM
INFO : JVM Vendor:		Oracle Corporation
01 07, 2022 19:26:37 ‰∏ãÂçà cn.how2j.diytomcat.catalina.Connector init
INFO : Initializing ProtocolHandler [http-bio-18080]
01 07, 2022 19:26:37 ‰∏ãÂçà cn.how2j.diytomcat.catalina.Connector init
INFO : Initializing ProtocolHandler [http-bio-18081]
01 07, 2022 19:26:37 ‰∏ãÂçà cn.how2j.diytomcat.catalina.Connector init
INFO : Initializing ProtocolHandler [http-bio-18082]
01 07, 2022 19:26:37 ‰∏ãÂçà cn.how2j.diytomcat.catalina.Service init
INFO : Initialization processed in 0 ms
01 07, 2022 19:26:37 ‰∏ãÂçà cn.how2j.diytomcat.catalina.Connector start
INFO : Starting ProtocolHandler [http-bio-18080]
01 07, 2022 19:26:37 ‰∏ãÂçà cn.how2j.diytomcat.catalina.Connector start
INFO : Starting ProtocolHandler [http-bio-18081]
01 07, 2022 19:26:37 ‰∏ãÂçà cn.how2j.diytomcat.catalina.Connector start
INFO : Starting ProtocolHandler [http-bio-18082]
01 07, 2022 19:26:37 ‰∏ãÂçà cn.how2j.diytomcat.catalina.Server start
INFO : Server startup in 3 ms
01 07, 2022 19:30:21 ‰∏ãÂçà cn.how2j.diytomcat.catalina.Context <init>
INFO : Deploying web application directory D:\tq_project\diytomcat\webapps\a
01 07, 2022 19:30:21 ‰∏ãÂçà cn.how2j.diytomcat.catalina.Context deploy
INFO : Deploying web application directory D:\tq_project\diytomcat\webapps\a
01 07, 2022 19:30:21 ‰∏ãÂçà cn.how2j.diytomcat.catalina.Context deploy
INFO : Deployment of web application directory D:\tq_project\diytomcat\webapps\a has finished in 1 ms
01 07, 2022 19:30:21 ‰∏ãÂçà cn.how2j.diytomcat.catalina.Context <init>
INFO : Deployment of web application directory D:\tq_project\diytomcat\webapps\a has finished in 120 ms
01 07, 2022 19:30:21 ‰∏ãÂçà cn.how2j.diytomcat.catalina.Context <init>
INFO : Deploying web application directory D:\tq_project\diytomcat\webapps\j2ee
01 07, 2022 19:30:21 ‰∏ãÂçà cn.how2j.diytomcat.catalina.Context deploy
INFO : Deploying web application directory D:\tq_project\diytomcat\webapps\j2ee
01 07, 2022 19:30:21 ‰∏ãÂçà cn.how2j.diytomcat.catalina.Context deploy
INFO : Deployment of web application directory D:\tq_project\diytomcat\webapps\j2ee has finished in 4 ms
01 07, 2022 19:30:21 ‰∏ãÂçà cn.how2j.diytomcat.catalina.Context <init>
INFO : Deployment of web application directory D:\tq_project\diytomcat\webapps\j2ee has finished in 5 ms
01 07, 2022 19:30:21 ‰∏ãÂçà cn.how2j.diytomcat.catalina.Context <init>
INFO : Deploying web application directory D:\tq_project\diytomcat\webapps\ROOT
01 07, 2022 19:30:21 ‰∏ãÂçà cn.how2j.diytomcat.catalina.Context deploy
INFO : Deploying web application directory D:\tq_project\diytomcat\webapps\ROOT
01 07, 2022 19:30:21 ‰∏ãÂçà cn.how2j.diytomcat.catalina.Context deploy
INFO : Deployment of web application directory D:\tq_project\diytomcat\webapps\ROOT has finished in 0 ms
01 07, 2022 19:30:21 ‰∏ãÂçà cn.how2j.diytomcat.catalina.Context <init>
INFO : Deployment of web application directory D:\tq_project\diytomcat\webapps\ROOT has finished in 1 ms
01 07, 2022 19:30:21 ‰∏ãÂçà cn.how2j.diytomcat.catalina.Context <init>
INFO : Deploying web application directory d:/tq_project/diytomcat/b
01 07, 2022 19:30:21 ‰∏ãÂçà cn.how2j.diytomcat.catalina.Context deploy
INFO : Deploying web application directory d:/tq_project/diytomcat/b
01 07, 2022 19:30:21 ‰∏ãÂçà cn.how2j.diytomcat.catalina.Context deploy
INFO : Deployment of web application directory d:/tq_project/diytomcat/b has finished in 1 ms
01 07, 2022 19:30:21 ‰∏ãÂçà cn.how2j.diytomcat.catalina.Context <init>
INFO : Deployment of web application directory d:/tq_project/diytomcat/b has finished in 2 ms
01 07, 2022 19:30:21 ‰∏ãÂçà cn.how2j.diytomcat.catalina.Context <init>
INFO : Deploying web application directory d:/tq_project/javaweb/web
01 07, 2022 19:30:21 ‰∏ãÂçà cn.how2j.diytomcat.catalina.Context deploy
INFO : Deploying web application directory d:/tq_project/javaweb/web
01 07, 2022 19:30:21 ‰∏ãÂçà cn.how2j.diytomcat.catalina.Context deploy
INFO : Deployment of web application directory d:/tq_project/javaweb/web has finished in 3 ms
01 07, 2022 19:30:21 ‰∏ãÂçà cn.how2j.diytomcat.catalina.Context <init>
INFO : Deployment of web application directory d:/tq_project/javaweb/web has finished in 4 ms
01 07, 2022 19:30:21 ‰∏ãÂçà cn.how2j.diytomcat.catalina.Server logJVM
INFO : Server version:		How2J DiyTomcat/1.0.1
01 07, 2022 19:30:21 ‰∏ãÂçà cn.how2j.diytomcat.catalina.Server logJVM
INFO : Server built:		2020-04-08 10:20:22
01 07, 2022 19:30:21 ‰∏ãÂçà cn.how2j.diytomcat.catalina.Server logJVM
INFO : Server number:		1.0.1
01 07, 2022 19:30:21 ‰∏ãÂçà cn.how2j.diytomcat.catalina.Server logJVM
INFO : OS Name	:		Windows 10
01 07, 2022 19:30:21 ‰∏ãÂçà cn.how2j.diytomcat.catalina.Server logJVM
INFO : OS Version:		10.0
01 07, 2022 19:30:21 ‰∏ãÂçà cn.how2j.diytomcat.catalina.Server logJVM
INFO : Architecture:		amd64
01 07, 2022 19:30:21 ‰∏ãÂçà cn.how2j.diytomcat.catalina.Server logJVM
INFO : Java Home:		C:\Program Files\Java\jdk1.8.0_251\jre
01 07, 2022 19:30:21 ‰∏ãÂçà cn.how2j.diytomcat.catalina.Server logJVM
INFO : JVM Version:		1.8.0_251-b08
01 07, 2022 19:30:21 ‰∏ãÂçà cn.how2j.diytomcat.catalina.Server logJVM
INFO : JVM Vendor:		Oracle Corporation
01 07, 2022 19:30:21 ‰∏ãÂçà cn.how2j.diytomcat.catalina.Connector init
INFO : Initializing ProtocolHandler [http-bio-18080]
01 07, 2022 19:30:21 ‰∏ãÂçà cn.how2j.diytomcat.catalina.Connector init
INFO : Initializing ProtocolHandler [http-bio-18081]
01 07, 2022 19:30:21 ‰∏ãÂçà cn.how2j.diytomcat.catalina.Connector init
INFO : Initializing ProtocolHandler [http-bio-18082]
01 07, 2022 19:30:21 ‰∏ãÂçà cn.how2j.diytomcat.catalina.Service init
INFO : Initialization processed in 1 ms
01 07, 2022 19:30:21 ‰∏ãÂçà cn.how2j.diytomcat.catalina.Connector start
INFO : Starting ProtocolHandler [http-bio-18080]
01 07, 2022 19:30:21 ‰∏ãÂçà cn.how2j.diytomcat.catalina.Connector start
INFO : Starting ProtocolHandler [http-bio-18081]
01 07, 2022 19:30:21 ‰∏ãÂçà cn.how2j.diytomcat.catalina.Connector start
INFO : Starting ProtocolHandler [http-bio-18082]
01 07, 2022 19:30:21 ‰∏ãÂçà cn.how2j.diytomcat.catalina.Server start
INFO : Server startup in 2 ms
01 07, 2022 19:44:49 ‰∏ãÂçà cn.how2j.diytomcat.catalina.Context <init>
INFO : Deploying web application directory D:\tq_project\diytomcat\webapps\a
01 07, 2022 19:44:49 ‰∏ãÂçà cn.how2j.diytomcat.catalina.Context <init>
INFO : Deployment of web application directory D:\tq_project\diytomcat\webapps\a has finished in 126 ms
01 07, 2022 19:44:49 ‰∏ãÂçà cn.how2j.diytomcat.catalina.Context <init>
INFO : Deploying web application directory D:\tq_project\diytomcat\webapps\j2ee
01 07, 2022 19:44:49 ‰∏ãÂçà cn.how2j.diytomcat.catalina.Context <init>
INFO : Deployment of web application directory D:\tq_project\diytomcat\webapps\j2ee has finished in 6 ms
01 07, 2022 19:44:49 ‰∏ãÂçà cn.how2j.diytomcat.catalina.Context <init>
INFO : Deploying web application directory D:\tq_project\diytomcat\webapps\ROOT
01 07, 2022 19:44:49 ‰∏ãÂçà cn.how2j.diytomcat.catalina.Context <init>
INFO : Deployment of web application directory D:\tq_project\diytomcat\webapps\ROOT has finished in 2 ms
01 07, 2022 19:44:49 ‰∏ãÂçà cn.how2j.diytomcat.catalina.Context <init>
INFO : Deploying web application directory d:/tq_project/diytomcat/b
01 07, 2022 19:44:49 ‰∏ãÂçà cn.how2j.diytomcat.catalina.Context <init>
INFO : Deployment of web application directory d:/tq_project/diytomcat/b has finished in 1 ms
01 07, 2022 19:44:49 ‰∏ãÂçà cn.how2j.diytomcat.catalina.Context <init>
INFO : Deploying web application directory d:/tq_project/javaweb/web
01 07, 2022 19:44:49 ‰∏ãÂçà cn.how2j.diytomcat.catalina.Context <init>
INFO : Deployment of web application directory d:/tq_project/javaweb/web has finished in 5 ms
01 07, 2022 19:44:49 ‰∏ãÂçà cn.how2j.diytomcat.catalina.Server logJVM
INFO : Server version:		How2J DiyTomcat/1.0.1
01 07, 2022 19:44:49 ‰∏ãÂçà cn.how2j.diytomcat.catalina.Server logJVM
INFO : Server built:		2020-04-08 10:20:22
01 07, 2022 19:44:49 ‰∏ãÂçà cn.how2j.diytomcat.catalina.Server logJVM
INFO : Server number:		1.0.1
01 07, 2022 19:44:49 ‰∏ãÂçà cn.how2j.diytomcat.catalina.Server logJVM
INFO : OS Name	:		Windows 10
01 07, 2022 19:44:49 ‰∏ãÂçà cn.how2j.diytomcat.catalina.Server logJVM
INFO : OS Version:		10.0
01 07, 2022 19:44:49 ‰∏ãÂçà cn.how2j.diytomcat.catalina.Server logJVM
INFO : Architecture:		amd64
01 07, 2022 19:44:49 ‰∏ãÂçà cn.how2j.diytomcat.catalina.Server logJVM
INFO : Java Home:		C:\Program Files\Java\jdk1.8.0_251\jre
01 07, 2022 19:44:49 ‰∏ãÂçà cn.how2j.diytomcat.catalina.Server logJVM
INFO : JVM Version:		1.8.0_251-b08
01 07, 2022 19:44:49 ‰∏ãÂçà cn.how2j.diytomcat.catalina.Server logJVM
INFO : JVM Vendor:		Oracle Corporation
01 07, 2022 19:44:49 ‰∏ãÂçà cn.how2j.diytomcat.catalina.Connector init
INFO : Initializing ProtocolHandler [http-bio-18080]
01 07, 2022 19:44:49 ‰∏ãÂçà cn.how2j.diytomcat.catalina.Connector init
INFO : Initializing ProtocolHandler [http-bio-18081]
01 07, 2022 19:44:49 ‰∏ãÂçà cn.how2j.diytomcat.catalina.Connector init
INFO : Initializing ProtocolHandler [http-bio-18082]
01 07, 2022 19:44:49 ‰∏ãÂçà cn.how2j.diytomcat.catalina.Service init
INFO : Initialization processed in 1 ms
01 07, 2022 19:44:49 ‰∏ãÂçà cn.how2j.diytomcat.catalina.Connector start
INFO : Starting ProtocolHandler [http-bio-18080]
01 07, 2022 19:44:49 ‰∏ãÂçà cn.how2j.diytomcat.catalina.Connector start
INFO : Starting ProtocolHandler [http-bio-18081]
01 07, 2022 19:44:49 ‰∏ãÂçà cn.how2j.diytomcat.catalina.Connector start
INFO : Starting ProtocolHandler [http-bio-18082]
01 07, 2022 19:44:49 ‰∏ãÂçà cn.how2j.diytomcat.catalina.Server start
INFO : Server startup in 5 ms
01 07, 2022 19:45:22 ‰∏ãÂçà cn.how2j.diytomcat.watcher.ContextFileChangeWatcher$1 dealWith
INFO : cn.how2j.diytomcat.watcher.ContextFileChangeWatcher@4a7bedab Ê£ÄÊµãÂà∞‰∫ÜWebÂ∫îÁî®‰∏ãÁöÑÈáçË¶ÅÊñá‰ª∂ÂèòÂåñ HelloServlet.class 
01 07, 2022 19:45:22 ‰∏ãÂçà cn.how2j.diytomcat.catalina.Host reload
INFO : Reloading Context with name [/javaweb] has started
01 07, 2022 19:45:22 ‰∏ãÂçà cn.how2j.diytomcat.catalina.Context <init>
INFO : Deploying web application directory d:/tq_project/javaweb/web
01 07, 2022 19:45:22 ‰∏ãÂçà cn.how2j.diytomcat.catalina.Context <init>
INFO : Deployment of web application directory d:/tq_project/javaweb/web has finished in 5 ms
01 07, 2022 19:45:22 ‰∏ãÂçà cn.how2j.diytomcat.catalina.Host reload
INFO : Reloading Context with name [/javaweb] has completed
01 07, 2022 19:53:22 ‰∏ãÂçà cn.how2j.diytomcat.catalina.Context <init>
INFO : Deploying web application directory D:\tq_project\diytomcat\webapps\a
01 07, 2022 19:53:22 ‰∏ãÂçà cn.how2j.diytomcat.catalina.Context <init>
INFO : Deployment of web application directory D:\tq_project\diytomcat\webapps\a has finished in 123 ms
01 07, 2022 19:53:22 ‰∏ãÂçà cn.how2j.diytomcat.catalina.Context <init>
INFO : Deploying web application directory D:\tq_project\diytomcat\webapps\j2ee
01 07, 2022 19:53:22 ‰∏ãÂçà cn.how2j.diytomcat.catalina.Context <init>
INFO : Deployment of web application directory D:\tq_project\diytomcat\webapps\j2ee has finished in 6 ms
01 07, 2022 19:53:22 ‰∏ãÂçà cn.how2j.diytomcat.catalina.Context <init>
INFO : Deploying web application directory D:\tq_project\diytomcat\webapps\ROOT
01 07, 2022 19:53:22 ‰∏ãÂçà cn.how2j.diytomcat.catalina.Context <init>
INFO : Deployment of web application directory D:\tq_project\diytomcat\webapps\ROOT has finished in 2 ms
01 07, 2022 19:53:22 ‰∏ãÂçà cn.how2j.diytomcat.catalina.Context <init>
INFO : Deploying web application directory d:/tq_project/diytomcat/b
01 07, 2022 19:53:22 ‰∏ãÂçà cn.how2j.diytomcat.catalina.Context <init>
INFO : Deployment of web application directory d:/tq_project/diytomcat/b has finished in 1 ms
01 07, 2022 19:53:22 ‰∏ãÂçà cn.how2j.diytomcat.catalina.Context <init>
INFO : Deploying web application directory d:/tq_project/javaweb/web
01 07, 2022 19:53:22 ‰∏ãÂçà cn.how2j.diytomcat.catalina.Context <init>
INFO : Deployment of web application directory d:/tq_project/javaweb/web has finished in 4 ms
01 07, 2022 19:53:22 ‰∏ãÂçà cn.how2j.diytomcat.catalina.Server logJVM
INFO : Server version:		How2J DiyTomcat/1.0.1
01 07, 2022 19:53:22 ‰∏ãÂçà cn.how2j.diytomcat.catalina.Server logJVM
INFO : Server built:		2020-04-08 10:20:22
01 07, 2022 19:53:22 ‰∏ãÂçà cn.how2j.diytomcat.catalina.Server logJVM
INFO : Server number:		1.0.1
01 07, 2022 19:53:22 ‰∏ãÂçà cn.how2j.diytomcat.catalina.Server logJVM
INFO : OS Name	:		Windows 10
01 07, 2022 19:53:22 ‰∏ãÂçà cn.how2j.diytomcat.catalina.Server logJVM
INFO : OS Version:		10.0
01 07, 2022 19:53:22 ‰∏ãÂçà cn.how2j.diytomcat.catalina.Server logJVM
INFO : Architecture:		amd64
01 07, 2022 19:53:22 ‰∏ãÂçà cn.how2j.diytomcat.catalina.Server logJVM
INFO : Java Home:		C:\Program Files\Java\jdk1.8.0_251\jre
01 07, 2022 19:53:22 ‰∏ãÂçà cn.how2j.diytomcat.catalina.Server logJVM
INFO : JVM Version:		1.8.0_251-b08
01 07, 2022 19:53:22 ‰∏ãÂçà cn.how2j.diytomcat.catalina.Server logJVM
INFO : JVM Vendor:		Oracle Corporation
01 07, 2022 19:53:22 ‰∏ãÂçà cn.how2j.diytomcat.catalina.Connector init
INFO : Initializing ProtocolHandler [http-bio-18080]
01 07, 2022 19:53:22 ‰∏ãÂçà cn.how2j.diytomcat.catalina.Connector init
INFO : Initializing ProtocolHandler [http-bio-18081]
01 07, 2022 19:53:22 ‰∏ãÂçà cn.how2j.diytomcat.catalina.Connector init
INFO : Initializing ProtocolHandler [http-bio-18082]
01 07, 2022 19:53:22 ‰∏ãÂçà cn.how2j.diytomcat.catalina.Service init
INFO : Initialization processed in 1 ms
01 07, 2022 19:53:22 ‰∏ãÂçà cn.how2j.diytomcat.catalina.Connector start
INFO : Starting ProtocolHandler [http-bio-18080]
01 07, 2022 19:53:22 ‰∏ãÂçà cn.how2j.diytomcat.catalina.Connector start
INFO : Starting ProtocolHandler [http-bio-18081]
01 07, 2022 19:53:22 ‰∏ãÂçà cn.how2j.diytomcat.catalina.Connector start
INFO : Starting ProtocolHandler [http-bio-18082]
01 07, 2022 19:53:22 ‰∏ãÂçà cn.how2j.diytomcat.catalina.Server start
INFO : Server startup in 6 ms
01 07, 2022 19:54:01 ‰∏ãÂçà cn.how2j.diytomcat.watcher.ContextFileChangeWatcher$1 dealWith
INFO : cn.how2j.diytomcat.watcher.ContextFileChangeWatcher@7aceaa3b Ê£ÄÊµãÂà∞‰∫ÜWebÂ∫îÁî®‰∏ãÁöÑÈáçË¶ÅÊñá‰ª∂ÂèòÂåñ HelloServlet.class 
01 07, 2022 19:54:01 ‰∏ãÂçà cn.how2j.diytomcat.catalina.Host reload
INFO : Reloading Context with name [/javaweb] has started
01 07, 2022 19:54:01 ‰∏ãÂçà cn.how2j.diytomcat.catalina.Context <init>
INFO : Deploying web application directory d:/tq_project/javaweb/web
01 07, 2022 19:54:01 ‰∏ãÂçà cn.how2j.diytomcat.catalina.Context <init>
INFO : Deployment of web application directory d:/tq_project/javaweb/web has finished in 6 ms
01 07, 2022 19:54:01 ‰∏ãÂçà cn.how2j.diytomcat.catalina.Host reload
INFO : Reloading Context with name [/javaweb] has completed
01 07, 2022 19:56:05 ‰∏ãÂçà cn.how2j.diytomcat.catalina.Context <init>
INFO : Deploying web application directory D:\tq_project\diytomcat\webapps\a
01 07, 2022 19:56:05 ‰∏ãÂçà cn.how2j.diytomcat.catalina.Context <init>
INFO : Deployment of web application directory D:\tq_project\diytomcat\webapps\a has finished in 108 ms
01 07, 2022 19:56:05 ‰∏ãÂçà cn.how2j.diytomcat.catalina.Context <init>
INFO : Deploying web application directory D:\tq_project\diytomcat\webapps\j2ee
01 07, 2022 19:56:05 ‰∏ãÂçà cn.how2j.diytomcat.catalina.Context <init>
INFO : Deployment of web application directory D:\tq_project\diytomcat\webapps\j2ee has finished in 6 ms
01 07, 2022 19:56:05 ‰∏ãÂçà cn.how2j.diytomcat.catalina.Context <init>
INFO : Deploying web application directory D:\tq_project\diytomcat\webapps\ROOT
01 07, 2022 19:56:05 ‰∏ãÂçà cn.how2j.diytomcat.catalina.Context <init>
INFO : Deployment of web application directory D:\tq_project\diytomcat\webapps\ROOT has finished in 3 ms
01 07, 2022 19:56:06 ‰∏ãÂçà cn.how2j.diytomcat.catalina.Context <init>
INFO : Deploying web application directory d:/tq_project/diytomcat/b
01 07, 2022 19:56:06 ‰∏ãÂçà cn.how2j.diytomcat.catalina.Context <init>
INFO : Deployment of web application directory d:/tq_project/diytomcat/b has finished in 1 ms
01 07, 2022 19:56:06 ‰∏ãÂçà cn.how2j.diytomcat.catalina.Context <init>
INFO : Deploying web application directory d:/tq_project/javaweb/web
01 07, 2022 19:56:06 ‰∏ãÂçà cn.how2j.diytomcat.catalina.Context <init>
INFO : Deployment of web application directory d:/tq_project/javaweb/web has finished in 4 ms
01 07, 2022 19:56:06 ‰∏ãÂçà cn.how2j.diytomcat.catalina.Server logJVM
INFO : Server version:		How2J DiyTomcat/1.0.1
01 07, 2022 19:56:06 ‰∏ãÂçà cn.how2j.diytomcat.catalina.Server logJVM
INFO : Server built:		2020-04-08 10:20:22
01 07, 2022 19:56:06 ‰∏ãÂçà cn.how2j.diytomcat.catalina.Server logJVM
INFO : Server number:		1.0.1
01 07, 2022 19:56:06 ‰∏ãÂçà cn.how2j.diytomcat.catalina.Server logJVM
INFO : OS Name	:		Windows 10
01 07, 2022 19:56:06 ‰∏ãÂçà cn.how2j.diytomcat.catalina.Server logJVM
INFO : OS Version:		10.0
01 07, 2022 19:56:06 ‰∏ãÂçà cn.how2j.diytomcat.catalina.Server logJVM
INFO : Architecture:		amd64
01 07, 2022 19:56:06 ‰∏ãÂçà cn.how2j.diytomcat.catalina.Server logJVM
INFO : Java Home:		C:\Program Files\Java\jdk1.8.0_251\jre
01 07, 2022 19:56:06 ‰∏ãÂçà cn.how2j.diytomcat.catalina.Server logJVM
INFO : JVM Version:		1.8.0_251-b08
01 07, 2022 19:56:06 ‰∏ãÂçà cn.how2j.diytomcat.catalina.Server logJVM
INFO : JVM Vendor:		Oracle Corporation
01 07, 2022 19:56:06 ‰∏ãÂçà cn.how2j.diytomcat.catalina.Connector init
INFO : Initializing ProtocolHandler [http-bio-18080]
01 07, 2022 19:56:06 ‰∏ãÂçà cn.how2j.diytomcat.catalina.Connector init
INFO : Initializing ProtocolHandler [http-bio-18081]
01 07, 2022 19:56:06 ‰∏ãÂçà cn.how2j.diytomcat.catalina.Connector init
INFO : Initializing ProtocolHandler [http-bio-18082]
01 07, 2022 19:56:06 ‰∏ãÂçà cn.how2j.diytomcat.catalina.Service init
INFO : Initialization processed in 1 ms
01 07, 2022 19:56:06 ‰∏ãÂçà cn.how2j.diytomcat.catalina.Connector start
INFO : Starting ProtocolHandler [http-bio-18080]
01 07, 2022 19:56:06 ‰∏ãÂçà cn.how2j.diytomcat.catalina.Connector start
INFO : Starting ProtocolHandler [http-bio-18081]
01 07, 2022 19:56:06 ‰∏ãÂçà cn.how2j.diytomcat.catalina.Connector start
INFO : Starting ProtocolHandler [http-bio-18082]
01 07, 2022 19:56:06 ‰∏ãÂçà cn.how2j.diytomcat.catalina.Server start
INFO : Server startup in 6 ms
01 07, 2022 19:56:42 ‰∏ãÂçà cn.how2j.diytomcat.watcher.ContextFileChangeWatcher$1 dealWith
INFO : cn.how2j.diytomcat.watcher.ContextFileChangeWatcher@7667743f Ê£ÄÊµãÂà∞‰∫ÜWebÂ∫îÁî®‰∏ãÁöÑÈáçË¶ÅÊñá‰ª∂ÂèòÂåñ HelloServlet.class 
01 07, 2022 19:56:42 ‰∏ãÂçà cn.how2j.diytomcat.catalina.Host reload
INFO : Reloading Context with name [/javaweb] has started
01 07, 2022 19:56:42 ‰∏ãÂçà cn.how2j.diytomcat.catalina.Context <init>
INFO : Deploying web application directory d:/tq_project/javaweb/web
01 07, 2022 19:56:42 ‰∏ãÂçà cn.how2j.diytomcat.catalina.Context <init>
INFO : Deployment of web application directory d:/tq_project/javaweb/web has finished in 5 ms
01 07, 2022 19:56:42 ‰∏ãÂçà cn.how2j.diytomcat.catalina.Host reload
INFO : Reloading Context with name [/javaweb] has completed
