02 22, 2022 14:05:37 下午 cn.how2j.diytomcat.catalina.Context <init>
INFO : Deploying web application directory D:\tq_project\diytomcat\webapps\a
02 22, 2022 14:05:37 下午 cn.how2j.diytomcat.catalina.Context <init>
INFO : Deployment of web application directory D:\tq_project\diytomcat\webapps\a has finished in 146 ms
02 22, 2022 14:05:37 下午 cn.how2j.diytomcat.catalina.Context <init>
INFO : Deploying web application directory D:\tq_project\diytomcat\webapps\j2ee
02 22, 2022 14:05:37 下午 cn.how2j.diytomcat.catalina.Context <init>
INFO : Deployment of web application directory D:\tq_project\diytomcat\webapps\j2ee has finished in 5 ms
02 22, 2022 14:05:37 下午 cn.how2j.diytomcat.catalina.Context <init>
INFO : Deploying web application directory D:\tq_project\diytomcat\webapps\ROOT
02 22, 2022 14:05:37 下午 cn.how2j.diytomcat.catalina.Context <init>
INFO : Deployment of web application directory D:\tq_project\diytomcat\webapps\ROOT has finished in 3 ms
02 22, 2022 14:05:37 下午 cn.how2j.diytomcat.catalina.Context <init>
INFO : Deploying web application directory d:/tq_project/diytomcat/b
02 22, 2022 14:05:37 下午 cn.how2j.diytomcat.catalina.Context <init>
INFO : Deployment of web application directory d:/tq_project/diytomcat/b has finished in 2 ms
02 22, 2022 14:05:37 下午 cn.how2j.diytomcat.catalina.Context <init>
INFO : Deploying web application directory d:/tq_project/javaweb/web
02 22, 2022 14:05:37 下午 cn.how2j.diytomcat.catalina.Context <init>
INFO : Deployment of web application directory d:/tq_project/javaweb/web has finished in 5 ms
02 22, 2022 14:05:37 下午 cn.how2j.diytomcat.catalina.Server logJVM
INFO : Server version:		How2J DiyTomcat/1.0.1
02 22, 2022 14:05:37 下午 cn.how2j.diytomcat.catalina.Server logJVM
INFO : Server built:		2020-04-08 10:20:22
02 22, 2022 14:05:37 下午 cn.how2j.diytomcat.catalina.Server logJVM
INFO : Server number:		1.0.1
02 22, 2022 14:05:37 下午 cn.how2j.diytomcat.catalina.Server logJVM
INFO : OS Name	:		Windows 10
02 22, 2022 14:05:37 下午 cn.how2j.diytomcat.catalina.Server logJVM
INFO : OS Version:		10.0
02 22, 2022 14:05:37 下午 cn.how2j.diytomcat.catalina.Server logJVM
INFO : Architecture:		amd64
02 22, 2022 14:05:37 下午 cn.how2j.diytomcat.catalina.Server logJVM
INFO : Java Home:		C:\Program Files\Java\jdk1.8.0_251\jre
02 22, 2022 14:05:37 下午 cn.how2j.diytomcat.catalina.Server logJVM
INFO : JVM Version:		1.8.0_251-b08
02 22, 2022 14:05:37 下午 cn.how2j.diytomcat.catalina.Server logJVM
INFO : JVM Vendor:		Oracle Corporation
02 22, 2022 14:05:37 下午 cn.how2j.diytomcat.catalina.Connector init
INFO : Initializing ProtocolHandler [http-bio-18080]
02 22, 2022 14:05:37 下午 cn.how2j.diytomcat.catalina.Connector init
INFO : Initializing ProtocolHandler [http-bio-18081]
02 22, 2022 14:05:37 下午 cn.how2j.diytomcat.catalina.Connector init
INFO : Initializing ProtocolHandler [http-bio-18082]
02 22, 2022 14:05:37 下午 cn.how2j.diytomcat.catalina.Service init
INFO : Initialization processed in 0 ms
02 22, 2022 14:05:37 下午 cn.how2j.diytomcat.catalina.Connector start
INFO : Starting ProtocolHandler [http-bio-18080]
02 22, 2022 14:05:37 下午 cn.how2j.diytomcat.catalina.Connector start
INFO : Starting ProtocolHandler [http-bio-18081]
02 22, 2022 14:05:37 下午 cn.how2j.diytomcat.catalina.Connector start
INFO : Starting ProtocolHandler [http-bio-18082]
02 22, 2022 14:05:37 下午 cn.how2j.diytomcat.catalina.Server start
INFO : Server startup in 5 ms
02 22, 2022 15:01:01 下午 cn.how2j.diytomcat.catalina.Context <init>
INFO : Deploying web application directory D:\tq_project\diytomcat\webapps\a
02 22, 2022 15:01:01 下午 cn.how2j.diytomcat.catalina.Context <init>
INFO : Deployment of web application directory D:\tq_project\diytomcat\webapps\a has finished in 146 ms
02 22, 2022 15:01:01 下午 cn.how2j.diytomcat.catalina.Context <init>
INFO : Deploying web application directory D:\tq_project\diytomcat\webapps\j2ee
02 22, 2022 15:01:01 下午 cn.how2j.diytomcat.catalina.Context <init>
INFO : Deployment of web application directory D:\tq_project\diytomcat\webapps\j2ee has finished in 7 ms
02 22, 2022 15:01:01 下午 cn.how2j.diytomcat.catalina.Context <init>
INFO : Deploying web application directory D:\tq_project\diytomcat\webapps\ROOT
02 22, 2022 15:01:01 下午 cn.how2j.diytomcat.catalina.Context <init>
INFO : Deployment of web application directory D:\tq_project\diytomcat\webapps\ROOT has finished in 2 ms
02 22, 2022 15:01:01 下午 cn.how2j.diytomcat.catalina.Context <init>
INFO : Deploying web application directory d:/tq_project/diytomcat/b
02 22, 2022 15:01:01 下午 cn.how2j.diytomcat.catalina.Context <init>
INFO : Deployment of web application directory d:/tq_project/diytomcat/b has finished in 1 ms
02 22, 2022 15:01:02 下午 cn.how2j.diytomcat.catalina.Context <init>
INFO : Deploying web application directory d:/tq_project/javaweb/web
02 22, 2022 15:01:02 下午 cn.how2j.diytomcat.catalina.Context <init>
INFO : Deployment of web application directory d:/tq_project/javaweb/web has finished in 5 ms
02 22, 2022 15:01:02 下午 cn.how2j.diytomcat.catalina.Server logJVM
INFO : Server version:		How2J DiyTomcat/1.0.1
02 22, 2022 15:01:02 下午 cn.how2j.diytomcat.catalina.Server logJVM
INFO : Server built:		2020-04-08 10:20:22
02 22, 2022 15:01:02 下午 cn.how2j.diytomcat.catalina.Server logJVM
INFO : Server number:		1.0.1
02 22, 2022 15:01:02 下午 cn.how2j.diytomcat.catalina.Server logJVM
INFO : OS Name	:		Windows 10
02 22, 2022 15:01:02 下午 cn.how2j.diytomcat.catalina.Server logJVM
INFO : OS Version:		10.0
02 22, 2022 15:01:02 下午 cn.how2j.diytomcat.catalina.Server logJVM
INFO : Architecture:		amd64
02 22, 2022 15:01:02 下午 cn.how2j.diytomcat.catalina.Server logJVM
INFO : Java Home:		C:\Program Files\Java\jdk1.8.0_251\jre
02 22, 2022 15:01:02 下午 cn.how2j.diytomcat.catalina.Server logJVM
INFO : JVM Version:		1.8.0_251-b08
02 22, 2022 15:01:02 下午 cn.how2j.diytomcat.catalina.Server logJVM
INFO : JVM Vendor:		Oracle Corporation
02 22, 2022 15:01:02 下午 cn.how2j.diytomcat.catalina.Connector init
INFO : Initializing ProtocolHandler [http-bio-18080]
02 22, 2022 15:01:02 下午 cn.how2j.diytomcat.catalina.Connector init
INFO : Initializing ProtocolHandler [http-bio-18081]
02 22, 2022 15:01:02 下午 cn.how2j.diytomcat.catalina.Connector init
INFO : Initializing ProtocolHandler [http-bio-18082]
02 22, 2022 15:01:02 下午 cn.how2j.diytomcat.catalina.Service init
INFO : Initialization processed in 1 ms
02 22, 2022 15:01:02 下午 cn.how2j.diytomcat.catalina.Connector start
INFO : Starting ProtocolHandler [http-bio-18080]
02 22, 2022 15:01:02 下午 cn.how2j.diytomcat.catalina.Connector start
INFO : Starting ProtocolHandler [http-bio-18081]
02 22, 2022 15:01:02 下午 cn.how2j.diytomcat.catalina.Connector start
INFO : Starting ProtocolHandler [http-bio-18082]
02 22, 2022 15:01:02 下午 cn.how2j.diytomcat.catalina.Server start
INFO : Server startup in 4 ms
02 22, 2022 15:01:16 下午 cn.how2j.diytomcat.catalina.Context <init>
INFO : Deploying web application directory D:\tq_project\diytomcat\webapps\a
02 22, 2022 15:01:16 下午 cn.how2j.diytomcat.catalina.Context <init>
INFO : Deployment of web application directory D:\tq_project\diytomcat\webapps\a has finished in 172 ms
02 22, 2022 15:01:16 下午 cn.how2j.diytomcat.catalina.Context <init>
INFO : Deploying web application directory D:\tq_project\diytomcat\webapps\j2ee
02 22, 2022 15:01:16 下午 cn.how2j.diytomcat.catalina.Context <init>
INFO : Deployment of web application directory D:\tq_project\diytomcat\webapps\j2ee has finished in 8 ms
02 22, 2022 15:01:16 下午 cn.how2j.diytomcat.catalina.Context <init>
INFO : Deploying web application directory D:\tq_project\diytomcat\webapps\ROOT
02 22, 2022 15:01:16 下午 cn.how2j.diytomcat.catalina.Context <init>
INFO : Deployment of web application directory D:\tq_project\diytomcat\webapps\ROOT has finished in 3 ms
02 22, 2022 15:01:16 下午 cn.how2j.diytomcat.catalina.Context <init>
INFO : Deploying web application directory d:/tq_project/diytomcat/b
02 22, 2022 15:01:16 下午 cn.how2j.diytomcat.catalina.Context <init>
INFO : Deployment of web application directory d:/tq_project/diytomcat/b has finished in 2 ms
02 22, 2022 15:01:16 下午 cn.how2j.diytomcat.catalina.Context <init>
INFO : Deploying web application directory d:/tq_project/javaweb/web
02 22, 2022 15:01:16 下午 cn.how2j.diytomcat.catalina.Context <init>
INFO : Deployment of web application directory d:/tq_project/javaweb/web has finished in 6 ms
02 22, 2022 15:01:16 下午 cn.how2j.diytomcat.catalina.Server logJVM
INFO : Server version:		How2J DiyTomcat/1.0.1
02 22, 2022 15:01:16 下午 cn.how2j.diytomcat.catalina.Server logJVM
INFO : Server built:		2020-04-08 10:20:22
02 22, 2022 15:01:16 下午 cn.how2j.diytomcat.catalina.Server logJVM
INFO : Server number:		1.0.1
02 22, 2022 15:01:16 下午 cn.how2j.diytomcat.catalina.Server logJVM
INFO : OS Name	:		Windows 10
02 22, 2022 15:01:16 下午 cn.how2j.diytomcat.catalina.Server logJVM
INFO : OS Version:		10.0
02 22, 2022 15:01:16 下午 cn.how2j.diytomcat.catalina.Server logJVM
INFO : Architecture:		amd64
02 22, 2022 15:01:16 下午 cn.how2j.diytomcat.catalina.Server logJVM
INFO : Java Home:		C:\Program Files\Java\jdk1.8.0_251\jre
02 22, 2022 15:01:16 下午 cn.how2j.diytomcat.catalina.Server logJVM
INFO : JVM Version:		1.8.0_251-b08
02 22, 2022 15:01:16 下午 cn.how2j.diytomcat.catalina.Server logJVM
INFO : JVM Vendor:		Oracle Corporation
02 22, 2022 15:01:16 下午 cn.how2j.diytomcat.catalina.Connector init
INFO : Initializing ProtocolHandler [http-bio-18080]
02 22, 2022 15:01:16 下午 cn.how2j.diytomcat.catalina.Connector init
INFO : Initializing ProtocolHandler [http-bio-18081]
02 22, 2022 15:01:16 下午 cn.how2j.diytomcat.catalina.Connector init
INFO : Initializing ProtocolHandler [http-bio-18082]
02 22, 2022 15:01:16 下午 cn.how2j.diytomcat.catalina.Service init
INFO : Initialization processed in 1 ms
02 22, 2022 15:01:16 下午 cn.how2j.diytomcat.catalina.Connector start
INFO : Starting ProtocolHandler [http-bio-18080]
02 22, 2022 15:01:16 下午 cn.how2j.diytomcat.catalina.Connector start
INFO : Starting ProtocolHandler [http-bio-18081]
02 22, 2022 15:01:16 下午 cn.how2j.diytomcat.catalina.Connector start
INFO : Starting ProtocolHandler [http-bio-18082]
02 22, 2022 15:01:16 下午 cn.how2j.diytomcat.catalina.Server start
INFO : Server startup in 8 ms
02 22, 2022 15:01:53 下午 cn.how2j.diytomcat.catalina.Context <init>
INFO : Deploying web application directory D:\tq_project\diytomcat\webapps\a
02 22, 2022 15:01:53 下午 cn.how2j.diytomcat.catalina.Context <init>
INFO : Deployment of web application directory D:\tq_project\diytomcat\webapps\a has finished in 164 ms
02 22, 2022 15:01:53 下午 cn.how2j.diytomcat.catalina.Context <init>
INFO : Deploying web application directory D:\tq_project\diytomcat\webapps\j2ee
02 22, 2022 15:01:53 下午 cn.how2j.diytomcat.catalina.Context <init>
INFO : Deployment of web application directory D:\tq_project\diytomcat\webapps\j2ee has finished in 7 ms
02 22, 2022 15:01:53 下午 cn.how2j.diytomcat.catalina.Context <init>
INFO : Deploying web application directory D:\tq_project\diytomcat\webapps\ROOT
02 22, 2022 15:01:53 下午 cn.how2j.diytomcat.catalina.Context <init>
INFO : Deployment of web application directory D:\tq_project\diytomcat\webapps\ROOT has finished in 2 ms
02 22, 2022 15:01:53 下午 cn.how2j.diytomcat.catalina.Context <init>
INFO : Deploying web application directory d:/tq_project/diytomcat/b
02 22, 2022 15:01:53 下午 cn.how2j.diytomcat.catalina.Context <init>
INFO : Deployment of web application directory d:/tq_project/diytomcat/b has finished in 2 ms
02 22, 2022 15:01:53 下午 cn.how2j.diytomcat.catalina.Context <init>
INFO : Deploying web application directory d:/tq_project/javaweb/web
02 22, 2022 15:01:53 下午 cn.how2j.diytomcat.catalina.Context <init>
INFO : Deployment of web application directory d:/tq_project/javaweb/web has finished in 4 ms
02 22, 2022 15:01:53 下午 cn.how2j.diytomcat.catalina.Server logJVM
INFO : Server version:		How2J DiyTomcat/1.0.1
02 22, 2022 15:01:53 下午 cn.how2j.diytomcat.catalina.Server logJVM
INFO : Server built:		2020-04-08 10:20:22
02 22, 2022 15:01:53 下午 cn.how2j.diytomcat.catalina.Server logJVM
INFO : Server number:		1.0.1
02 22, 2022 15:01:53 下午 cn.how2j.diytomcat.catalina.Server logJVM
INFO : OS Name	:		Windows 10
02 22, 2022 15:01:53 下午 cn.how2j.diytomcat.catalina.Server logJVM
INFO : OS Version:		10.0
02 22, 2022 15:01:53 下午 cn.how2j.diytomcat.catalina.Server logJVM
INFO : Architecture:		amd64
02 22, 2022 15:01:53 下午 cn.how2j.diytomcat.catalina.Server logJVM
INFO : Java Home:		C:\Program Files\Java\jdk1.8.0_251\jre
02 22, 2022 15:01:53 下午 cn.how2j.diytomcat.catalina.Server logJVM
INFO : JVM Version:		1.8.0_251-b08
02 22, 2022 15:01:53 下午 cn.how2j.diytomcat.catalina.Server logJVM
INFO : JVM Vendor:		Oracle Corporation
02 22, 2022 15:01:53 下午 cn.how2j.diytomcat.catalina.Connector init
INFO : Initializing ProtocolHandler [http-bio-18080]
02 22, 2022 15:01:53 下午 cn.how2j.diytomcat.catalina.Connector init
INFO : Initializing ProtocolHandler [http-bio-18081]
02 22, 2022 15:01:53 下午 cn.how2j.diytomcat.catalina.Connector init
INFO : Initializing ProtocolHandler [http-bio-18082]
02 22, 2022 15:01:53 下午 cn.how2j.diytomcat.catalina.Service init
INFO : Initialization processed in 1 ms
02 22, 2022 15:01:53 下午 cn.how2j.diytomcat.catalina.Connector start
INFO : Starting ProtocolHandler [http-bio-18080]
02 22, 2022 15:01:53 下午 cn.how2j.diytomcat.catalina.Connector start
INFO : Starting ProtocolHandler [http-bio-18081]
02 22, 2022 15:01:53 下午 cn.how2j.diytomcat.catalina.Connector start
INFO : Starting ProtocolHandler [http-bio-18082]
02 22, 2022 15:01:53 下午 cn.how2j.diytomcat.catalina.Server start
INFO : Server startup in 9 ms
02 22, 2022 15:02:52 下午 cn.how2j.diytomcat.watcher.ContextFileChangeWatcher$1 dealWith
INFO : cn.how2j.diytomcat.watcher.ContextFileChangeWatcher@10449e8a 检测到了Web应用下的重要文件变化 HelloServlet.class 
02 22, 2022 15:02:52 下午 cn.how2j.diytomcat.catalina.Host reload
INFO : Reloading Context with name [/javaweb] has started
02 22, 2022 15:02:52 下午 cn.how2j.diytomcat.catalina.Context <init>
INFO : Deploying web application directory d:/tq_project/javaweb/web
02 22, 2022 15:02:52 下午 cn.how2j.diytomcat.catalina.Context <init>
INFO : Deployment of web application directory d:/tq_project/javaweb/web has finished in 6 ms
02 22, 2022 15:02:52 下午 cn.how2j.diytomcat.catalina.Host reload
INFO : Reloading Context with name [/javaweb] has completed
02 22, 2022 15:05:52 下午 cn.how2j.diytomcat.catalina.Context <init>
INFO : Deploying web application directory D:\tq_project\diytomcat\webapps\a
02 22, 2022 15:05:52 下午 cn.how2j.diytomcat.catalina.Context <init>
INFO : Deployment of web application directory D:\tq_project\diytomcat\webapps\a has finished in 149 ms
02 22, 2022 15:05:52 下午 cn.how2j.diytomcat.catalina.Context <init>
INFO : Deploying web application directory D:\tq_project\diytomcat\webapps\j2ee
02 22, 2022 15:05:52 下午 cn.how2j.diytomcat.catalina.Context <init>
INFO : Deployment of web application directory D:\tq_project\diytomcat\webapps\j2ee has finished in 7 ms
02 22, 2022 15:05:52 下午 cn.how2j.diytomcat.catalina.Context <init>
INFO : Deploying web application directory D:\tq_project\diytomcat\webapps\ROOT
02 22, 2022 15:05:52 下午 cn.how2j.diytomcat.catalina.Context <init>
INFO : Deployment of web application directory D:\tq_project\diytomcat\webapps\ROOT has finished in 2 ms
02 22, 2022 15:05:52 下午 cn.how2j.diytomcat.catalina.Context <init>
INFO : Deploying web application directory d:/tq_project/diytomcat/b
02 22, 2022 15:05:52 下午 cn.how2j.diytomcat.catalina.Context <init>
INFO : Deployment of web application directory d:/tq_project/diytomcat/b has finished in 1 ms
02 22, 2022 15:05:52 下午 cn.how2j.diytomcat.catalina.Context <init>
INFO : Deploying web application directory d:/tq_project/javaweb/web
02 22, 2022 15:05:52 下午 cn.how2j.diytomcat.catalina.Context <init>
INFO : Deployment of web application directory d:/tq_project/javaweb/web has finished in 5 ms
02 22, 2022 15:05:52 下午 cn.how2j.diytomcat.catalina.Server logJVM
INFO : Server version:		How2J DiyTomcat/1.0.1
02 22, 2022 15:05:52 下午 cn.how2j.diytomcat.catalina.Server logJVM
INFO : Server built:		2020-04-08 10:20:22
02 22, 2022 15:05:52 下午 cn.how2j.diytomcat.catalina.Server logJVM
INFO : Server number:		1.0.1
02 22, 2022 15:05:52 下午 cn.how2j.diytomcat.catalina.Server logJVM
INFO : OS Name	:		Windows 10
02 22, 2022 15:05:52 下午 cn.how2j.diytomcat.catalina.Server logJVM
INFO : OS Version:		10.0
02 22, 2022 15:05:52 下午 cn.how2j.diytomcat.catalina.Server logJVM
INFO : Architecture:		amd64
02 22, 2022 15:05:52 下午 cn.how2j.diytomcat.catalina.Server logJVM
INFO : Java Home:		C:\Program Files\Java\jdk1.8.0_251\jre
02 22, 2022 15:05:52 下午 cn.how2j.diytomcat.catalina.Server logJVM
INFO : JVM Version:		1.8.0_251-b08
02 22, 2022 15:05:52 下午 cn.how2j.diytomcat.catalina.Server logJVM
INFO : JVM Vendor:		Oracle Corporation
02 22, 2022 15:05:52 下午 cn.how2j.diytomcat.catalina.Connector init
INFO : Initializing ProtocolHandler [http-bio-18080]
02 22, 2022 15:05:52 下午 cn.how2j.diytomcat.catalina.Connector init
INFO : Initializing ProtocolHandler [http-bio-18081]
02 22, 2022 15:05:52 下午 cn.how2j.diytomcat.catalina.Connector init
INFO : Initializing ProtocolHandler [http-bio-18082]
02 22, 2022 15:05:52 下午 cn.how2j.diytomcat.catalina.Service init
INFO : Initialization processed in 0 ms
02 22, 2022 15:05:52 下午 cn.how2j.diytomcat.catalina.Connector start
INFO : Starting ProtocolHandler [http-bio-18080]
02 22, 2022 15:05:52 下午 cn.how2j.diytomcat.catalina.Connector start
INFO : Starting ProtocolHandler [http-bio-18081]
02 22, 2022 15:05:52 下午 cn.how2j.diytomcat.catalina.Connector start
INFO : Starting ProtocolHandler [http-bio-18082]
02 22, 2022 15:05:52 下午 cn.how2j.diytomcat.catalina.Server start
INFO : Server startup in 4 ms
02 22, 2022 15:06:40 下午 cn.how2j.diytomcat.catalina.Context <init>
INFO : Deploying web application directory D:\tq_project\diytomcat\webapps\a
02 22, 2022 15:06:40 下午 cn.how2j.diytomcat.catalina.Context <init>
INFO : Deployment of web application directory D:\tq_project\diytomcat\webapps\a has finished in 142 ms
02 22, 2022 15:06:40 下午 cn.how2j.diytomcat.catalina.Context <init>
INFO : Deploying web application directory D:\tq_project\diytomcat\webapps\j2ee
02 22, 2022 15:06:40 下午 cn.how2j.diytomcat.catalina.Context <init>
INFO : Deployment of web application directory D:\tq_project\diytomcat\webapps\j2ee has finished in 6 ms
02 22, 2022 15:06:40 下午 cn.how2j.diytomcat.catalina.Context <init>
INFO : Deploying web application directory D:\tq_project\diytomcat\webapps\ROOT
02 22, 2022 15:06:40 下午 cn.how2j.diytomcat.catalina.Context <init>
INFO : Deployment of web application directory D:\tq_project\diytomcat\webapps\ROOT has finished in 2 ms
02 22, 2022 15:06:40 下午 cn.how2j.diytomcat.catalina.Context <init>
INFO : Deploying web application directory d:/tq_project/diytomcat/b
02 22, 2022 15:06:40 下午 cn.how2j.diytomcat.catalina.Context <init>
INFO : Deployment of web application directory d:/tq_project/diytomcat/b has finished in 2 ms
02 22, 2022 15:06:40 下午 cn.how2j.diytomcat.catalina.Context <init>
INFO : Deploying web application directory d:/tq_project/javaweb/web
02 22, 2022 15:06:40 下午 cn.how2j.diytomcat.catalina.Context <init>
INFO : Deployment of web application directory d:/tq_project/javaweb/web has finished in 6 ms
02 22, 2022 15:06:40 下午 cn.how2j.diytomcat.catalina.Server logJVM
INFO : Server version:		How2J DiyTomcat/1.0.1
02 22, 2022 15:06:40 下午 cn.how2j.diytomcat.catalina.Server logJVM
INFO : Server built:		2020-04-08 10:20:22
02 22, 2022 15:06:40 下午 cn.how2j.diytomcat.catalina.Server logJVM
INFO : Server number:		1.0.1
02 22, 2022 15:06:40 下午 cn.how2j.diytomcat.catalina.Server logJVM
INFO : OS Name	:		Windows 10
02 22, 2022 15:06:40 下午 cn.how2j.diytomcat.catalina.Server logJVM
INFO : OS Version:		10.0
02 22, 2022 15:06:40 下午 cn.how2j.diytomcat.catalina.Server logJVM
INFO : Architecture:		amd64
02 22, 2022 15:06:40 下午 cn.how2j.diytomcat.catalina.Server logJVM
INFO : Java Home:		C:\Program Files\Java\jdk1.8.0_251\jre
02 22, 2022 15:06:40 下午 cn.how2j.diytomcat.catalina.Server logJVM
INFO : JVM Version:		1.8.0_251-b08
02 22, 2022 15:06:40 下午 cn.how2j.diytomcat.catalina.Server logJVM
INFO : JVM Vendor:		Oracle Corporation
02 22, 2022 15:06:40 下午 cn.how2j.diytomcat.catalina.Connector init
INFO : Initializing ProtocolHandler [http-bio-18080]
02 22, 2022 15:06:40 下午 cn.how2j.diytomcat.catalina.Connector init
INFO : Initializing ProtocolHandler [http-bio-18081]
02 22, 2022 15:06:40 下午 cn.how2j.diytomcat.catalina.Connector init
INFO : Initializing ProtocolHandler [http-bio-18082]
02 22, 2022 15:06:40 下午 cn.how2j.diytomcat.catalina.Service init
INFO : Initialization processed in 1 ms
02 22, 2022 15:06:40 下午 cn.how2j.diytomcat.catalina.Connector start
INFO : Starting ProtocolHandler [http-bio-18080]
02 22, 2022 15:06:40 下午 cn.how2j.diytomcat.catalina.Connector start
INFO : Starting ProtocolHandler [http-bio-18081]
02 22, 2022 15:06:40 下午 cn.how2j.diytomcat.catalina.Connector start
INFO : Starting ProtocolHandler [http-bio-18082]
02 22, 2022 15:06:40 下午 cn.how2j.diytomcat.catalina.Server start
INFO : Server startup in 6 ms
02 22, 2022 15:09:13 下午 cn.how2j.diytomcat.catalina.Context <init>
INFO : Deploying web application directory D:\tq_project\diytomcat\webapps\a
02 22, 2022 15:09:13 下午 cn.how2j.diytomcat.catalina.Context <init>
INFO : Deployment of web application directory D:\tq_project\diytomcat\webapps\a has finished in 141 ms
02 22, 2022 15:09:13 下午 cn.how2j.diytomcat.catalina.Context <init>
INFO : Deploying web application directory D:\tq_project\diytomcat\webapps\j2ee
02 22, 2022 15:09:13 下午 cn.how2j.diytomcat.catalina.Context <init>
INFO : Deployment of web application directory D:\tq_project\diytomcat\webapps\j2ee has finished in 7 ms
02 22, 2022 15:09:13 下午 cn.how2j.diytomcat.catalina.Context <init>
INFO : Deploying web application directory D:\tq_project\diytomcat\webapps\ROOT
02 22, 2022 15:09:13 下午 cn.how2j.diytomcat.catalina.Context <init>
INFO : Deployment of web application directory D:\tq_project\diytomcat\webapps\ROOT has finished in 1 ms
02 22, 2022 15:09:13 下午 cn.how2j.diytomcat.catalina.Context <init>
INFO : Deploying web application directory d:/tq_project/diytomcat/b
02 22, 2022 15:09:13 下午 cn.how2j.diytomcat.catalina.Context <init>
INFO : Deployment of web application directory d:/tq_project/diytomcat/b has finished in 1 ms
02 22, 2022 15:09:13 下午 cn.how2j.diytomcat.catalina.Context <init>
INFO : Deploying web application directory d:/tq_project/javaweb/web
02 22, 2022 15:09:13 下午 cn.how2j.diytomcat.catalina.Context <init>
INFO : Deployment of web application directory d:/tq_project/javaweb/web has finished in 5 ms
02 22, 2022 15:09:13 下午 cn.how2j.diytomcat.catalina.Server logJVM
INFO : Server version:		How2J DiyTomcat/1.0.1
02 22, 2022 15:09:13 下午 cn.how2j.diytomcat.catalina.Server logJVM
INFO : Server built:		2020-04-08 10:20:22
02 22, 2022 15:09:13 下午 cn.how2j.diytomcat.catalina.Server logJVM
INFO : Server number:		1.0.1
02 22, 2022 15:09:13 下午 cn.how2j.diytomcat.catalina.Server logJVM
INFO : OS Name	:		Windows 10
02 22, 2022 15:09:13 下午 cn.how2j.diytomcat.catalina.Server logJVM
INFO : OS Version:		10.0
02 22, 2022 15:09:13 下午 cn.how2j.diytomcat.catalina.Server logJVM
INFO : Architecture:		amd64
02 22, 2022 15:09:13 下午 cn.how2j.diytomcat.catalina.Server logJVM
INFO : Java Home:		C:\Program Files\Java\jdk1.8.0_251\jre
02 22, 2022 15:09:13 下午 cn.how2j.diytomcat.catalina.Server logJVM
INFO : JVM Version:		1.8.0_251-b08
02 22, 2022 15:09:13 下午 cn.how2j.diytomcat.catalina.Server logJVM
INFO : JVM Vendor:		Oracle Corporation
02 22, 2022 15:09:13 下午 cn.how2j.diytomcat.catalina.Connector init
INFO : Initializing ProtocolHandler [http-bio-18080]
02 22, 2022 15:09:13 下午 cn.how2j.diytomcat.catalina.Connector init
INFO : Initializing ProtocolHandler [http-bio-18081]
02 22, 2022 15:09:13 下午 cn.how2j.diytomcat.catalina.Connector init
INFO : Initializing ProtocolHandler [http-bio-18082]
02 22, 2022 15:09:13 下午 cn.how2j.diytomcat.catalina.Service init
INFO : Initialization processed in 1 ms
02 22, 2022 15:09:13 下午 cn.how2j.diytomcat.catalina.Connector start
INFO : Starting ProtocolHandler [http-bio-18080]
02 22, 2022 15:09:13 下午 cn.how2j.diytomcat.catalina.Connector start
INFO : Starting ProtocolHandler [http-bio-18081]
02 22, 2022 15:09:13 下午 cn.how2j.diytomcat.catalina.Connector start
INFO : Starting ProtocolHandler [http-bio-18082]
02 22, 2022 15:09:13 下午 cn.how2j.diytomcat.catalina.Server start
INFO : Server startup in 8 ms
02 22, 2022 15:09:46 下午 cn.how2j.diytomcat.watcher.ContextFileChangeWatcher$1 dealWith
INFO : cn.how2j.diytomcat.watcher.ContextFileChangeWatcher@33d242f5 检测到了Web应用下的重要文件变化 HelloServlet.class 
02 22, 2022 15:09:46 下午 cn.how2j.diytomcat.catalina.Host reload
INFO : Reloading Context with name [/javaweb] has started
02 22, 2022 15:09:46 下午 cn.how2j.diytomcat.catalina.Context <init>
INFO : Deploying web application directory d:/tq_project/javaweb/web
02 22, 2022 15:09:46 下午 cn.how2j.diytomcat.catalina.Context <init>
INFO : Deployment of web application directory d:/tq_project/javaweb/web has finished in 8 ms
02 22, 2022 15:09:46 下午 cn.how2j.diytomcat.catalina.Host reload
INFO : Reloading Context with name [/javaweb] has completed
02 22, 2022 15:45:27 下午 cn.how2j.diytomcat.catalina.Context <init>
INFO : Deploying web application directory D:\tq_project\diytomcat\webapps\a
02 22, 2022 15:45:27 下午 cn.how2j.diytomcat.catalina.Context <init>
INFO : Deployment of web application directory D:\tq_project\diytomcat\webapps\a has finished in 165 ms
02 22, 2022 15:45:27 下午 cn.how2j.diytomcat.catalina.Context <init>
INFO : Deploying web application directory D:\tq_project\diytomcat\webapps\j2ee
02 22, 2022 15:45:27 下午 cn.how2j.diytomcat.catalina.Context <init>
INFO : Deployment of web application directory D:\tq_project\diytomcat\webapps\j2ee has finished in 7 ms
02 22, 2022 15:45:27 下午 cn.how2j.diytomcat.catalina.Context <init>
INFO : Deploying web application directory D:\tq_project\diytomcat\webapps\ROOT
02 22, 2022 15:45:27 下午 cn.how2j.diytomcat.catalina.Context <init>
INFO : Deployment of web application directory D:\tq_project\diytomcat\webapps\ROOT has finished in 3 ms
02 22, 2022 15:45:27 下午 cn.how2j.diytomcat.catalina.Context <init>
INFO : Deploying web application directory d:/tq_project/diytomcat/b
02 22, 2022 15:45:27 下午 cn.how2j.diytomcat.catalina.Context <init>
INFO : Deployment of web application directory d:/tq_project/diytomcat/b has finished in 1 ms
02 22, 2022 15:45:27 下午 cn.how2j.diytomcat.catalina.Context <init>
INFO : Deploying web application directory d:/tq_project/javaweb/web
02 22, 2022 15:45:27 下午 cn.how2j.diytomcat.catalina.Context <init>
INFO : Deployment of web application directory d:/tq_project/javaweb/web has finished in 5 ms
02 22, 2022 15:45:27 下午 cn.how2j.diytomcat.catalina.Server logJVM
INFO : Server version:		How2J DiyTomcat/1.0.1
02 22, 2022 15:45:27 下午 cn.how2j.diytomcat.catalina.Server logJVM
INFO : Server built:		2020-04-08 10:20:22
02 22, 2022 15:45:27 下午 cn.how2j.diytomcat.catalina.Server logJVM
INFO : Server number:		1.0.1
02 22, 2022 15:45:27 下午 cn.how2j.diytomcat.catalina.Server logJVM
INFO : OS Name	:		Windows 10
02 22, 2022 15:45:27 下午 cn.how2j.diytomcat.catalina.Server logJVM
INFO : OS Version:		10.0
02 22, 2022 15:45:27 下午 cn.how2j.diytomcat.catalina.Server logJVM
INFO : Architecture:		amd64
02 22, 2022 15:45:27 下午 cn.how2j.diytomcat.catalina.Server logJVM
INFO : Java Home:		C:\Program Files\Java\jdk1.8.0_251\jre
02 22, 2022 15:45:27 下午 cn.how2j.diytomcat.catalina.Server logJVM
INFO : JVM Version:		1.8.0_251-b08
02 22, 2022 15:45:27 下午 cn.how2j.diytomcat.catalina.Server logJVM
INFO : JVM Vendor:		Oracle Corporation
02 22, 2022 15:45:27 下午 cn.how2j.diytomcat.catalina.Connector init
INFO : Initializing ProtocolHandler [http-bio-18080]
02 22, 2022 15:45:27 下午 cn.how2j.diytomcat.catalina.Connector init
INFO : Initializing ProtocolHandler [http-bio-18081]
02 22, 2022 15:45:27 下午 cn.how2j.diytomcat.catalina.Connector init
INFO : Initializing ProtocolHandler [http-bio-18082]
02 22, 2022 15:45:27 下午 cn.how2j.diytomcat.catalina.Service init
INFO : Initialization processed in 1 ms
02 22, 2022 15:45:27 下午 cn.how2j.diytomcat.catalina.Connector start
INFO : Starting ProtocolHandler [http-bio-18080]
02 22, 2022 15:45:27 下午 cn.how2j.diytomcat.catalina.Connector start
INFO : Starting ProtocolHandler [http-bio-18081]
02 22, 2022 15:45:27 下午 cn.how2j.diytomcat.catalina.Connector start
INFO : Starting ProtocolHandler [http-bio-18082]
02 22, 2022 15:45:27 下午 cn.how2j.diytomcat.catalina.Server start
INFO : Server startup in 7 ms
02 22, 2022 15:51:45 下午 cn.how2j.diytomcat.watcher.ContextFileChangeWatcher$1 dealWith
INFO : cn.how2j.diytomcat.watcher.ContextFileChangeWatcher@6be0eb72 检测到了Web应用下的重要文件变化 HelloServlet.class 
02 22, 2022 15:51:45 下午 cn.how2j.diytomcat.catalina.Host reload
INFO : Reloading Context with name [/javaweb] has started
02 22, 2022 15:51:45 下午 cn.how2j.diytomcat.catalina.Context <init>
INFO : Deploying web application directory d:/tq_project/javaweb/web
02 22, 2022 15:51:45 下午 cn.how2j.diytomcat.catalina.Context <init>
INFO : Deployment of web application directory d:/tq_project/javaweb/web has finished in 7 ms
02 22, 2022 15:51:45 下午 cn.how2j.diytomcat.catalina.Host reload
INFO : Reloading Context with name [/javaweb] has completed
02 22, 2022 15:52:03 下午 cn.how2j.diytomcat.catalina.Context <init>
INFO : Deploying web application directory D:\tq_project\diytomcat\webapps\a
02 22, 2022 15:52:03 下午 cn.how2j.diytomcat.catalina.Context <init>
INFO : Deployment of web application directory D:\tq_project\diytomcat\webapps\a has finished in 138 ms
02 22, 2022 15:52:03 下午 cn.how2j.diytomcat.catalina.Context <init>
INFO : Deploying web application directory D:\tq_project\diytomcat\webapps\j2ee
02 22, 2022 15:52:03 下午 cn.how2j.diytomcat.catalina.Context <init>
INFO : Deployment of web application directory D:\tq_project\diytomcat\webapps\j2ee has finished in 6 ms
02 22, 2022 15:52:03 下午 cn.how2j.diytomcat.catalina.Context <init>
INFO : Deploying web application directory D:\tq_project\diytomcat\webapps\ROOT
02 22, 2022 15:52:03 下午 cn.how2j.diytomcat.catalina.Context <init>
INFO : Deployment of web application directory D:\tq_project\diytomcat\webapps\ROOT has finished in 3 ms
02 22, 2022 15:52:03 下午 cn.how2j.diytomcat.catalina.Context <init>
INFO : Deploying web application directory d:/tq_project/diytomcat/b
02 22, 2022 15:52:03 下午 cn.how2j.diytomcat.catalina.Context <init>
INFO : Deployment of web application directory d:/tq_project/diytomcat/b has finished in 1 ms
02 22, 2022 15:52:03 下午 cn.how2j.diytomcat.catalina.Context <init>
INFO : Deploying web application directory d:/tq_project/javaweb/web
02 22, 2022 15:52:03 下午 cn.how2j.diytomcat.catalina.Context <init>
INFO : Deployment of web application directory d:/tq_project/javaweb/web has finished in 5 ms
02 22, 2022 15:52:03 下午 cn.how2j.diytomcat.catalina.Server logJVM
INFO : Server version:		How2J DiyTomcat/1.0.1
02 22, 2022 15:52:03 下午 cn.how2j.diytomcat.catalina.Server logJVM
INFO : Server built:		2020-04-08 10:20:22
02 22, 2022 15:52:03 下午 cn.how2j.diytomcat.catalina.Server logJVM
INFO : Server number:		1.0.1
02 22, 2022 15:52:03 下午 cn.how2j.diytomcat.catalina.Server logJVM
INFO : OS Name	:		Windows 10
02 22, 2022 15:52:03 下午 cn.how2j.diytomcat.catalina.Server logJVM
INFO : OS Version:		10.0
02 22, 2022 15:52:03 下午 cn.how2j.diytomcat.catalina.Server logJVM
INFO : Architecture:		amd64
02 22, 2022 15:52:03 下午 cn.how2j.diytomcat.catalina.Server logJVM
INFO : Java Home:		C:\Program Files\Java\jdk1.8.0_251\jre
02 22, 2022 15:52:03 下午 cn.how2j.diytomcat.catalina.Server logJVM
INFO : JVM Version:		1.8.0_251-b08
02 22, 2022 15:52:03 下午 cn.how2j.diytomcat.catalina.Server logJVM
INFO : JVM Vendor:		Oracle Corporation
02 22, 2022 15:52:03 下午 cn.how2j.diytomcat.catalina.Connector init
INFO : Initializing ProtocolHandler [http-bio-18080]
02 22, 2022 15:52:03 下午 cn.how2j.diytomcat.catalina.Connector init
INFO : Initializing ProtocolHandler [http-bio-18081]
02 22, 2022 15:52:03 下午 cn.how2j.diytomcat.catalina.Connector init
INFO : Initializing ProtocolHandler [http-bio-18082]
02 22, 2022 15:52:03 下午 cn.how2j.diytomcat.catalina.Service init
INFO : Initialization processed in 1 ms
02 22, 2022 15:52:03 下午 cn.how2j.diytomcat.catalina.Connector start
INFO : Starting ProtocolHandler [http-bio-18080]
02 22, 2022 15:52:03 下午 cn.how2j.diytomcat.catalina.Connector start
INFO : Starting ProtocolHandler [http-bio-18081]
02 22, 2022 15:52:03 下午 cn.how2j.diytomcat.catalina.Connector start
INFO : Starting ProtocolHandler [http-bio-18082]
02 22, 2022 15:52:03 下午 cn.how2j.diytomcat.catalina.Server start
INFO : Server startup in 7 ms
02 22, 2022 16:13:44 下午 cn.how2j.diytomcat.catalina.Context <init>
INFO : Deploying web application directory D:\tq_project\diytomcat\webapps\a
02 22, 2022 16:13:44 下午 cn.how2j.diytomcat.catalina.Context <init>
INFO : Deployment of web application directory D:\tq_project\diytomcat\webapps\a has finished in 155 ms
02 22, 2022 16:13:44 下午 cn.how2j.diytomcat.catalina.Context <init>
INFO : Deploying web application directory D:\tq_project\diytomcat\webapps\j2ee
02 22, 2022 16:13:45 下午 cn.how2j.diytomcat.catalina.Context <init>
INFO : Deployment of web application directory D:\tq_project\diytomcat\webapps\j2ee has finished in 7 ms
02 22, 2022 16:13:45 下午 cn.how2j.diytomcat.catalina.Context <init>
INFO : Deploying web application directory D:\tq_project\diytomcat\webapps\ROOT
02 22, 2022 16:13:45 下午 cn.how2j.diytomcat.catalina.Context <init>
INFO : Deployment of web application directory D:\tq_project\diytomcat\webapps\ROOT has finished in 2 ms
02 22, 2022 16:13:45 下午 cn.how2j.diytomcat.catalina.Context <init>
INFO : Deploying web application directory d:/tq_project/diytomcat/b
02 22, 2022 16:13:45 下午 cn.how2j.diytomcat.catalina.Context <init>
INFO : Deployment of web application directory d:/tq_project/diytomcat/b has finished in 1 ms
02 22, 2022 16:13:45 下午 cn.how2j.diytomcat.catalina.Context <init>
INFO : Deploying web application directory d:/tq_project/javaweb/web
02 22, 2022 16:13:45 下午 cn.how2j.diytomcat.catalina.Context <init>
INFO : Deployment of web application directory d:/tq_project/javaweb/web has finished in 5 ms
02 22, 2022 16:13:45 下午 cn.how2j.diytomcat.catalina.Server logJVM
INFO : Server version:		How2J DiyTomcat/1.0.1
02 22, 2022 16:13:45 下午 cn.how2j.diytomcat.catalina.Server logJVM
INFO : Server built:		2020-04-08 10:20:22
02 22, 2022 16:13:45 下午 cn.how2j.diytomcat.catalina.Server logJVM
INFO : Server number:		1.0.1
02 22, 2022 16:13:45 下午 cn.how2j.diytomcat.catalina.Server logJVM
INFO : OS Name	:		Windows 10
02 22, 2022 16:13:45 下午 cn.how2j.diytomcat.catalina.Server logJVM
INFO : OS Version:		10.0
02 22, 2022 16:13:45 下午 cn.how2j.diytomcat.catalina.Server logJVM
INFO : Architecture:		amd64
02 22, 2022 16:13:45 下午 cn.how2j.diytomcat.catalina.Server logJVM
INFO : Java Home:		C:\Program Files\Java\jdk1.8.0_251\jre
02 22, 2022 16:13:45 下午 cn.how2j.diytomcat.catalina.Server logJVM
INFO : JVM Version:		1.8.0_251-b08
02 22, 2022 16:13:45 下午 cn.how2j.diytomcat.catalina.Server logJVM
INFO : JVM Vendor:		Oracle Corporation
02 22, 2022 16:13:45 下午 cn.how2j.diytomcat.catalina.Connector init
INFO : Initializing ProtocolHandler [http-bio-18080]
02 22, 2022 16:13:45 下午 cn.how2j.diytomcat.catalina.Connector init
INFO : Initializing ProtocolHandler [http-bio-18081]
02 22, 2022 16:13:45 下午 cn.how2j.diytomcat.catalina.Connector init
INFO : Initializing ProtocolHandler [http-bio-18082]
02 22, 2022 16:13:45 下午 cn.how2j.diytomcat.catalina.Service init
INFO : Initialization processed in 1 ms
02 22, 2022 16:13:45 下午 cn.how2j.diytomcat.catalina.Connector start
INFO : Starting ProtocolHandler [http-bio-18080]
02 22, 2022 16:13:45 下午 cn.how2j.diytomcat.catalina.Connector start
INFO : Starting ProtocolHandler [http-bio-18081]
02 22, 2022 16:13:45 下午 cn.how2j.diytomcat.catalina.Connector start
INFO : Starting ProtocolHandler [http-bio-18082]
02 22, 2022 16:13:45 下午 cn.how2j.diytomcat.catalina.Server start
INFO : Server startup in 6 ms
02 22, 2022 16:16:16 下午 cn.how2j.diytomcat.watcher.ContextFileChangeWatcher$1 dealWith
INFO : cn.how2j.diytomcat.watcher.ContextFileChangeWatcher@6e0dc8ec 检测到了Web应用下的重要文件变化 web.xml 
02 22, 2022 16:16:16 下午 cn.how2j.diytomcat.catalina.Host reload
INFO : Reloading Context with name [/j2ee] has started
02 22, 2022 16:16:16 下午 cn.how2j.diytomcat.catalina.Context <init>
INFO : Deploying web application directory D:\tq_project\diytomcat\webapps\j2ee
02 22, 2022 16:16:16 下午 cn.how2j.diytomcat.catalina.Context <init>
INFO : Deployment of web application directory D:\tq_project\diytomcat\webapps\j2ee has finished in 8 ms
02 22, 2022 16:16:16 下午 cn.how2j.diytomcat.catalina.Host reload
INFO : Reloading Context with name [/j2ee] has completed
02 22, 2022 16:37:38 下午 cn.how2j.diytomcat.watcher.ContextFileChangeWatcher$1 dealWith
INFO : cn.how2j.diytomcat.watcher.ContextFileChangeWatcher@3227a71f 检测到了Web应用下的重要文件变化 HelloServlet.class 
02 22, 2022 16:37:38 下午 cn.how2j.diytomcat.catalina.Host reload
INFO : Reloading Context with name [/javaweb] has started
02 22, 2022 16:37:38 下午 cn.how2j.diytomcat.catalina.Context <init>
INFO : Deploying web application directory d:/tq_project/javaweb/web
02 22, 2022 16:37:38 下午 cn.how2j.diytomcat.catalina.Context <init>
INFO : Deployment of web application directory d:/tq_project/javaweb/web has finished in 5 ms
02 22, 2022 16:37:38 下午 cn.how2j.diytomcat.catalina.Host reload
INFO : Reloading Context with name [/javaweb] has completed
02 22, 2022 16:41:33 下午 cn.how2j.diytomcat.catalina.Context <init>
INFO : Deploying web application directory D:\tq_project\diytomcat\webapps\a
02 22, 2022 16:41:33 下午 cn.how2j.diytomcat.catalina.Context <init>
INFO : Deployment of web application directory D:\tq_project\diytomcat\webapps\a has finished in 155 ms
02 22, 2022 16:41:33 下午 cn.how2j.diytomcat.catalina.Context <init>
INFO : Deploying web application directory D:\tq_project\diytomcat\webapps\j2ee
02 22, 2022 16:41:33 下午 cn.how2j.diytomcat.catalina.Context <init>
INFO : Deployment of web application directory D:\tq_project\diytomcat\webapps\j2ee has finished in 8 ms
02 22, 2022 16:41:33 下午 cn.how2j.diytomcat.catalina.Context <init>
INFO : Deploying web application directory D:\tq_project\diytomcat\webapps\ROOT
02 22, 2022 16:41:33 下午 cn.how2j.diytomcat.catalina.Context <init>
INFO : Deployment of web application directory D:\tq_project\diytomcat\webapps\ROOT has finished in 2 ms
02 22, 2022 16:41:33 下午 cn.how2j.diytomcat.catalina.Context <init>
INFO : Deploying web application directory d:/tq_project/diytomcat/b
02 22, 2022 16:41:33 下午 cn.how2j.diytomcat.catalina.Context <init>
INFO : Deployment of web application directory d:/tq_project/diytomcat/b has finished in 2 ms
02 22, 2022 16:41:33 下午 cn.how2j.diytomcat.catalina.Context <init>
INFO : Deploying web application directory d:/tq_project/javaweb/web
02 22, 2022 16:41:33 下午 cn.how2j.diytomcat.catalina.Context <init>
INFO : Deployment of web application directory d:/tq_project/javaweb/web has finished in 8 ms
02 22, 2022 16:41:33 下午 cn.how2j.diytomcat.catalina.Server logJVM
INFO : Server version:		How2J DiyTomcat/1.0.1
02 22, 2022 16:41:33 下午 cn.how2j.diytomcat.catalina.Server logJVM
INFO : Server built:		2020-04-08 10:20:22
02 22, 2022 16:41:33 下午 cn.how2j.diytomcat.catalina.Server logJVM
INFO : Server number:		1.0.1
02 22, 2022 16:41:33 下午 cn.how2j.diytomcat.catalina.Server logJVM
INFO : OS Name	:		Windows 10
02 22, 2022 16:41:33 下午 cn.how2j.diytomcat.catalina.Server logJVM
INFO : OS Version:		10.0
02 22, 2022 16:41:33 下午 cn.how2j.diytomcat.catalina.Server logJVM
INFO : Architecture:		amd64
02 22, 2022 16:41:33 下午 cn.how2j.diytomcat.catalina.Server logJVM
INFO : Java Home:		C:\Program Files\Java\jdk1.8.0_251\jre
02 22, 2022 16:41:33 下午 cn.how2j.diytomcat.catalina.Server logJVM
INFO : JVM Version:		1.8.0_251-b08
02 22, 2022 16:41:33 下午 cn.how2j.diytomcat.catalina.Server logJVM
INFO : JVM Vendor:		Oracle Corporation
02 22, 2022 16:41:33 下午 cn.how2j.diytomcat.catalina.Connector init
INFO : Initializing ProtocolHandler [http-bio-18080]
02 22, 2022 16:41:33 下午 cn.how2j.diytomcat.catalina.Connector init
INFO : Initializing ProtocolHandler [http-bio-18081]
02 22, 2022 16:41:33 下午 cn.how2j.diytomcat.catalina.Connector init
INFO : Initializing ProtocolHandler [http-bio-18082]
02 22, 2022 16:41:33 下午 cn.how2j.diytomcat.catalina.Service init
INFO : Initialization processed in 1 ms
02 22, 2022 16:41:33 下午 cn.how2j.diytomcat.catalina.Connector start
INFO : Starting ProtocolHandler [http-bio-18080]
02 22, 2022 16:41:33 下午 cn.how2j.diytomcat.catalina.Connector start
INFO : Starting ProtocolHandler [http-bio-18081]
02 22, 2022 16:41:33 下午 cn.how2j.diytomcat.catalina.Connector start
INFO : Starting ProtocolHandler [http-bio-18082]
02 22, 2022 16:41:33 下午 cn.how2j.diytomcat.catalina.Server start
INFO : Server startup in 9 ms
02 22, 2022 16:42:14 下午 cn.how2j.diytomcat.watcher.ContextFileChangeWatcher$1 dealWith
INFO : cn.how2j.diytomcat.watcher.ContextFileChangeWatcher@700d4a76 检测到了Web应用下的重要文件变化 web.xml 
02 22, 2022 16:42:14 下午 cn.how2j.diytomcat.catalina.Host reload
INFO : Reloading Context with name [/j2ee] has started
02 22, 2022 16:42:14 下午 cn.how2j.diytomcat.catalina.Context <init>
INFO : Deploying web application directory D:\tq_project\diytomcat\webapps\j2ee
02 22, 2022 16:42:14 下午 cn.how2j.diytomcat.catalina.Context <init>
INFO : Deployment of web application directory D:\tq_project\diytomcat\webapps\j2ee has finished in 4 ms
02 22, 2022 16:42:14 下午 cn.how2j.diytomcat.catalina.Host reload
INFO : Reloading Context with name [/j2ee] has completed
02 22, 2022 16:42:27 下午 cn.how2j.diytomcat.watcher.ContextFileChangeWatcher$1 dealWith
INFO : cn.how2j.diytomcat.watcher.ContextFileChangeWatcher@3edd2084 检测到了Web应用下的重要文件变化 web.xml 
02 22, 2022 16:42:27 下午 cn.how2j.diytomcat.catalina.Host reload
INFO : Reloading Context with name [/javaweb] has started
02 22, 2022 16:42:27 下午 cn.how2j.diytomcat.catalina.Context <init>
INFO : Deploying web application directory d:/tq_project/javaweb/web
02 22, 2022 16:42:27 下午 cn.how2j.diytomcat.catalina.Context <init>
INFO : Deployment of web application directory d:/tq_project/javaweb/web has finished in 8 ms
02 22, 2022 16:42:27 下午 cn.how2j.diytomcat.catalina.Host reload
INFO : Reloading Context with name [/javaweb] has completed
02 22, 2022 16:42:44 下午 cn.how2j.diytomcat.catalina.Context <init>
INFO : Deploying web application directory D:\tq_project\diytomcat\webapps\a
02 22, 2022 16:42:44 下午 cn.how2j.diytomcat.catalina.Context <init>
INFO : Deployment of web application directory D:\tq_project\diytomcat\webapps\a has finished in 147 ms
02 22, 2022 16:42:44 下午 cn.how2j.diytomcat.catalina.Context <init>
INFO : Deploying web application directory D:\tq_project\diytomcat\webapps\j2ee
02 22, 2022 16:42:44 下午 cn.how2j.diytomcat.catalina.Context <init>
INFO : Deployment of web application directory D:\tq_project\diytomcat\webapps\j2ee has finished in 8 ms
02 22, 2022 16:42:44 下午 cn.how2j.diytomcat.catalina.Context <init>
INFO : Deploying web application directory D:\tq_project\diytomcat\webapps\ROOT
02 22, 2022 16:42:44 下午 cn.how2j.diytomcat.catalina.Context <init>
INFO : Deployment of web application directory D:\tq_project\diytomcat\webapps\ROOT has finished in 2 ms
02 22, 2022 16:42:44 下午 cn.how2j.diytomcat.catalina.Context <init>
INFO : Deploying web application directory d:/tq_project/diytomcat/b
02 22, 2022 16:42:44 下午 cn.how2j.diytomcat.catalina.Context <init>
INFO : Deployment of web application directory d:/tq_project/diytomcat/b has finished in 1 ms
02 22, 2022 16:42:44 下午 cn.how2j.diytomcat.catalina.Context <init>
INFO : Deploying web application directory d:/tq_project/javaweb/web
02 22, 2022 16:42:44 下午 cn.how2j.diytomcat.catalina.Context <init>
INFO : Deployment of web application directory d:/tq_project/javaweb/web has finished in 6 ms
02 22, 2022 16:42:44 下午 cn.how2j.diytomcat.catalina.Server logJVM
INFO : Server version:		How2J DiyTomcat/1.0.1
02 22, 2022 16:42:44 下午 cn.how2j.diytomcat.catalina.Server logJVM
INFO : Server built:		2020-04-08 10:20:22
02 22, 2022 16:42:44 下午 cn.how2j.diytomcat.catalina.Server logJVM
INFO : Server number:		1.0.1
02 22, 2022 16:42:44 下午 cn.how2j.diytomcat.catalina.Server logJVM
INFO : OS Name	:		Windows 10
02 22, 2022 16:42:44 下午 cn.how2j.diytomcat.catalina.Server logJVM
INFO : OS Version:		10.0
02 22, 2022 16:42:44 下午 cn.how2j.diytomcat.catalina.Server logJVM
INFO : Architecture:		amd64
02 22, 2022 16:42:44 下午 cn.how2j.diytomcat.catalina.Server logJVM
INFO : Java Home:		C:\Program Files\Java\jdk1.8.0_251\jre
02 22, 2022 16:42:44 下午 cn.how2j.diytomcat.catalina.Server logJVM
INFO : JVM Version:		1.8.0_251-b08
02 22, 2022 16:42:44 下午 cn.how2j.diytomcat.catalina.Server logJVM
INFO : JVM Vendor:		Oracle Corporation
02 22, 2022 16:42:44 下午 cn.how2j.diytomcat.catalina.Connector init
INFO : Initializing ProtocolHandler [http-bio-18080]
02 22, 2022 16:42:44 下午 cn.how2j.diytomcat.catalina.Connector init
INFO : Initializing ProtocolHandler [http-bio-18081]
02 22, 2022 16:42:44 下午 cn.how2j.diytomcat.catalina.Connector init
INFO : Initializing ProtocolHandler [http-bio-18082]
02 22, 2022 16:42:44 下午 cn.how2j.diytomcat.catalina.Service init
INFO : Initialization processed in 1 ms
02 22, 2022 16:42:44 下午 cn.how2j.diytomcat.catalina.Connector start
INFO : Starting ProtocolHandler [http-bio-18080]
02 22, 2022 16:42:44 下午 cn.how2j.diytomcat.catalina.Connector start
INFO : Starting ProtocolHandler [http-bio-18081]
02 22, 2022 16:42:44 下午 cn.how2j.diytomcat.catalina.Connector start
INFO : Starting ProtocolHandler [http-bio-18082]
02 22, 2022 16:42:44 下午 cn.how2j.diytomcat.catalina.Server start
INFO : Server startup in 6 ms
02 22, 2022 16:43:46 下午 cn.how2j.diytomcat.watcher.ContextFileChangeWatcher$1 dealWith
INFO : cn.how2j.diytomcat.watcher.ContextFileChangeWatcher@57cec0ab 检测到了Web应用下的重要文件变化 web.xml 
02 22, 2022 16:43:46 下午 cn.how2j.diytomcat.catalina.Host reload
INFO : Reloading Context with name [/javaweb] has started
02 22, 2022 16:43:46 下午 cn.how2j.diytomcat.catalina.Context <init>
INFO : Deploying web application directory d:/tq_project/javaweb/web
02 22, 2022 16:43:46 下午 cn.how2j.diytomcat.catalina.Context <init>
INFO : Deployment of web application directory d:/tq_project/javaweb/web has finished in 6 ms
02 22, 2022 16:43:46 下午 cn.how2j.diytomcat.catalina.Host reload
INFO : Reloading Context with name [/javaweb] has completed
02 22, 2022 16:49:12 下午 cn.how2j.diytomcat.catalina.Context <init>
INFO : Deploying web application directory D:\tq_project\diytomcat\webapps\a
02 22, 2022 16:49:12 下午 cn.how2j.diytomcat.catalina.Context <init>
INFO : Deployment of web application directory D:\tq_project\diytomcat\webapps\a has finished in 145 ms
02 22, 2022 16:49:12 下午 cn.how2j.diytomcat.catalina.Context <init>
INFO : Deploying web application directory D:\tq_project\diytomcat\webapps\j2ee
02 22, 2022 16:49:12 下午 cn.how2j.diytomcat.catalina.Context <init>
INFO : Deployment of web application directory D:\tq_project\diytomcat\webapps\j2ee has finished in 7 ms
02 22, 2022 16:49:12 下午 cn.how2j.diytomcat.catalina.Context <init>
INFO : Deploying web application directory D:\tq_project\diytomcat\webapps\ROOT
02 22, 2022 16:49:12 下午 cn.how2j.diytomcat.catalina.Context <init>
INFO : Deployment of web application directory D:\tq_project\diytomcat\webapps\ROOT has finished in 1 ms
02 22, 2022 16:49:12 下午 cn.how2j.diytomcat.catalina.Context <init>
INFO : Deploying web application directory d:/tq_project/diytomcat/b
02 22, 2022 16:49:12 下午 cn.how2j.diytomcat.catalina.Context <init>
INFO : Deployment of web application directory d:/tq_project/diytomcat/b has finished in 2 ms
02 22, 2022 16:49:12 下午 cn.how2j.diytomcat.catalina.Context <init>
INFO : Deploying web application directory d:/tq_project/javaweb/web
02 22, 2022 16:49:12 下午 cn.how2j.diytomcat.catalina.Context <init>
INFO : Deployment of web application directory d:/tq_project/javaweb/web has finished in 18 ms
02 22, 2022 16:49:12 下午 cn.how2j.diytomcat.catalina.Server logJVM
INFO : Server version:		How2J DiyTomcat/1.0.1
02 22, 2022 16:49:12 下午 cn.how2j.diytomcat.catalina.Server logJVM
INFO : Server built:		2020-04-08 10:20:22
02 22, 2022 16:49:12 下午 cn.how2j.diytomcat.catalina.Server logJVM
INFO : Server number:		1.0.1
02 22, 2022 16:49:12 下午 cn.how2j.diytomcat.catalina.Server logJVM
INFO : OS Name	:		Windows 10
02 22, 2022 16:49:12 下午 cn.how2j.diytomcat.catalina.Server logJVM
INFO : OS Version:		10.0
02 22, 2022 16:49:12 下午 cn.how2j.diytomcat.catalina.Server logJVM
INFO : Architecture:		amd64
02 22, 2022 16:49:12 下午 cn.how2j.diytomcat.catalina.Server logJVM
INFO : Java Home:		C:\Program Files\Java\jdk1.8.0_251\jre
02 22, 2022 16:49:12 下午 cn.how2j.diytomcat.catalina.Server logJVM
INFO : JVM Version:		1.8.0_251-b08
02 22, 2022 16:49:12 下午 cn.how2j.diytomcat.catalina.Server logJVM
INFO : JVM Vendor:		Oracle Corporation
02 22, 2022 16:49:12 下午 cn.how2j.diytomcat.catalina.Connector init
INFO : Initializing ProtocolHandler [http-bio-18080]
02 22, 2022 16:49:12 下午 cn.how2j.diytomcat.catalina.Connector init
INFO : Initializing ProtocolHandler [http-bio-18081]
02 22, 2022 16:49:12 下午 cn.how2j.diytomcat.catalina.Connector init
INFO : Initializing ProtocolHandler [http-bio-18082]
02 22, 2022 16:49:12 下午 cn.how2j.diytomcat.catalina.Service init
INFO : Initialization processed in 1 ms
02 22, 2022 16:49:12 下午 cn.how2j.diytomcat.catalina.Connector start
INFO : Starting ProtocolHandler [http-bio-18080]
02 22, 2022 16:49:12 下午 cn.how2j.diytomcat.catalina.Connector start
INFO : Starting ProtocolHandler [http-bio-18081]
02 22, 2022 16:49:12 下午 cn.how2j.diytomcat.catalina.Connector start
INFO : Starting ProtocolHandler [http-bio-18082]
02 22, 2022 16:49:12 下午 cn.how2j.diytomcat.catalina.Server start
INFO : Server startup in 8 ms
02 22, 2022 16:51:03 下午 cn.how2j.diytomcat.catalina.Context <init>
INFO : Deploying web application directory D:\tq_project\diytomcat\webapps\a
02 22, 2022 16:51:03 下午 cn.how2j.diytomcat.catalina.Context <init>
INFO : Deployment of web application directory D:\tq_project\diytomcat\webapps\a has finished in 141 ms
02 22, 2022 16:51:03 下午 cn.how2j.diytomcat.catalina.Context <init>
INFO : Deploying web application directory D:\tq_project\diytomcat\webapps\j2ee
02 22, 2022 16:51:03 下午 cn.how2j.diytomcat.catalina.Context <init>
INFO : Deployment of web application directory D:\tq_project\diytomcat\webapps\j2ee has finished in 7 ms
02 22, 2022 16:51:03 下午 cn.how2j.diytomcat.catalina.Context <init>
INFO : Deploying web application directory D:\tq_project\diytomcat\webapps\ROOT
02 22, 2022 16:51:03 下午 cn.how2j.diytomcat.catalina.Context <init>
INFO : Deployment of web application directory D:\tq_project\diytomcat\webapps\ROOT has finished in 2 ms
02 22, 2022 16:51:03 下午 cn.how2j.diytomcat.catalina.Context <init>
INFO : Deploying web application directory d:/tq_project/diytomcat/b
02 22, 2022 16:51:03 下午 cn.how2j.diytomcat.catalina.Context <init>
INFO : Deployment of web application directory d:/tq_project/diytomcat/b has finished in 2 ms
02 22, 2022 16:51:03 下午 cn.how2j.diytomcat.catalina.Context <init>
INFO : Deploying web application directory d:/tq_project/javaweb/web
02 22, 2022 16:51:03 下午 cn.how2j.diytomcat.catalina.Context <init>
INFO : Deployment of web application directory d:/tq_project/javaweb/web has finished in 19 ms
02 22, 2022 16:51:03 下午 cn.how2j.diytomcat.catalina.Server logJVM
INFO : Server version:		How2J DiyTomcat/1.0.1
02 22, 2022 16:51:03 下午 cn.how2j.diytomcat.catalina.Server logJVM
INFO : Server built:		2020-04-08 10:20:22
02 22, 2022 16:51:03 下午 cn.how2j.diytomcat.catalina.Server logJVM
INFO : Server number:		1.0.1
02 22, 2022 16:51:03 下午 cn.how2j.diytomcat.catalina.Server logJVM
INFO : OS Name	:		Windows 10
02 22, 2022 16:51:03 下午 cn.how2j.diytomcat.catalina.Server logJVM
INFO : OS Version:		10.0
02 22, 2022 16:51:03 下午 cn.how2j.diytomcat.catalina.Server logJVM
INFO : Architecture:		amd64
02 22, 2022 16:51:03 下午 cn.how2j.diytomcat.catalina.Server logJVM
INFO : Java Home:		C:\Program Files\Java\jdk1.8.0_251\jre
02 22, 2022 16:51:03 下午 cn.how2j.diytomcat.catalina.Server logJVM
INFO : JVM Version:		1.8.0_251-b08
02 22, 2022 16:51:03 下午 cn.how2j.diytomcat.catalina.Server logJVM
INFO : JVM Vendor:		Oracle Corporation
02 22, 2022 16:51:03 下午 cn.how2j.diytomcat.catalina.Connector init
INFO : Initializing ProtocolHandler [http-bio-18080]
02 22, 2022 16:51:03 下午 cn.how2j.diytomcat.catalina.Connector init
INFO : Initializing ProtocolHandler [http-bio-18081]
02 22, 2022 16:51:03 下午 cn.how2j.diytomcat.catalina.Connector init
INFO : Initializing ProtocolHandler [http-bio-18082]
02 22, 2022 16:51:03 下午 cn.how2j.diytomcat.catalina.Service init
INFO : Initialization processed in 1 ms
02 22, 2022 16:51:03 下午 cn.how2j.diytomcat.catalina.Connector start
INFO : Starting ProtocolHandler [http-bio-18080]
02 22, 2022 16:51:03 下午 cn.how2j.diytomcat.catalina.Connector start
INFO : Starting ProtocolHandler [http-bio-18081]
02 22, 2022 16:51:03 下午 cn.how2j.diytomcat.catalina.Connector start
INFO : Starting ProtocolHandler [http-bio-18082]
02 22, 2022 16:51:03 下午 cn.how2j.diytomcat.catalina.Server start
INFO : Server startup in 9 ms
02 22, 2022 17:00:26 下午 cn.how2j.diytomcat.watcher.ContextFileChangeWatcher$1 dealWith
INFO : cn.how2j.diytomcat.watcher.ContextFileChangeWatcher@697b6d65 检测到了Web应用下的重要文件变化 web.xml 
02 22, 2022 17:00:26 下午 cn.how2j.diytomcat.catalina.Host reload
INFO : Reloading Context with name [/javaweb] has started
02 22, 2022 17:00:26 下午 cn.how2j.diytomcat.catalina.Context <init>
INFO : Deploying web application directory d:/tq_project/javaweb/web
02 22, 2022 17:00:26 下午 cn.how2j.diytomcat.catalina.Context <init>
INFO : Deployment of web application directory d:/tq_project/javaweb/web has finished in 11 ms
02 22, 2022 17:00:26 下午 cn.how2j.diytomcat.catalina.Host reload
INFO : Reloading Context with name [/javaweb] has completed
02 22, 2022 17:44:57 下午 cn.how2j.diytomcat.catalina.Context <init>
INFO : Deploying web application directory D:\tq_project\diytomcat\webapps\a
02 22, 2022 17:44:57 下午 cn.how2j.diytomcat.catalina.Context <init>
INFO : Deployment of web application directory D:\tq_project\diytomcat\webapps\a has finished in 165 ms
02 22, 2022 17:44:57 下午 cn.how2j.diytomcat.catalina.Context <init>
INFO : Deploying web application directory D:\tq_project\diytomcat\webapps\j2ee
02 22, 2022 17:44:57 下午 cn.how2j.diytomcat.catalina.Context <init>
INFO : Deployment of web application directory D:\tq_project\diytomcat\webapps\j2ee has finished in 6 ms
02 22, 2022 17:44:57 下午 cn.how2j.diytomcat.catalina.Context <init>
INFO : Deploying web application directory D:\tq_project\diytomcat\webapps\ROOT
02 22, 2022 17:44:57 下午 cn.how2j.diytomcat.catalina.Context <init>
INFO : Deployment of web application directory D:\tq_project\diytomcat\webapps\ROOT has finished in 4 ms
02 22, 2022 17:44:57 下午 cn.how2j.diytomcat.catalina.Context <init>
INFO : Deploying web application directory d:/tq_project/diytomcat/b
02 22, 2022 17:44:57 下午 cn.how2j.diytomcat.catalina.Context <init>
INFO : Deployment of web application directory d:/tq_project/diytomcat/b has finished in 2 ms
02 22, 2022 17:44:57 下午 cn.how2j.diytomcat.catalina.Context <init>
INFO : Deploying web application directory d:/tq_project/javaweb/web
02 22, 2022 17:44:57 下午 cn.how2j.diytomcat.catalina.Context <init>
INFO : Deployment of web application directory d:/tq_project/javaweb/web has finished in 19 ms
02 22, 2022 17:44:57 下午 cn.how2j.diytomcat.catalina.Server logJVM
INFO : Server version:		How2J DiyTomcat/1.0.1
02 22, 2022 17:44:57 下午 cn.how2j.diytomcat.catalina.Server logJVM
INFO : Server built:		2020-04-08 10:20:22
02 22, 2022 17:44:57 下午 cn.how2j.diytomcat.catalina.Server logJVM
INFO : Server number:		1.0.1
02 22, 2022 17:44:57 下午 cn.how2j.diytomcat.catalina.Server logJVM
INFO : OS Name	:		Windows 10
02 22, 2022 17:44:57 下午 cn.how2j.diytomcat.catalina.Server logJVM
INFO : OS Version:		10.0
02 22, 2022 17:44:57 下午 cn.how2j.diytomcat.catalina.Server logJVM
INFO : Architecture:		amd64
02 22, 2022 17:44:57 下午 cn.how2j.diytomcat.catalina.Server logJVM
INFO : Java Home:		C:\Program Files\Java\jdk1.8.0_251\jre
02 22, 2022 17:44:57 下午 cn.how2j.diytomcat.catalina.Server logJVM
INFO : JVM Version:		1.8.0_251-b08
02 22, 2022 17:44:57 下午 cn.how2j.diytomcat.catalina.Server logJVM
INFO : JVM Vendor:		Oracle Corporation
02 22, 2022 17:44:57 下午 cn.how2j.diytomcat.catalina.Connector init
INFO : Initializing ProtocolHandler [http-bio-18080]
02 22, 2022 17:44:57 下午 cn.how2j.diytomcat.catalina.Connector init
INFO : Initializing ProtocolHandler [http-bio-18081]
02 22, 2022 17:44:57 下午 cn.how2j.diytomcat.catalina.Connector init
INFO : Initializing ProtocolHandler [http-bio-18082]
02 22, 2022 17:44:57 下午 cn.how2j.diytomcat.catalina.Service init
INFO : Initialization processed in 1 ms
02 22, 2022 17:44:57 下午 cn.how2j.diytomcat.catalina.Connector start
INFO : Starting ProtocolHandler [http-bio-18080]
02 22, 2022 17:44:57 下午 cn.how2j.diytomcat.catalina.Connector start
INFO : Starting ProtocolHandler [http-bio-18081]
02 22, 2022 17:44:57 下午 cn.how2j.diytomcat.catalina.Connector start
INFO : Starting ProtocolHandler [http-bio-18082]
02 22, 2022 17:44:57 下午 cn.how2j.diytomcat.catalina.Server start
INFO : Server startup in 9 ms
02 22, 2022 17:46:22 下午 cn.how2j.diytomcat.watcher.ContextFileChangeWatcher$1 dealWith
INFO : cn.how2j.diytomcat.watcher.ContextFileChangeWatcher@8b4481a 检测到了Web应用下的重要文件变化 ParamServlet.class 
02 22, 2022 17:46:22 下午 cn.how2j.diytomcat.catalina.Host reload
INFO : Reloading Context with name [/javaweb] has started
02 22, 2022 17:46:22 下午 cn.how2j.diytomcat.catalina.Context <init>
INFO : Deploying web application directory d:/tq_project/javaweb/web
02 22, 2022 17:46:22 下午 cn.how2j.diytomcat.catalina.Context <init>
INFO : Deployment of web application directory d:/tq_project/javaweb/web has finished in 9 ms
02 22, 2022 17:46:22 下午 cn.how2j.diytomcat.catalina.Host reload
INFO : Reloading Context with name [/javaweb] has completed
02 22, 2022 17:46:41 下午 cn.how2j.diytomcat.catalina.Context <init>
INFO : Deploying web application directory D:\tq_project\diytomcat\webapps\a
02 22, 2022 17:46:41 下午 cn.how2j.diytomcat.catalina.Context <init>
INFO : Deployment of web application directory D:\tq_project\diytomcat\webapps\a has finished in 148 ms
02 22, 2022 17:46:41 下午 cn.how2j.diytomcat.catalina.Context <init>
INFO : Deploying web application directory D:\tq_project\diytomcat\webapps\j2ee
02 22, 2022 17:46:41 下午 cn.how2j.diytomcat.catalina.Context <init>
INFO : Deployment of web application directory D:\tq_project\diytomcat\webapps\j2ee has finished in 6 ms
02 22, 2022 17:46:41 下午 cn.how2j.diytomcat.catalina.Context <init>
INFO : Deploying web application directory D:\tq_project\diytomcat\webapps\ROOT
02 22, 2022 17:46:41 下午 cn.how2j.diytomcat.catalina.Context <init>
INFO : Deployment of web application directory D:\tq_project\diytomcat\webapps\ROOT has finished in 2 ms
02 22, 2022 17:46:41 下午 cn.how2j.diytomcat.catalina.Context <init>
INFO : Deploying web application directory d:/tq_project/diytomcat/b
02 22, 2022 17:46:41 下午 cn.how2j.diytomcat.catalina.Context <init>
INFO : Deployment of web application directory d:/tq_project/diytomcat/b has finished in 1 ms
02 22, 2022 17:46:41 下午 cn.how2j.diytomcat.catalina.Context <init>
INFO : Deploying web application directory d:/tq_project/javaweb/web
02 22, 2022 17:46:41 下午 cn.how2j.diytomcat.catalina.Context <init>
INFO : Deployment of web application directory d:/tq_project/javaweb/web has finished in 16 ms
02 22, 2022 17:46:41 下午 cn.how2j.diytomcat.catalina.Server logJVM
INFO : Server version:		How2J DiyTomcat/1.0.1
02 22, 2022 17:46:41 下午 cn.how2j.diytomcat.catalina.Server logJVM
INFO : Server built:		2020-04-08 10:20:22
02 22, 2022 17:46:41 下午 cn.how2j.diytomcat.catalina.Server logJVM
INFO : Server number:		1.0.1
02 22, 2022 17:46:41 下午 cn.how2j.diytomcat.catalina.Server logJVM
INFO : OS Name	:		Windows 10
02 22, 2022 17:46:41 下午 cn.how2j.diytomcat.catalina.Server logJVM
INFO : OS Version:		10.0
02 22, 2022 17:46:41 下午 cn.how2j.diytomcat.catalina.Server logJVM
INFO : Architecture:		amd64
02 22, 2022 17:46:41 下午 cn.how2j.diytomcat.catalina.Server logJVM
INFO : Java Home:		C:\Program Files\Java\jdk1.8.0_251\jre
02 22, 2022 17:46:41 下午 cn.how2j.diytomcat.catalina.Server logJVM
INFO : JVM Version:		1.8.0_251-b08
02 22, 2022 17:46:41 下午 cn.how2j.diytomcat.catalina.Server logJVM
INFO : JVM Vendor:		Oracle Corporation
02 22, 2022 17:46:41 下午 cn.how2j.diytomcat.catalina.Connector init
INFO : Initializing ProtocolHandler [http-bio-18080]
02 22, 2022 17:46:41 下午 cn.how2j.diytomcat.catalina.Connector init
INFO : Initializing ProtocolHandler [http-bio-18081]
02 22, 2022 17:46:41 下午 cn.how2j.diytomcat.catalina.Connector init
INFO : Initializing ProtocolHandler [http-bio-18082]
02 22, 2022 17:46:41 下午 cn.how2j.diytomcat.catalina.Service init
INFO : Initialization processed in 1 ms
02 22, 2022 17:46:41 下午 cn.how2j.diytomcat.catalina.Connector start
INFO : Starting ProtocolHandler [http-bio-18080]
02 22, 2022 17:46:41 下午 cn.how2j.diytomcat.catalina.Connector start
INFO : Starting ProtocolHandler [http-bio-18081]
02 22, 2022 17:46:41 下午 cn.how2j.diytomcat.catalina.Connector start
INFO : Starting ProtocolHandler [http-bio-18082]
02 22, 2022 17:46:41 下午 cn.how2j.diytomcat.catalina.Server start
INFO : Server startup in 9 ms
02 22, 2022 18:00:35 下午 cn.how2j.diytomcat.watcher.ContextFileChangeWatcher$1 dealWith
INFO : cn.how2j.diytomcat.watcher.ContextFileChangeWatcher@8b4481a 检测到了Web应用下的重要文件变化 web.xml 
02 22, 2022 18:00:35 下午 cn.how2j.diytomcat.catalina.Host reload
INFO : Reloading Context with name [/javaweb] has started
02 22, 2022 18:00:35 下午 cn.how2j.diytomcat.catalina.Context <init>
INFO : Deploying web application directory d:/tq_project/javaweb/web
02 22, 2022 18:00:35 下午 cn.how2j.diytomcat.catalina.Context <init>
INFO : Deployment of web application directory d:/tq_project/javaweb/web has finished in 11 ms
02 22, 2022 18:00:35 下午 cn.how2j.diytomcat.catalina.Host reload
INFO : Reloading Context with name [/javaweb] has completed
02 22, 2022 18:00:38 下午 cn.how2j.diytomcat.watcher.ContextFileChangeWatcher$1 dealWith
INFO : cn.how2j.diytomcat.watcher.ContextFileChangeWatcher@7010151a 检测到了Web应用下的重要文件变化 HeaderServlet.class 
02 22, 2022 18:00:38 下午 cn.how2j.diytomcat.catalina.Host reload
INFO : Reloading Context with name [/javaweb] has started
02 22, 2022 18:00:38 下午 cn.how2j.diytomcat.catalina.Context <init>
INFO : Deploying web application directory d:/tq_project/javaweb/web
02 22, 2022 18:00:38 下午 cn.how2j.diytomcat.catalina.Context <init>
INFO : Deployment of web application directory d:/tq_project/javaweb/web has finished in 6 ms
02 22, 2022 18:00:38 下午 cn.how2j.diytomcat.catalina.Host reload
INFO : Reloading Context with name [/javaweb] has completed
02 22, 2022 18:01:15 下午 cn.how2j.diytomcat.catalina.Context <init>
INFO : Deploying web application directory D:\tq_project\diytomcat\webapps\a
02 22, 2022 18:01:15 下午 cn.how2j.diytomcat.catalina.Context <init>
INFO : Deployment of web application directory D:\tq_project\diytomcat\webapps\a has finished in 156 ms
02 22, 2022 18:01:15 下午 cn.how2j.diytomcat.catalina.Context <init>
INFO : Deploying web application directory D:\tq_project\diytomcat\webapps\j2ee
02 22, 2022 18:01:15 下午 cn.how2j.diytomcat.catalina.Context <init>
INFO : Deployment of web application directory D:\tq_project\diytomcat\webapps\j2ee has finished in 6 ms
02 22, 2022 18:01:15 下午 cn.how2j.diytomcat.catalina.Context <init>
INFO : Deploying web application directory D:\tq_project\diytomcat\webapps\ROOT
02 22, 2022 18:01:15 下午 cn.how2j.diytomcat.catalina.Context <init>
INFO : Deployment of web application directory D:\tq_project\diytomcat\webapps\ROOT has finished in 2 ms
02 22, 2022 18:01:15 下午 cn.how2j.diytomcat.catalina.Context <init>
INFO : Deploying web application directory d:/tq_project/diytomcat/b
02 22, 2022 18:01:15 下午 cn.how2j.diytomcat.catalina.Context <init>
INFO : Deployment of web application directory d:/tq_project/diytomcat/b has finished in 2 ms
02 22, 2022 18:01:15 下午 cn.how2j.diytomcat.catalina.Context <init>
INFO : Deploying web application directory d:/tq_project/javaweb/web
02 22, 2022 18:01:15 下午 cn.how2j.diytomcat.catalina.Context <init>
INFO : Deployment of web application directory d:/tq_project/javaweb/web has finished in 20 ms
02 22, 2022 18:01:15 下午 cn.how2j.diytomcat.catalina.Server logJVM
INFO : Server version:		How2J DiyTomcat/1.0.1
02 22, 2022 18:01:15 下午 cn.how2j.diytomcat.catalina.Server logJVM
INFO : Server built:		2020-04-08 10:20:22
02 22, 2022 18:01:15 下午 cn.how2j.diytomcat.catalina.Server logJVM
INFO : Server number:		1.0.1
02 22, 2022 18:01:15 下午 cn.how2j.diytomcat.catalina.Server logJVM
INFO : OS Name	:		Windows 10
02 22, 2022 18:01:15 下午 cn.how2j.diytomcat.catalina.Server logJVM
INFO : OS Version:		10.0
02 22, 2022 18:01:15 下午 cn.how2j.diytomcat.catalina.Server logJVM
INFO : Architecture:		amd64
02 22, 2022 18:01:15 下午 cn.how2j.diytomcat.catalina.Server logJVM
INFO : Java Home:		C:\Program Files\Java\jdk1.8.0_251\jre
02 22, 2022 18:01:15 下午 cn.how2j.diytomcat.catalina.Server logJVM
INFO : JVM Version:		1.8.0_251-b08
02 22, 2022 18:01:15 下午 cn.how2j.diytomcat.catalina.Server logJVM
INFO : JVM Vendor:		Oracle Corporation
02 22, 2022 18:01:15 下午 cn.how2j.diytomcat.catalina.Connector init
INFO : Initializing ProtocolHandler [http-bio-18080]
02 22, 2022 18:01:15 下午 cn.how2j.diytomcat.catalina.Connector init
INFO : Initializing ProtocolHandler [http-bio-18081]
02 22, 2022 18:01:15 下午 cn.how2j.diytomcat.catalina.Connector init
INFO : Initializing ProtocolHandler [http-bio-18082]
02 22, 2022 18:01:15 下午 cn.how2j.diytomcat.catalina.Service init
INFO : Initialization processed in 0 ms
02 22, 2022 18:01:15 下午 cn.how2j.diytomcat.catalina.Connector start
INFO : Starting ProtocolHandler [http-bio-18080]
02 22, 2022 18:01:15 下午 cn.how2j.diytomcat.catalina.Connector start
INFO : Starting ProtocolHandler [http-bio-18081]
02 22, 2022 18:01:15 下午 cn.how2j.diytomcat.catalina.Connector start
INFO : Starting ProtocolHandler [http-bio-18082]
02 22, 2022 18:01:15 下午 cn.how2j.diytomcat.catalina.Server start
INFO : Server startup in 7 ms
02 22, 2022 18:12:14 下午 cn.how2j.diytomcat.watcher.ContextFileChangeWatcher$1 dealWith
INFO : cn.how2j.diytomcat.watcher.ContextFileChangeWatcher@3ced1d75 检测到了Web应用下的重要文件变化 web.xml 
02 22, 2022 18:12:14 下午 cn.how2j.diytomcat.catalina.Host reload
INFO : Reloading Context with name [/javaweb] has started
02 22, 2022 18:12:14 下午 cn.how2j.diytomcat.catalina.Context <init>
INFO : Deploying web application directory d:/tq_project/javaweb/web
02 22, 2022 18:12:14 下午 cn.how2j.diytomcat.catalina.Context <init>
INFO : Deployment of web application directory d:/tq_project/javaweb/web has finished in 14 ms
02 22, 2022 18:12:14 下午 cn.how2j.diytomcat.catalina.Host reload
INFO : Reloading Context with name [/javaweb] has completed
02 22, 2022 18:48:45 下午 cn.how2j.diytomcat.catalina.Context <init>
INFO : Deploying web application directory D:\tq_project\diytomcat\webapps\a
02 22, 2022 18:48:45 下午 cn.how2j.diytomcat.catalina.Context <init>
INFO : Deployment of web application directory D:\tq_project\diytomcat\webapps\a has finished in 149 ms
02 22, 2022 18:48:45 下午 cn.how2j.diytomcat.catalina.Context <init>
INFO : Deploying web application directory D:\tq_project\diytomcat\webapps\j2ee
02 22, 2022 18:48:45 下午 cn.how2j.diytomcat.catalina.Context <init>
INFO : Deployment of web application directory D:\tq_project\diytomcat\webapps\j2ee has finished in 6 ms
02 22, 2022 18:48:45 下午 cn.how2j.diytomcat.catalina.Context <init>
INFO : Deploying web application directory D:\tq_project\diytomcat\webapps\ROOT
02 22, 2022 18:48:45 下午 cn.how2j.diytomcat.catalina.Context <init>
INFO : Deployment of web application directory D:\tq_project\diytomcat\webapps\ROOT has finished in 2 ms
02 22, 2022 18:48:45 下午 cn.how2j.diytomcat.catalina.Context <init>
INFO : Deploying web application directory d:/tq_project/diytomcat/b
02 22, 2022 18:48:45 下午 cn.how2j.diytomcat.catalina.Context <init>
INFO : Deployment of web application directory d:/tq_project/diytomcat/b has finished in 1 ms
02 22, 2022 18:48:45 下午 cn.how2j.diytomcat.catalina.Context <init>
INFO : Deploying web application directory d:/tq_project/javaweb/web
02 22, 2022 18:48:45 下午 cn.how2j.diytomcat.catalina.Context <init>
INFO : Deployment of web application directory d:/tq_project/javaweb/web has finished in 20 ms
02 22, 2022 18:48:45 下午 cn.how2j.diytomcat.catalina.Server logJVM
INFO : Server version:		How2J DiyTomcat/1.0.1
02 22, 2022 18:48:45 下午 cn.how2j.diytomcat.catalina.Server logJVM
INFO : Server built:		2020-04-08 10:20:22
02 22, 2022 18:48:45 下午 cn.how2j.diytomcat.catalina.Server logJVM
INFO : Server number:		1.0.1
02 22, 2022 18:48:45 下午 cn.how2j.diytomcat.catalina.Server logJVM
INFO : OS Name	:		Windows 10
02 22, 2022 18:48:45 下午 cn.how2j.diytomcat.catalina.Server logJVM
INFO : OS Version:		10.0
02 22, 2022 18:48:45 下午 cn.how2j.diytomcat.catalina.Server logJVM
INFO : Architecture:		amd64
02 22, 2022 18:48:45 下午 cn.how2j.diytomcat.catalina.Server logJVM
INFO : Java Home:		C:\Program Files\Java\jdk1.8.0_251\jre
02 22, 2022 18:48:45 下午 cn.how2j.diytomcat.catalina.Server logJVM
INFO : JVM Version:		1.8.0_251-b08
02 22, 2022 18:48:45 下午 cn.how2j.diytomcat.catalina.Server logJVM
INFO : JVM Vendor:		Oracle Corporation
02 22, 2022 18:48:45 下午 cn.how2j.diytomcat.catalina.Connector init
INFO : Initializing ProtocolHandler [http-bio-18080]
02 22, 2022 18:48:45 下午 cn.how2j.diytomcat.catalina.Connector init
INFO : Initializing ProtocolHandler [http-bio-18081]
02 22, 2022 18:48:45 下午 cn.how2j.diytomcat.catalina.Connector init
INFO : Initializing ProtocolHandler [http-bio-18082]
02 22, 2022 18:48:45 下午 cn.how2j.diytomcat.catalina.Service init
INFO : Initialization processed in 0 ms
02 22, 2022 18:48:45 下午 cn.how2j.diytomcat.catalina.Connector start
INFO : Starting ProtocolHandler [http-bio-18080]
02 22, 2022 18:48:45 下午 cn.how2j.diytomcat.catalina.Connector start
INFO : Starting ProtocolHandler [http-bio-18081]
02 22, 2022 18:48:45 下午 cn.how2j.diytomcat.catalina.Connector start
INFO : Starting ProtocolHandler [http-bio-18082]
02 22, 2022 18:48:45 下午 cn.how2j.diytomcat.catalina.Server start
INFO : Server startup in 17 ms
02 22, 2022 19:05:39 下午 cn.how2j.diytomcat.watcher.ContextFileChangeWatcher$1 dealWith
INFO : cn.how2j.diytomcat.watcher.ContextFileChangeWatcher@502802a9 检测到了Web应用下的重要文件变化 SetCookieServlet.class 
02 22, 2022 19:05:39 下午 cn.how2j.diytomcat.catalina.Host reload
INFO : Reloading Context with name [/javaweb] has started
02 22, 2022 19:05:39 下午 cn.how2j.diytomcat.catalina.Context <init>
INFO : Deploying web application directory d:/tq_project/javaweb/web
02 22, 2022 19:05:39 下午 cn.how2j.diytomcat.catalina.Context <init>
INFO : Deployment of web application directory d:/tq_project/javaweb/web has finished in 13 ms
02 22, 2022 19:05:39 下午 cn.how2j.diytomcat.catalina.Host reload
INFO : Reloading Context with name [/javaweb] has completed
02 22, 2022 19:06:01 下午 cn.how2j.diytomcat.catalina.Context <init>
INFO : Deploying web application directory D:\tq_project\diytomcat\webapps\a
02 22, 2022 19:06:01 下午 cn.how2j.diytomcat.catalina.Context <init>
INFO : Deployment of web application directory D:\tq_project\diytomcat\webapps\a has finished in 142 ms
02 22, 2022 19:06:01 下午 cn.how2j.diytomcat.catalina.Context <init>
INFO : Deploying web application directory D:\tq_project\diytomcat\webapps\j2ee
02 22, 2022 19:06:01 下午 cn.how2j.diytomcat.catalina.Context <init>
INFO : Deployment of web application directory D:\tq_project\diytomcat\webapps\j2ee has finished in 5 ms
02 22, 2022 19:06:01 下午 cn.how2j.diytomcat.catalina.Context <init>
INFO : Deploying web application directory D:\tq_project\diytomcat\webapps\ROOT
02 22, 2022 19:06:01 下午 cn.how2j.diytomcat.catalina.Context <init>
INFO : Deployment of web application directory D:\tq_project\diytomcat\webapps\ROOT has finished in 2 ms
02 22, 2022 19:06:01 下午 cn.how2j.diytomcat.catalina.Context <init>
INFO : Deploying web application directory d:/tq_project/diytomcat/b
02 22, 2022 19:06:01 下午 cn.how2j.diytomcat.catalina.Context <init>
INFO : Deployment of web application directory d:/tq_project/diytomcat/b has finished in 2 ms
02 22, 2022 19:06:01 下午 cn.how2j.diytomcat.catalina.Context <init>
INFO : Deploying web application directory d:/tq_project/javaweb/web
02 22, 2022 19:06:01 下午 cn.how2j.diytomcat.catalina.Context <init>
INFO : Deployment of web application directory d:/tq_project/javaweb/web has finished in 18 ms
02 22, 2022 19:06:02 下午 cn.how2j.diytomcat.catalina.Server logJVM
INFO : Server version:		How2J DiyTomcat/1.0.1
02 22, 2022 19:06:02 下午 cn.how2j.diytomcat.catalina.Server logJVM
INFO : Server built:		2020-04-08 10:20:22
02 22, 2022 19:06:02 下午 cn.how2j.diytomcat.catalina.Server logJVM
INFO : Server number:		1.0.1
02 22, 2022 19:06:02 下午 cn.how2j.diytomcat.catalina.Server logJVM
INFO : OS Name	:		Windows 10
02 22, 2022 19:06:02 下午 cn.how2j.diytomcat.catalina.Server logJVM
INFO : OS Version:		10.0
02 22, 2022 19:06:02 下午 cn.how2j.diytomcat.catalina.Server logJVM
INFO : Architecture:		amd64
02 22, 2022 19:06:02 下午 cn.how2j.diytomcat.catalina.Server logJVM
INFO : Java Home:		C:\Program Files\Java\jdk1.8.0_251\jre
02 22, 2022 19:06:02 下午 cn.how2j.diytomcat.catalina.Server logJVM
INFO : JVM Version:		1.8.0_251-b08
02 22, 2022 19:06:02 下午 cn.how2j.diytomcat.catalina.Server logJVM
INFO : JVM Vendor:		Oracle Corporation
02 22, 2022 19:06:02 下午 cn.how2j.diytomcat.catalina.Connector init
INFO : Initializing ProtocolHandler [http-bio-18080]
02 22, 2022 19:06:02 下午 cn.how2j.diytomcat.catalina.Connector init
INFO : Initializing ProtocolHandler [http-bio-18081]
02 22, 2022 19:06:02 下午 cn.how2j.diytomcat.catalina.Connector init
INFO : Initializing ProtocolHandler [http-bio-18082]
02 22, 2022 19:06:02 下午 cn.how2j.diytomcat.catalina.Service init
INFO : Initialization processed in 0 ms
02 22, 2022 19:06:02 下午 cn.how2j.diytomcat.catalina.Connector start
INFO : Starting ProtocolHandler [http-bio-18080]
02 22, 2022 19:06:02 下午 cn.how2j.diytomcat.catalina.Connector start
INFO : Starting ProtocolHandler [http-bio-18081]
02 22, 2022 19:06:02 下午 cn.how2j.diytomcat.catalina.Connector start
INFO : Starting ProtocolHandler [http-bio-18082]
02 22, 2022 19:06:02 下午 cn.how2j.diytomcat.catalina.Server start
INFO : Server startup in 7 ms
02 22, 2022 19:10:36 下午 cn.how2j.diytomcat.watcher.ContextFileChangeWatcher$1 dealWith
INFO : cn.how2j.diytomcat.watcher.ContextFileChangeWatcher@1de77b88 检测到了Web应用下的重要文件变化 SetCookieServlet.class 
02 22, 2022 19:10:36 下午 cn.how2j.diytomcat.catalina.Host reload
INFO : Reloading Context with name [/javaweb] has started
02 22, 2022 19:10:36 下午 cn.how2j.diytomcat.catalina.Context <init>
INFO : Deploying web application directory d:/tq_project/javaweb/web
02 22, 2022 19:10:36 下午 cn.how2j.diytomcat.catalina.Context <init>
INFO : Deployment of web application directory d:/tq_project/javaweb/web has finished in 12 ms
02 22, 2022 19:10:36 下午 cn.how2j.diytomcat.catalina.Host reload
INFO : Reloading Context with name [/javaweb] has completed
02 22, 2022 19:10:36 下午 cn.how2j.diytomcat.watcher.ContextFileChangeWatcher$1 dealWith
INFO : cn.how2j.diytomcat.watcher.ContextFileChangeWatcher@53cbf897 检测到了Web应用下的重要文件变化 SetCookieServlet.class 
02 22, 2022 19:10:36 下午 cn.how2j.diytomcat.catalina.Host reload
INFO : Reloading Context with name [/javaweb] has started
02 22, 2022 19:10:36 下午 cn.how2j.diytomcat.catalina.Context <init>
INFO : Deploying web application directory d:/tq_project/javaweb/web
02 22, 2022 19:10:36 下午 cn.how2j.diytomcat.catalina.Context <init>
INFO : Deployment of web application directory d:/tq_project/javaweb/web has finished in 7 ms
02 22, 2022 19:10:36 下午 cn.how2j.diytomcat.catalina.Host reload
INFO : Reloading Context with name [/javaweb] has completed
02 22, 2022 19:10:51 下午 cn.how2j.diytomcat.catalina.Context <init>
INFO : Deploying web application directory D:\tq_project\diytomcat\webapps\a
02 22, 2022 19:10:51 下午 cn.how2j.diytomcat.catalina.Context <init>
INFO : Deployment of web application directory D:\tq_project\diytomcat\webapps\a has finished in 138 ms
02 22, 2022 19:10:51 下午 cn.how2j.diytomcat.catalina.Context <init>
INFO : Deploying web application directory D:\tq_project\diytomcat\webapps\j2ee
02 22, 2022 19:10:51 下午 cn.how2j.diytomcat.catalina.Context <init>
INFO : Deployment of web application directory D:\tq_project\diytomcat\webapps\j2ee has finished in 7 ms
02 22, 2022 19:10:51 下午 cn.how2j.diytomcat.catalina.Context <init>
INFO : Deploying web application directory D:\tq_project\diytomcat\webapps\ROOT
02 22, 2022 19:10:51 下午 cn.how2j.diytomcat.catalina.Context <init>
INFO : Deployment of web application directory D:\tq_project\diytomcat\webapps\ROOT has finished in 1 ms
02 22, 2022 19:10:51 下午 cn.how2j.diytomcat.catalina.Context <init>
INFO : Deploying web application directory d:/tq_project/diytomcat/b
02 22, 2022 19:10:51 下午 cn.how2j.diytomcat.catalina.Context <init>
INFO : Deployment of web application directory d:/tq_project/diytomcat/b has finished in 1 ms
02 22, 2022 19:10:52 下午 cn.how2j.diytomcat.catalina.Context <init>
INFO : Deploying web application directory d:/tq_project/javaweb/web
02 22, 2022 19:10:52 下午 cn.how2j.diytomcat.catalina.Context <init>
INFO : Deployment of web application directory d:/tq_project/javaweb/web has finished in 20 ms
02 22, 2022 19:10:52 下午 cn.how2j.diytomcat.catalina.Server logJVM
INFO : Server version:		How2J DiyTomcat/1.0.1
02 22, 2022 19:10:52 下午 cn.how2j.diytomcat.catalina.Server logJVM
INFO : Server built:		2020-04-08 10:20:22
02 22, 2022 19:10:52 下午 cn.how2j.diytomcat.catalina.Server logJVM
INFO : Server number:		1.0.1
02 22, 2022 19:10:52 下午 cn.how2j.diytomcat.catalina.Server logJVM
INFO : OS Name	:		Windows 10
02 22, 2022 19:10:52 下午 cn.how2j.diytomcat.catalina.Server logJVM
INFO : OS Version:		10.0
02 22, 2022 19:10:52 下午 cn.how2j.diytomcat.catalina.Server logJVM
INFO : Architecture:		amd64
02 22, 2022 19:10:52 下午 cn.how2j.diytomcat.catalina.Server logJVM
INFO : Java Home:		C:\Program Files\Java\jdk1.8.0_251\jre
02 22, 2022 19:10:52 下午 cn.how2j.diytomcat.catalina.Server logJVM
INFO : JVM Version:		1.8.0_251-b08
02 22, 2022 19:10:52 下午 cn.how2j.diytomcat.catalina.Server logJVM
INFO : JVM Vendor:		Oracle Corporation
02 22, 2022 19:10:52 下午 cn.how2j.diytomcat.catalina.Connector init
INFO : Initializing ProtocolHandler [http-bio-18080]
02 22, 2022 19:10:52 下午 cn.how2j.diytomcat.catalina.Connector init
INFO : Initializing ProtocolHandler [http-bio-18081]
02 22, 2022 19:10:52 下午 cn.how2j.diytomcat.catalina.Connector init
INFO : Initializing ProtocolHandler [http-bio-18082]
02 22, 2022 19:10:52 下午 cn.how2j.diytomcat.catalina.Service init
INFO : Initialization processed in 1 ms
02 22, 2022 19:10:52 下午 cn.how2j.diytomcat.catalina.Connector start
INFO : Starting ProtocolHandler [http-bio-18080]
02 22, 2022 19:10:52 下午 cn.how2j.diytomcat.catalina.Connector start
INFO : Starting ProtocolHandler [http-bio-18081]
02 22, 2022 19:10:52 下午 cn.how2j.diytomcat.catalina.Connector start
INFO : Starting ProtocolHandler [http-bio-18082]
02 22, 2022 19:10:52 下午 cn.how2j.diytomcat.catalina.Server start
INFO : Server startup in 7 ms
02 22, 2022 19:24:56 下午 cn.how2j.diytomcat.watcher.ContextFileChangeWatcher$1 dealWith
INFO : cn.how2j.diytomcat.watcher.ContextFileChangeWatcher@502802a9 检测到了Web应用下的重要文件变化 web.xml 
02 22, 2022 19:24:56 下午 cn.how2j.diytomcat.catalina.Host reload
INFO : Reloading Context with name [/javaweb] has started
02 22, 2022 19:24:56 下午 cn.how2j.diytomcat.catalina.Context <init>
INFO : Deploying web application directory d:/tq_project/javaweb/web
02 22, 2022 19:24:56 下午 cn.how2j.diytomcat.catalina.Context <init>
INFO : Deployment of web application directory d:/tq_project/javaweb/web has finished in 14 ms
02 22, 2022 19:24:56 下午 cn.how2j.diytomcat.catalina.Host reload
INFO : Reloading Context with name [/javaweb] has completed
02 22, 2022 19:29:09 下午 cn.how2j.diytomcat.watcher.ContextFileChangeWatcher$1 dealWith
INFO : cn.how2j.diytomcat.watcher.ContextFileChangeWatcher@1bac97d5 检测到了Web应用下的重要文件变化 web.xml 
02 22, 2022 19:29:09 下午 cn.how2j.diytomcat.catalina.Host reload
INFO : Reloading Context with name [/javaweb] has started
02 22, 2022 19:29:09 下午 cn.how2j.diytomcat.catalina.Context <init>
INFO : Deploying web application directory d:/tq_project/javaweb/web
02 22, 2022 19:29:09 下午 cn.how2j.diytomcat.catalina.Context <init>
INFO : Deployment of web application directory d:/tq_project/javaweb/web has finished in 10 ms
02 22, 2022 19:29:09 下午 cn.how2j.diytomcat.catalina.Host reload
INFO : Reloading Context with name [/javaweb] has completed
02 22, 2022 19:30:45 下午 cn.how2j.diytomcat.catalina.Context <init>
INFO : Deploying web application directory D:\tq_project\diytomcat\webapps\a
02 22, 2022 19:30:45 下午 cn.how2j.diytomcat.catalina.Context <init>
INFO : Deployment of web application directory D:\tq_project\diytomcat\webapps\a has finished in 143 ms
02 22, 2022 19:30:45 下午 cn.how2j.diytomcat.catalina.Context <init>
INFO : Deploying web application directory D:\tq_project\diytomcat\webapps\j2ee
02 22, 2022 19:30:45 下午 cn.how2j.diytomcat.catalina.Context <init>
INFO : Deployment of web application directory D:\tq_project\diytomcat\webapps\j2ee has finished in 5 ms
02 22, 2022 19:30:45 下午 cn.how2j.diytomcat.catalina.Context <init>
INFO : Deploying web application directory D:\tq_project\diytomcat\webapps\ROOT
02 22, 2022 19:30:45 下午 cn.how2j.diytomcat.catalina.Context <init>
INFO : Deployment of web application directory D:\tq_project\diytomcat\webapps\ROOT has finished in 3 ms
02 22, 2022 19:30:45 下午 cn.how2j.diytomcat.catalina.Context <init>
INFO : Deploying web application directory d:/tq_project/diytomcat/b
02 22, 2022 19:30:45 下午 cn.how2j.diytomcat.catalina.Context <init>
INFO : Deployment of web application directory d:/tq_project/diytomcat/b has finished in 2 ms
02 22, 2022 19:30:45 下午 cn.how2j.diytomcat.catalina.Context <init>
INFO : Deploying web application directory d:/tq_project/javaweb/web
02 22, 2022 19:30:45 下午 cn.how2j.diytomcat.catalina.Context <init>
INFO : Deployment of web application directory d:/tq_project/javaweb/web has finished in 19 ms
02 22, 2022 19:30:45 下午 cn.how2j.diytomcat.catalina.Server logJVM
INFO : Server version:		How2J DiyTomcat/1.0.1
02 22, 2022 19:30:45 下午 cn.how2j.diytomcat.catalina.Server logJVM
INFO : Server built:		2020-04-08 10:20:22
02 22, 2022 19:30:45 下午 cn.how2j.diytomcat.catalina.Server logJVM
INFO : Server number:		1.0.1
02 22, 2022 19:30:45 下午 cn.how2j.diytomcat.catalina.Server logJVM
INFO : OS Name	:		Windows 10
02 22, 2022 19:30:45 下午 cn.how2j.diytomcat.catalina.Server logJVM
INFO : OS Version:		10.0
02 22, 2022 19:30:45 下午 cn.how2j.diytomcat.catalina.Server logJVM
INFO : Architecture:		amd64
02 22, 2022 19:30:45 下午 cn.how2j.diytomcat.catalina.Server logJVM
INFO : Java Home:		C:\Program Files\Java\jdk1.8.0_251\jre
02 22, 2022 19:30:45 下午 cn.how2j.diytomcat.catalina.Server logJVM
INFO : JVM Version:		1.8.0_251-b08
02 22, 2022 19:30:45 下午 cn.how2j.diytomcat.catalina.Server logJVM
INFO : JVM Vendor:		Oracle Corporation
02 22, 2022 19:30:45 下午 cn.how2j.diytomcat.catalina.Connector init
INFO : Initializing ProtocolHandler [http-bio-18080]
02 22, 2022 19:30:45 下午 cn.how2j.diytomcat.catalina.Connector init
INFO : Initializing ProtocolHandler [http-bio-18081]
02 22, 2022 19:30:45 下午 cn.how2j.diytomcat.catalina.Connector init
INFO : Initializing ProtocolHandler [http-bio-18082]
02 22, 2022 19:30:45 下午 cn.how2j.diytomcat.catalina.Service init
INFO : Initialization processed in 1 ms
02 22, 2022 19:30:45 下午 cn.how2j.diytomcat.catalina.Connector start
INFO : Starting ProtocolHandler [http-bio-18080]
02 22, 2022 19:30:45 下午 cn.how2j.diytomcat.catalina.Connector start
INFO : Starting ProtocolHandler [http-bio-18081]
02 22, 2022 19:30:45 下午 cn.how2j.diytomcat.catalina.Connector start
INFO : Starting ProtocolHandler [http-bio-18082]
02 22, 2022 19:30:45 下午 cn.how2j.diytomcat.catalina.Server start
INFO : Server startup in 6 ms
02 22, 2022 19:30:55 下午 cn.how2j.diytomcat.watcher.ContextFileChangeWatcher$1 dealWith
INFO : cn.how2j.diytomcat.watcher.ContextFileChangeWatcher@8b4481a 检测到了Web应用下的重要文件变化 GetCookieServlet.class 
02 22, 2022 19:30:55 下午 cn.how2j.diytomcat.catalina.Host reload
INFO : Reloading Context with name [/javaweb] has started
02 22, 2022 19:30:55 下午 cn.how2j.diytomcat.catalina.Context <init>
INFO : Deploying web application directory d:/tq_project/javaweb/web
02 22, 2022 19:30:55 下午 cn.how2j.diytomcat.catalina.Context <init>
INFO : Deployment of web application directory d:/tq_project/javaweb/web has finished in 10 ms
02 22, 2022 19:30:55 下午 cn.how2j.diytomcat.catalina.Host reload
INFO : Reloading Context with name [/javaweb] has completed
02 22, 2022 20:58:04 下午 cn.how2j.diytomcat.watcher.ContextFileChangeWatcher$1 dealWith
INFO : cn.how2j.diytomcat.watcher.ContextFileChangeWatcher@7eff2e9d 检测到了Web应用下的重要文件变化 web.xml 
02 22, 2022 20:58:04 下午 cn.how2j.diytomcat.catalina.Host reload
INFO : Reloading Context with name [/javaweb] has started
02 22, 2022 20:58:04 下午 cn.how2j.diytomcat.catalina.Context <init>
INFO : Deploying web application directory d:/tq_project/javaweb/web
02 22, 2022 20:58:04 下午 cn.how2j.diytomcat.catalina.Context <init>
INFO : Deployment of web application directory d:/tq_project/javaweb/web has finished in 15 ms
02 22, 2022 20:58:04 下午 cn.how2j.diytomcat.catalina.Host reload
INFO : Reloading Context with name [/javaweb] has completed
02 22, 2022 20:59:04 下午 cn.how2j.diytomcat.catalina.Context <init>
INFO : Deploying web application directory D:\tq_project\diytomcat\webapps\a
02 22, 2022 20:59:04 下午 cn.how2j.diytomcat.catalina.Context <init>
INFO : Deployment of web application directory D:\tq_project\diytomcat\webapps\a has finished in 114 ms
02 22, 2022 20:59:04 下午 cn.how2j.diytomcat.catalina.Context <init>
INFO : Deploying web application directory D:\tq_project\diytomcat\webapps\j2ee
02 22, 2022 20:59:04 下午 cn.how2j.diytomcat.catalina.Context <init>
INFO : Deployment of web application directory D:\tq_project\diytomcat\webapps\j2ee has finished in 5 ms
02 22, 2022 20:59:04 下午 cn.how2j.diytomcat.catalina.Context <init>
INFO : Deploying web application directory D:\tq_project\diytomcat\webapps\ROOT
02 22, 2022 20:59:04 下午 cn.how2j.diytomcat.catalina.Context <init>
INFO : Deployment of web application directory D:\tq_project\diytomcat\webapps\ROOT has finished in 2 ms
02 22, 2022 20:59:04 下午 cn.how2j.diytomcat.catalina.Context <init>
INFO : Deploying web application directory d:/tq_project/diytomcat/b
02 22, 2022 20:59:04 下午 cn.how2j.diytomcat.catalina.Context <init>
INFO : Deployment of web application directory d:/tq_project/diytomcat/b has finished in 1 ms
02 22, 2022 20:59:04 下午 cn.how2j.diytomcat.catalina.Context <init>
INFO : Deploying web application directory d:/tq_project/javaweb/web
02 22, 2022 20:59:04 下午 cn.how2j.diytomcat.catalina.Context <init>
INFO : Deployment of web application directory d:/tq_project/javaweb/web has finished in 16 ms
02 22, 2022 20:59:04 下午 cn.how2j.diytomcat.catalina.Server logJVM
INFO : Server version:		How2J DiyTomcat/1.0.1
02 22, 2022 20:59:04 下午 cn.how2j.diytomcat.catalina.Server logJVM
INFO : Server built:		2020-04-08 10:20:22
02 22, 2022 20:59:04 下午 cn.how2j.diytomcat.catalina.Server logJVM
INFO : Server number:		1.0.1
02 22, 2022 20:59:04 下午 cn.how2j.diytomcat.catalina.Server logJVM
INFO : OS Name	:		Windows 10
02 22, 2022 20:59:04 下午 cn.how2j.diytomcat.catalina.Server logJVM
INFO : OS Version:		10.0
02 22, 2022 20:59:04 下午 cn.how2j.diytomcat.catalina.Server logJVM
INFO : Architecture:		amd64
02 22, 2022 20:59:04 下午 cn.how2j.diytomcat.catalina.Server logJVM
INFO : Java Home:		C:\Program Files\Java\jdk1.8.0_251\jre
02 22, 2022 20:59:04 下午 cn.how2j.diytomcat.catalina.Server logJVM
INFO : JVM Version:		1.8.0_251-b08
02 22, 2022 20:59:04 下午 cn.how2j.diytomcat.catalina.Server logJVM
INFO : JVM Vendor:		Oracle Corporation
02 22, 2022 20:59:04 下午 cn.how2j.diytomcat.catalina.Connector init
INFO : Initializing ProtocolHandler [http-bio-18080]
02 22, 2022 20:59:04 下午 cn.how2j.diytomcat.catalina.Connector init
INFO : Initializing ProtocolHandler [http-bio-18081]
02 22, 2022 20:59:04 下午 cn.how2j.diytomcat.catalina.Connector init
INFO : Initializing ProtocolHandler [http-bio-18082]
02 22, 2022 20:59:04 下午 cn.how2j.diytomcat.catalina.Service init
INFO : Initialization processed in 1 ms
02 22, 2022 20:59:04 下午 cn.how2j.diytomcat.catalina.Connector start
INFO : Starting ProtocolHandler [http-bio-18080]
02 22, 2022 20:59:04 下午 cn.how2j.diytomcat.catalina.Connector start
INFO : Starting ProtocolHandler [http-bio-18081]
02 22, 2022 20:59:04 下午 cn.how2j.diytomcat.catalina.Connector start
INFO : Starting ProtocolHandler [http-bio-18082]
02 22, 2022 20:59:04 下午 cn.how2j.diytomcat.catalina.Server start
INFO : Server startup in 6 ms
02 22, 2022 20:59:26 下午 cn.how2j.diytomcat.watcher.ContextFileChangeWatcher$1 dealWith
INFO : cn.how2j.diytomcat.watcher.ContextFileChangeWatcher@502802a9 检测到了Web应用下的重要文件变化 GetSessionServlet.class 
02 22, 2022 20:59:26 下午 cn.how2j.diytomcat.catalina.Host reload
INFO : Reloading Context with name [/javaweb] has started
02 22, 2022 20:59:26 下午 cn.how2j.diytomcat.catalina.Context <init>
INFO : Deploying web application directory d:/tq_project/javaweb/web
02 22, 2022 20:59:26 下午 cn.how2j.diytomcat.catalina.Context <init>
INFO : Deployment of web application directory d:/tq_project/javaweb/web has finished in 8 ms
02 22, 2022 20:59:26 下午 cn.how2j.diytomcat.catalina.Host reload
INFO : Reloading Context with name [/javaweb] has completed
02 22, 2022 20:59:35 下午 cn.how2j.diytomcat.catalina.Context <init>
INFO : Deploying web application directory D:\tq_project\diytomcat\webapps\a
02 22, 2022 20:59:35 下午 cn.how2j.diytomcat.catalina.Context <init>
INFO : Deployment of web application directory D:\tq_project\diytomcat\webapps\a has finished in 116 ms
02 22, 2022 20:59:35 下午 cn.how2j.diytomcat.catalina.Context <init>
INFO : Deploying web application directory D:\tq_project\diytomcat\webapps\j2ee
02 22, 2022 20:59:35 下午 cn.how2j.diytomcat.catalina.Context <init>
INFO : Deployment of web application directory D:\tq_project\diytomcat\webapps\j2ee has finished in 6 ms
02 22, 2022 20:59:35 下午 cn.how2j.diytomcat.catalina.Context <init>
INFO : Deploying web application directory D:\tq_project\diytomcat\webapps\ROOT
02 22, 2022 20:59:35 下午 cn.how2j.diytomcat.catalina.Context <init>
INFO : Deployment of web application directory D:\tq_project\diytomcat\webapps\ROOT has finished in 2 ms
02 22, 2022 20:59:35 下午 cn.how2j.diytomcat.catalina.Context <init>
INFO : Deploying web application directory d:/tq_project/diytomcat/b
02 22, 2022 20:59:35 下午 cn.how2j.diytomcat.catalina.Context <init>
INFO : Deployment of web application directory d:/tq_project/diytomcat/b has finished in 1 ms
02 22, 2022 20:59:35 下午 cn.how2j.diytomcat.catalina.Context <init>
INFO : Deploying web application directory d:/tq_project/javaweb/web
02 22, 2022 20:59:35 下午 cn.how2j.diytomcat.catalina.Context <init>
INFO : Deployment of web application directory d:/tq_project/javaweb/web has finished in 18 ms
02 22, 2022 20:59:35 下午 cn.how2j.diytomcat.catalina.Server logJVM
INFO : Server version:		How2J DiyTomcat/1.0.1
02 22, 2022 20:59:35 下午 cn.how2j.diytomcat.catalina.Server logJVM
INFO : Server built:		2020-04-08 10:20:22
02 22, 2022 20:59:35 下午 cn.how2j.diytomcat.catalina.Server logJVM
INFO : Server number:		1.0.1
02 22, 2022 20:59:35 下午 cn.how2j.diytomcat.catalina.Server logJVM
INFO : OS Name	:		Windows 10
02 22, 2022 20:59:35 下午 cn.how2j.diytomcat.catalina.Server logJVM
INFO : OS Version:		10.0
02 22, 2022 20:59:35 下午 cn.how2j.diytomcat.catalina.Server logJVM
INFO : Architecture:		amd64
02 22, 2022 20:59:35 下午 cn.how2j.diytomcat.catalina.Server logJVM
INFO : Java Home:		C:\Program Files\Java\jdk1.8.0_251\jre
02 22, 2022 20:59:35 下午 cn.how2j.diytomcat.catalina.Server logJVM
INFO : JVM Version:		1.8.0_251-b08
02 22, 2022 20:59:35 下午 cn.how2j.diytomcat.catalina.Server logJVM
INFO : JVM Vendor:		Oracle Corporation
02 22, 2022 20:59:35 下午 cn.how2j.diytomcat.catalina.Connector init
INFO : Initializing ProtocolHandler [http-bio-18080]
02 22, 2022 20:59:35 下午 cn.how2j.diytomcat.catalina.Connector init
INFO : Initializing ProtocolHandler [http-bio-18081]
02 22, 2022 20:59:35 下午 cn.how2j.diytomcat.catalina.Connector init
INFO : Initializing ProtocolHandler [http-bio-18082]
02 22, 2022 20:59:35 下午 cn.how2j.diytomcat.catalina.Service init
INFO : Initialization processed in 1 ms
02 22, 2022 20:59:35 下午 cn.how2j.diytomcat.catalina.Connector start
INFO : Starting ProtocolHandler [http-bio-18080]
02 22, 2022 20:59:35 下午 cn.how2j.diytomcat.catalina.Connector start
INFO : Starting ProtocolHandler [http-bio-18081]
02 22, 2022 20:59:35 下午 cn.how2j.diytomcat.catalina.Connector start
INFO : Starting ProtocolHandler [http-bio-18082]
02 22, 2022 20:59:35 下午 cn.how2j.diytomcat.catalina.Server start
INFO : Server startup in 8 ms
02 22, 2022 23:31:07 下午 cn.how2j.diytomcat.catalina.Context <init>
INFO : Deploying web application directory D:\tq_project\diytomcat\webapps\a
02 22, 2022 23:31:07 下午 cn.how2j.diytomcat.catalina.Context <init>
INFO : Deployment of web application directory D:\tq_project\diytomcat\webapps\a has finished in 110 ms
02 22, 2022 23:31:07 下午 cn.how2j.diytomcat.catalina.Context <init>
INFO : Deploying web application directory D:\tq_project\diytomcat\webapps\j2ee
02 22, 2022 23:31:07 下午 cn.how2j.diytomcat.catalina.Context <init>
INFO : Deployment of web application directory D:\tq_project\diytomcat\webapps\j2ee has finished in 5 ms
02 22, 2022 23:31:07 下午 cn.how2j.diytomcat.catalina.Context <init>
INFO : Deploying web application directory D:\tq_project\diytomcat\webapps\ROOT
02 22, 2022 23:31:07 下午 cn.how2j.diytomcat.catalina.Context <init>
INFO : Deployment of web application directory D:\tq_project\diytomcat\webapps\ROOT has finished in 2 ms
02 22, 2022 23:31:07 下午 cn.how2j.diytomcat.catalina.Context <init>
INFO : Deploying web application directory d:/tq_project/diytomcat/b
02 22, 2022 23:31:07 下午 cn.how2j.diytomcat.catalina.Context <init>
INFO : Deployment of web application directory d:/tq_project/diytomcat/b has finished in 1 ms
02 22, 2022 23:31:07 下午 cn.how2j.diytomcat.catalina.Context <init>
INFO : Deploying web application directory d:/tq_project/javaweb/web
02 22, 2022 23:31:07 下午 cn.how2j.diytomcat.catalina.Context <init>
INFO : Deployment of web application directory d:/tq_project/javaweb/web has finished in 17 ms
02 22, 2022 23:31:07 下午 cn.how2j.diytomcat.catalina.Server logJVM
INFO : Server version:		How2J DiyTomcat/1.0.1
02 22, 2022 23:31:07 下午 cn.how2j.diytomcat.catalina.Server logJVM
INFO : Server built:		2020-04-08 10:20:22
02 22, 2022 23:31:07 下午 cn.how2j.diytomcat.catalina.Server logJVM
INFO : Server number:		1.0.1
02 22, 2022 23:31:07 下午 cn.how2j.diytomcat.catalina.Server logJVM
INFO : OS Name	:		Windows 10
02 22, 2022 23:31:07 下午 cn.how2j.diytomcat.catalina.Server logJVM
INFO : OS Version:		10.0
02 22, 2022 23:31:07 下午 cn.how2j.diytomcat.catalina.Server logJVM
INFO : Architecture:		amd64
02 22, 2022 23:31:07 下午 cn.how2j.diytomcat.catalina.Server logJVM
INFO : Java Home:		C:\Program Files\Java\jdk1.8.0_251\jre
02 22, 2022 23:31:07 下午 cn.how2j.diytomcat.catalina.Server logJVM
INFO : JVM Version:		1.8.0_251-b08
02 22, 2022 23:31:07 下午 cn.how2j.diytomcat.catalina.Server logJVM
INFO : JVM Vendor:		Oracle Corporation
02 22, 2022 23:31:07 下午 cn.how2j.diytomcat.catalina.Connector init
INFO : Initializing ProtocolHandler [http-bio-18080]
02 22, 2022 23:31:07 下午 cn.how2j.diytomcat.catalina.Connector init
INFO : Initializing ProtocolHandler [http-bio-18081]
02 22, 2022 23:31:07 下午 cn.how2j.diytomcat.catalina.Connector init
INFO : Initializing ProtocolHandler [http-bio-18082]
02 22, 2022 23:31:07 下午 cn.how2j.diytomcat.catalina.Service init
INFO : Initialization processed in 2 ms
02 22, 2022 23:31:07 下午 cn.how2j.diytomcat.catalina.Connector start
INFO : Starting ProtocolHandler [http-bio-18080]
02 22, 2022 23:31:07 下午 cn.how2j.diytomcat.catalina.Connector start
INFO : Starting ProtocolHandler [http-bio-18081]
02 22, 2022 23:31:07 下午 cn.how2j.diytomcat.catalina.Connector start
INFO : Starting ProtocolHandler [http-bio-18082]
02 22, 2022 23:31:07 下午 cn.how2j.diytomcat.catalina.Server start
INFO : Server startup in 9 ms
02 22, 2022 23:38:21 下午 cn.how2j.diytomcat.catalina.Context <init>
INFO : Deploying web application directory D:\tq_project\diytomcat\webapps\a
02 22, 2022 23:38:21 下午 cn.how2j.diytomcat.catalina.Context <init>
INFO : Deployment of web application directory D:\tq_project\diytomcat\webapps\a has finished in 115 ms
02 22, 2022 23:38:21 下午 cn.how2j.diytomcat.catalina.Context <init>
INFO : Deploying web application directory D:\tq_project\diytomcat\webapps\j2ee
02 22, 2022 23:38:21 下午 cn.how2j.diytomcat.catalina.Context <init>
INFO : Deployment of web application directory D:\tq_project\diytomcat\webapps\j2ee has finished in 5 ms
02 22, 2022 23:38:21 下午 cn.how2j.diytomcat.catalina.Context <init>
INFO : Deploying web application directory D:\tq_project\diytomcat\webapps\ROOT
02 22, 2022 23:38:21 下午 cn.how2j.diytomcat.catalina.Context <init>
INFO : Deployment of web application directory D:\tq_project\diytomcat\webapps\ROOT has finished in 2 ms
02 22, 2022 23:38:21 下午 cn.how2j.diytomcat.catalina.Context <init>
INFO : Deploying web application directory d:/tq_project/diytomcat/b
02 22, 2022 23:38:21 下午 cn.how2j.diytomcat.catalina.Context <init>
INFO : Deployment of web application directory d:/tq_project/diytomcat/b has finished in 1 ms
02 22, 2022 23:38:21 下午 cn.how2j.diytomcat.catalina.Context <init>
INFO : Deploying web application directory d:/tq_project/javaweb/web
02 22, 2022 23:38:21 下午 cn.how2j.diytomcat.catalina.Context <init>
INFO : Deployment of web application directory d:/tq_project/javaweb/web has finished in 21 ms
02 22, 2022 23:38:21 下午 cn.how2j.diytomcat.catalina.Server logJVM
INFO : Server version:		How2J DiyTomcat/1.0.1
02 22, 2022 23:38:21 下午 cn.how2j.diytomcat.catalina.Server logJVM
INFO : Server built:		2020-04-08 10:20:22
02 22, 2022 23:38:21 下午 cn.how2j.diytomcat.catalina.Server logJVM
INFO : Server number:		1.0.1
02 22, 2022 23:38:21 下午 cn.how2j.diytomcat.catalina.Server logJVM
INFO : OS Name	:		Windows 10
02 22, 2022 23:38:21 下午 cn.how2j.diytomcat.catalina.Server logJVM
INFO : OS Version:		10.0
02 22, 2022 23:38:21 下午 cn.how2j.diytomcat.catalina.Server logJVM
INFO : Architecture:		amd64
02 22, 2022 23:38:21 下午 cn.how2j.diytomcat.catalina.Server logJVM
INFO : Java Home:		C:\Program Files\Java\jdk1.8.0_251\jre
02 22, 2022 23:38:21 下午 cn.how2j.diytomcat.catalina.Server logJVM
INFO : JVM Version:		1.8.0_251-b08
02 22, 2022 23:38:21 下午 cn.how2j.diytomcat.catalina.Server logJVM
INFO : JVM Vendor:		Oracle Corporation
02 22, 2022 23:38:21 下午 cn.how2j.diytomcat.catalina.Connector init
INFO : Initializing ProtocolHandler [http-bio-18080]
02 22, 2022 23:38:21 下午 cn.how2j.diytomcat.catalina.Connector init
INFO : Initializing ProtocolHandler [http-bio-18081]
02 22, 2022 23:38:21 下午 cn.how2j.diytomcat.catalina.Connector init
INFO : Initializing ProtocolHandler [http-bio-18082]
02 22, 2022 23:38:21 下午 cn.how2j.diytomcat.catalina.Service init
INFO : Initialization processed in 1 ms
02 22, 2022 23:38:21 下午 cn.how2j.diytomcat.catalina.Connector start
INFO : Starting ProtocolHandler [http-bio-18080]
02 22, 2022 23:38:21 下午 cn.how2j.diytomcat.catalina.Connector start
INFO : Starting ProtocolHandler [http-bio-18081]
02 22, 2022 23:38:21 下午 cn.how2j.diytomcat.catalina.Connector start
INFO : Starting ProtocolHandler [http-bio-18082]
02 22, 2022 23:38:21 下午 cn.how2j.diytomcat.catalina.Server start
INFO : Server startup in 6 ms
